#
# There is insufficient memory for the Java Runtime Environment to continue.
# Native memory allocation (malloc) failed to allocate 482080 bytes for Chunk::new
# Possible reasons:
#   The system is out of physical RAM or swap space
#   The process is running with CompressedOops enabled, and the Java Heap may be blocking the growth of the native heap
# Possible solutions:
#   Reduce memory load on the system
#   Increase physical memory or swap space
#   Check if swap backing store is full
#   Decrease Java heap size (-Xmx/-Xms)
#   Decrease number of Java threads
#   Decrease Java thread stack sizes (-Xss)
#   Set larger code cache with -XX:ReservedCodeCacheSize=
#   JVM is running with Unscaled Compressed Oops mode in which the Java heap is
#     placed in the first 4GB address space. The Java Heap base address is the
#     maximum limit for the native heap growth. Please use -XX:HeapBaseMinAddress
#     to set the Java Heap base and to place the Java Heap above 4GB virtual address.
# This output file may be truncated or incomplete.
#
#  Out of Memory Error (arena.cpp:189), pid=13396, tid=456
#
# JRE version: Java(TM) SE Runtime Environment (17.0.10+11) (build 17.0.10+11-LTS-240)
# Java VM: Java HotSpot(TM) 64-Bit Server VM (17.0.10+11-LTS-240, mixed mode, sharing, tiered, compressed oops, compressed class ptrs, g1 gc, windows-amd64)
# No core dump will be written. Minidumps are not enabled by default on client versions of Windows
#

---------------  S U M M A R Y ------------

Command Line: -XX:MaxMetaspaceSize=512m --add-opens=java.base/java.util=ALL-UNNAMED --add-opens=java.base/java.lang=ALL-UNNAMED --add-opens=java.base/java.lang.invoke=ALL-UNNAMED --add-opens=java.prefs/java.util.prefs=ALL-UNNAMED --add-opens=java.base/java.nio.charset=ALL-UNNAMED --add-opens=java.base/java.net=ALL-UNNAMED --add-opens=java.base/java.util.concurrent.atomic=ALL-UNNAMED -Xmx2048m -Dfile.encoding=utf8 -Duser.country=FR -Duser.language=fr -Duser.variant -javaagent:C:\Users\pc\gradle-8.5\bin\wrapper\dists\gradle-8.5-all\3zlzzgtsutfj0pbojr50n2l7z\gradle-8.5\lib\agents\gradle-instrumentation-agent-8.5.jar org.gradle.launcher.daemon.bootstrap.GradleDaemon 8.5

Host: 11th Gen Intel(R) Core(TM) i5-1135G7 @ 2.40GHz, 8 cores, 7G,  Windows 11 , 64 bit Build 22621 (10.0.22621.3672)
Time: Tue Jul 16 12:02:59 2024 Maroc (heure d64 bit Build 22621 (10.0.22621.3672) elapsed time: 127.331927 seconds (0d 0h 2m 7s)

---------------  T H R E A D  ---------------

Current thread (0x0000022aa6dd9d20):  JavaThread "C2 CompilerThread0" daemon [_thread_in_native, id=456, stack(0x000000ecaab00000,0x000000ecaac00000)]


Current CompileTask:
C2: 127332 10743       4       org.gradle.internal.instantiation.generator.AbstractClassGenerator$ClassMetadata::property (42 bytes)

Stack: [0x000000ecaab00000,0x000000ecaac00000]
Native frames: (J=compiled Java code, j=interpreted, Vv=VM code, C=native code)
V  [jvm.dll+0x677a5a]
V  [jvm.dll+0x7d8b2d]
V  [jvm.dll+0x7da48e]
V  [jvm.dll+0x7daaf3]
V  [jvm.dll+0x2455ff]
V  [jvm.dll+0xaaafb]
V  [jvm.dll+0xab09c]
V  [jvm.dll+0x361bae]
V  [jvm.dll+0x1bb3ca]
V  [jvm.dll+0x217aa7]
V  [jvm.dll+0x216d81]
V  [jvm.dll+0x1a3410]
V  [jvm.dll+0x226aeb]
V  [jvm.dll+0x224cab]
V  [jvm.dll+0x78e45c]
V  [jvm.dll+0x78888a]
V  [jvm.dll+0x676935]
C  [ucrtbase.dll+0x29333]
C  [KERNEL32.DLL+0x1257d]
C  [ntdll.dll+0x5af28]


---------------  P R O C E S S  ---------------

Threads class SMR info:
_java_thread_list=0x0000022ac97ca010, length=96, elements={
0x0000022a88be7920, 0x0000022aa6dbb0e0, 0x0000022aa6dbbca0, 0x0000022aa6dd3b00,
0x0000022aa6dd45d0, 0x0000022aa6dd5190, 0x0000022aa6dd8b70, 0x0000022aa6dd9d20,
0x0000022aa6dda7d0, 0x0000022aa6ddb1d0, 0x0000022aa6da8d30, 0x0000022ac618e880,
0x0000022ac8553d20, 0x0000022ac7327400, 0x0000022ac7740760, 0x0000022ac8551010,
0x0000022ac6ed1250, 0x0000022ac63f0510, 0x0000022ac63f2d90, 0x0000022ac63f37b0,
0x0000022ac63f32a0, 0x0000022ac63f1440, 0x0000022ac63f0a20, 0x0000022ac63f0f30,
0x0000022ac63f1950, 0x0000022ac63f2370, 0x0000022ac63f1e60, 0x0000022ac91e5680,
0x0000022ac91e5170, 0x0000022ac91e6fd0, 0x0000022ac91e4240, 0x0000022ac91e3d30,
0x0000022ac91e23e0, 0x0000022ac91e3820, 0x0000022ac91e60a0, 0x0000022ac91e5b90,
0x0000022ac91e0580, 0x0000022ac91e74e0, 0x0000022ac91e0070, 0x0000022ac91e4c60,
0x0000022ac91e65b0, 0x0000022ac91e4750, 0x0000022ac91e6ac0, 0x0000022ac91e28f0,
0x0000022ac91e79f0, 0x0000022ac91e0a90, 0x0000022ac91e0fa0, 0x0000022ac91e14b0,
0x0000022ac91e1ed0, 0x0000022ac91e2e00, 0x0000022ac9cb5d60, 0x0000022ac9cb4e30,
0x0000022ac9cb5340, 0x0000022ac9cb4920, 0x0000022ac9cb9000, 0x0000022ac9cb20a0,
0x0000022ac9cb34e0, 0x0000022ac9cb9510, 0x0000022ac9cb25b0, 0x0000022ac9cb7bc0,
0x0000022ac9cb39f0, 0x0000022ac9cb6780, 0x0000022ac9cb6270, 0x0000022ac9cb9a20,
0x0000022ac9cb71a0, 0x0000022ac9cb76b0, 0x0000022ac9cb80d0, 0x0000022ac9cb85e0,
0x0000022ac9cb8af0, 0x0000022ac9cb2ac0, 0x0000022ac9cb3f00, 0x0000022ac9acf8e0,
0x0000022ac9acda80, 0x0000022ac9acf3d0, 0x0000022ac9ad0300, 0x0000022ac9acfdf0,
0x0000022ac9acd060, 0x0000022ac9acd570, 0x0000022ac9acdf90, 0x0000022ac9ace4a0,
0x0000022ac9ace9b0, 0x0000022ac9aceec0, 0x0000022ac87579b0, 0x0000022ac875cfc0,
0x0000022ac875a740, 0x0000022ac8756570, 0x0000022ac875c5a0, 0x0000022ac875def0,
0x0000022ac8756a80, 0x0000022ac875b670, 0x0000022ac875ac50, 0x0000022ac875bb80,
0x0000022ac87583d0, 0x0000022ac8759300, 0x0000022ac8757ec0, 0x0000022ac875b160
}

Java Threads: ( => current thread )
  0x0000022a88be7920 JavaThread "main" [_thread_blocked, id=24224, stack(0x000000eca9e00000,0x000000eca9f00000)]
  0x0000022aa6dbb0e0 JavaThread "Reference Handler" daemon [_thread_blocked, id=14484, stack(0x000000ecaa500000,0x000000ecaa600000)]
  0x0000022aa6dbbca0 JavaThread "Finalizer" daemon [_thread_blocked, id=6304, stack(0x000000ecaa600000,0x000000ecaa700000)]
  0x0000022aa6dd3b00 JavaThread "Signal Dispatcher" daemon [_thread_blocked, id=1676, stack(0x000000ecaa700000,0x000000ecaa800000)]
  0x0000022aa6dd45d0 JavaThread "Attach Listener" daemon [_thread_blocked, id=12572, stack(0x000000ecaa800000,0x000000ecaa900000)]
  0x0000022aa6dd5190 JavaThread "Service Thread" daemon [_thread_blocked, id=25604, stack(0x000000ecaa900000,0x000000ecaaa00000)]
  0x0000022aa6dd8b70 JavaThread "Monitor Deflation Thread" daemon [_thread_blocked, id=19388, stack(0x000000ecaaa00000,0x000000ecaab00000)]
=>0x0000022aa6dd9d20 JavaThread "C2 CompilerThread0" daemon [_thread_in_native, id=456, stack(0x000000ecaab00000,0x000000ecaac00000)]
  0x0000022aa6dda7d0 JavaThread "C1 CompilerThread0" daemon [_thread_blocked, id=12212, stack(0x000000ecaac00000,0x000000ecaad00000)]
  0x0000022aa6ddb1d0 JavaThread "Sweeper thread" daemon [_thread_blocked, id=24656, stack(0x000000ecaad00000,0x000000ecaae00000)]
  0x0000022aa6da8d30 JavaThread "Common-Cleaner" daemon [_thread_blocked, id=14380, stack(0x000000ecaae00000,0x000000ecaaf00000)]
  0x0000022ac618e880 JavaThread "Notification Thread" daemon [_thread_blocked, id=7212, stack(0x000000ecaaf00000,0x000000ecab000000)]
  0x0000022ac8553d20 JavaThread "Daemon health stats" [_thread_blocked, id=25712, stack(0x000000ecab600000,0x000000ecab700000)]
  0x0000022ac7327400 JavaThread "Incoming local TCP Connector on port 58815" [_thread_in_native, id=25560, stack(0x000000ecab500000,0x000000ecab600000)]
  0x0000022ac7740760 JavaThread "Daemon periodic checks" [_thread_blocked, id=24096, stack(0x000000ecab700000,0x000000ecab800000)]
  0x0000022ac8551010 JavaThread "Daemon" [_thread_blocked, id=23376, stack(0x000000ecab800000,0x000000ecab900000)]
  0x0000022ac6ed1250 JavaThread "Handler for socket connection from /127.0.0.1:58815 to /127.0.0.1:58817" [_thread_in_native, id=14196, stack(0x000000ecab900000,0x000000ecaba00000)]
  0x0000022ac63f0510 JavaThread "Cancel handler" [_thread_blocked, id=2212, stack(0x000000ecaba00000,0x000000ecabb00000)]
  0x0000022ac63f2d90 JavaThread "Daemon worker" [_thread_blocked, id=25280, stack(0x000000ecabb00000,0x000000ecabc00000)]
  0x0000022ac63f37b0 JavaThread "Asynchronous log dispatcher for DefaultDaemonConnection: socket connection from /127.0.0.1:58815 to /127.0.0.1:58817" [_thread_blocked, id=13696, stack(0x000000ecabc00000,0x000000ecabd00000)]
  0x0000022ac63f32a0 JavaThread "Daemon client event forwarder" [_thread_blocked, id=20824, stack(0x000000ecabe00000,0x000000ecabf00000)]
  0x0000022ac63f1440 JavaThread "Cache worker for journal cache (C:\Users\pc\gradle-8.5\bin\caches\journal-1)" [_thread_blocked, id=25496, stack(0x000000ecabf00000,0x000000ecac000000)]
  0x0000022ac63f0a20 JavaThread "File lock request listener" [_thread_in_native, id=15544, stack(0x000000ecac000000,0x000000ecac100000)]
  0x0000022ac63f0f30 JavaThread "Cache worker for file hash cache (C:\Users\pc\gradle-8.5\bin\caches\8.5\fileHashes)" [_thread_blocked, id=8796, stack(0x000000ecac400000,0x000000ecac500000)]
  0x0000022ac63f1950 JavaThread "File watcher server" daemon [_thread_in_native, id=14096, stack(0x000000ecac500000,0x000000ecac600000)]
  0x0000022ac63f2370 JavaThread "File watcher consumer" daemon [_thread_blocked, id=13744, stack(0x000000ecac600000,0x000000ecac700000)]
  0x0000022ac63f1e60 JavaThread "Cache worker for checksums cache (C:\Users\pc\AgendACDR\android\.gradle\8.5\checksums)" [_thread_blocked, id=22052, stack(0x000000ecac800000,0x000000ecac900000)]
  0x0000022ac91e5680 JavaThread "Cache worker for file hash cache (C:\Users\pc\AgendACDR\android\.gradle\8.5\fileHashes)" [_thread_blocked, id=22804, stack(0x000000ecac900000,0x000000ecaca00000)]
  0x0000022ac91e5170 JavaThread "Cache worker for cache directory md-supplier (C:\Users\pc\gradle-8.5\bin\caches\8.5\md-supplier)" [_thread_blocked, id=26348, stack(0x000000ecaca00000,0x000000ecacb00000)]
  0x0000022ac91e6fd0 JavaThread "Cache worker for cache directory md-rule (C:\Users\pc\gradle-8.5\bin\caches\8.5\md-rule)" [_thread_blocked, id=25216, stack(0x000000ecacb00000,0x000000ecacc00000)]
  0x0000022ac91e4240 JavaThread "Cache worker for file content cache (C:\Users\pc\gradle-8.5\bin\caches\8.5\fileContent)" [_thread_blocked, id=25936, stack(0x000000ecacc00000,0x000000ecacd00000)]
  0x0000022ac91e3d30 JavaThread "Cache worker for execution history cache (C:\Users\pc\gradle-8.5\bin\caches\8.5\executionHistory)" [_thread_blocked, id=14872, stack(0x000000ecacd00000,0x000000ecace00000)]
  0x0000022ac91e23e0 JavaThread "jar transforms" [_thread_blocked, id=10348, stack(0x000000ecace00000,0x000000ecacf00000)]
  0x0000022ac91e3820 JavaThread "jar transforms Thread 2" [_thread_blocked, id=13532, stack(0x000000ecacf00000,0x000000ecad000000)]
  0x0000022ac91e60a0 JavaThread "jar transforms Thread 3" [_thread_blocked, id=24660, stack(0x000000ecad100000,0x000000ecad200000)]
  0x0000022ac91e5b90 JavaThread "jar transforms Thread 4" [_thread_blocked, id=21352, stack(0x000000ecad200000,0x000000ecad300000)]
  0x0000022ac91e0580 JavaThread "jar transforms Thread 5" [_thread_blocked, id=20688, stack(0x000000ecad300000,0x000000ecad400000)]
  0x0000022ac91e74e0 JavaThread "jar transforms Thread 6" [_thread_blocked, id=20140, stack(0x000000ecad400000,0x000000ecad500000)]
  0x0000022ac91e0070 JavaThread "Exec process" [_thread_blocked, id=23220, stack(0x000000ecad500000,0x000000ecad600000)]
  0x0000022ac91e4c60 JavaThread "Exec process Thread 2" [_thread_blocked, id=22448, stack(0x000000ecad600000,0x000000ecad700000)]
  0x0000022ac91e65b0 JavaThread "Exec process Thread 3" [_thread_blocked, id=24908, stack(0x000000ecad700000,0x000000ecad800000)]
  0x0000022ac91e4750 JavaThread "Cache worker for kotlin-dsl (C:\Users\pc\gradle-8.5\bin\caches\8.5\kotlin-dsl)" [_thread_blocked, id=20428, stack(0x000000ecad800000,0x000000ecad900000)]
  0x0000022ac91e6ac0 JavaThread "jar transforms Thread 7" [_thread_blocked, id=23668, stack(0x000000ecad900000,0x000000ecada00000)]
  0x0000022ac91e28f0 JavaThread "jar transforms Thread 8" [_thread_blocked, id=24988, stack(0x000000ecada00000,0x000000ecadb00000)]
  0x0000022ac91e79f0 JavaThread "Unconstrained build operations" [_thread_blocked, id=22072, stack(0x000000ecadb00000,0x000000ecadc00000)]
  0x0000022ac91e0a90 JavaThread "Unconstrained build operations Thread 2" [_thread_blocked, id=21580, stack(0x000000ecadc00000,0x000000ecadd00000)]
  0x0000022ac91e0fa0 JavaThread "Cache worker for dependencies-accessors (C:\Users\pc\AgendACDR\android\.gradle\8.5\dependencies-accessors)" [_thread_blocked, id=3156, stack(0x000000ecadd00000,0x000000ecade00000)]
  0x0000022ac91e14b0 JavaThread "Cache worker for Build Output Cleanup Cache (C:\Users\pc\AgendACDR\node_modules\@react-native\gradle-plugin\.gradle\buildOutputCleanup)" [_thread_blocked, id=13344, stack(0x000000ecade00000,0x000000ecadf00000)]
  0x0000022ac91e1ed0 JavaThread "Unconstrained build operations Thread 3" [_thread_blocked, id=17236, stack(0x000000ecadf00000,0x000000ecae000000)]
  0x0000022ac91e2e00 JavaThread "Unconstrained build operations Thread 4" [_thread_blocked, id=2680, stack(0x000000ecae000000,0x000000ecae100000)]
  0x0000022ac9cb5d60 JavaThread "Unconstrained build operations Thread 5" [_thread_blocked, id=17004, stack(0x000000ecae100000,0x000000ecae200000)]
  0x0000022ac9cb4e30 JavaThread "Unconstrained build operations Thread 6" [_thread_blocked, id=3260, stack(0x000000ecae200000,0x000000ecae300000)]
  0x0000022ac9cb5340 JavaThread "Unconstrained build operations Thread 7" [_thread_blocked, id=17084, stack(0x000000ecae300000,0x000000ecae400000)]
  0x0000022ac9cb4920 JavaThread "Unconstrained build operations Thread 8" [_thread_blocked, id=26176, stack(0x000000ecae400000,0x000000ecae500000)]
  0x0000022ac9cb9000 JavaThread "Unconstrained build operations Thread 9" [_thread_blocked, id=20932, stack(0x000000ecae500000,0x000000ecae600000)]
  0x0000022ac9cb20a0 JavaThread "build event listener" [_thread_blocked, id=25552, stack(0x000000ecae600000,0x000000ecae700000)]
  0x0000022ac9cb34e0 JavaThread "Memory manager" [_thread_blocked, id=14532, stack(0x000000ecae700000,0x000000ecae800000)]
  0x0000022ac9cb9510 JavaThread "Cache worker for Build Output Cleanup Cache (C:\Users\pc\AgendACDR\android\.gradle\buildOutputCleanup)" [_thread_blocked, id=22180, stack(0x000000ecae900000,0x000000ecaea00000)]
  0x0000022ac9cb25b0 JavaThread "ForkJoinPool.commonPool-worker-1" daemon [_thread_blocked, id=22008, stack(0x000000ecaeb00000,0x000000ecaec00000)]
  0x0000022ac9cb7bc0 JavaThread "ForkJoinPool.commonPool-worker-3" daemon [_thread_blocked, id=25912, stack(0x000000ecaed00000,0x000000ecaee00000)]
  0x0000022ac9cb39f0 JavaThread "ForkJoinPool.commonPool-worker-4" daemon [_thread_blocked, id=18008, stack(0x000000ecaee00000,0x000000ecaef00000)]
  0x0000022ac9cb6780 JavaThread "ForkJoinPool.commonPool-worker-6" daemon [_thread_blocked, id=8480, stack(0x000000ecaef00000,0x000000ecaf000000)]
  0x0000022ac9cb6270 JavaThread "ForkJoinPool.commonPool-worker-5" daemon [_thread_blocked, id=25660, stack(0x000000ecaf000000,0x000000ecaf100000)]
  0x0000022ac9cb9a20 JavaThread "ForkJoinPool.commonPool-worker-7" daemon [_thread_blocked, id=21424, stack(0x000000ecaf100000,0x000000ecaf200000)]
  0x0000022ac9cb71a0 JavaThread "Execution worker" [_thread_blocked, id=25048, stack(0x000000ecaf300000,0x000000ecaf400000)]
  0x0000022ac9cb76b0 JavaThread "Execution worker Thread 2" [_thread_blocked, id=1860, stack(0x000000ecaf400000,0x000000ecaf500000)]
  0x0000022ac9cb80d0 JavaThread "Execution worker Thread 3" [_thread_blocked, id=16108, stack(0x000000ecaf500000,0x000000ecaf600000)]
  0x0000022ac9cb85e0 JavaThread "Execution worker Thread 4" [_thread_blocked, id=24996, stack(0x000000ecaf600000,0x000000ecaf700000)]
  0x0000022ac9cb8af0 JavaThread "Execution worker Thread 5" [_thread_blocked, id=11076, stack(0x000000ecaf700000,0x000000ecaf800000)]
  0x0000022ac9cb2ac0 JavaThread "Execution worker Thread 6" [_thread_blocked, id=21508, stack(0x000000ecaf800000,0x000000ecaf900000)]
  0x0000022ac9cb3f00 JavaThread "Execution worker Thread 7" [_thread_blocked, id=25816, stack(0x000000ecaf900000,0x000000ecafa00000)]
  0x0000022ac9acf8e0 JavaThread "Cache worker for execution history cache (C:\Users\pc\AgendACDR\node_modules\@react-native\gradle-plugin\.gradle\8.5\executionHistory)" [_thread_blocked, id=3576, stack(0x000000ecafa00000,0x000000ecafb00000)]
  0x0000022ac9acda80 JavaThread "Unconstrained build operations Thread 10" [_thread_blocked, id=26216, stack(0x000000ecafb00000,0x000000ecafc00000)]
  0x0000022ac9acf3d0 JavaThread "Unconstrained build operations Thread 11" [_thread_blocked, id=23384, stack(0x000000ecafc00000,0x000000ecafd00000)]
  0x0000022ac9ad0300 JavaThread "Unconstrained build operations Thread 12" [_thread_blocked, id=22596, stack(0x000000ecafd00000,0x000000ecafe00000)]
  0x0000022ac9acfdf0 JavaThread "Unconstrained build operations Thread 13" [_thread_blocked, id=2772, stack(0x000000ecafe00000,0x000000ecaff00000)]
  0x0000022ac9acd060 JavaThread "Unconstrained build operations Thread 14" [_thread_blocked, id=11756, stack(0x000000ecaff00000,0x000000ecb0000000)]
  0x0000022ac9acd570 JavaThread "Unconstrained build operations Thread 15" [_thread_blocked, id=1756, stack(0x000000ecb0000000,0x000000ecb0100000)]
  0x0000022ac9acdf90 JavaThread "Unconstrained build operations Thread 16" [_thread_blocked, id=9792, stack(0x000000ecb0100000,0x000000ecb0200000)]
  0x0000022ac9ace4a0 JavaThread "Unconstrained build operations Thread 17" [_thread_blocked, id=13544, stack(0x000000ecb0200000,0x000000ecb0300000)]
  0x0000022ac9ace9b0 JavaThread "Unconstrained build operations Thread 18" [_thread_blocked, id=12780, stack(0x000000ecb0300000,0x000000ecb0400000)]
  0x0000022ac9aceec0 JavaThread "Unconstrained build operations Thread 19" [_thread_blocked, id=13016, stack(0x000000ecb0400000,0x000000ecb0500000)]
  0x0000022ac87579b0 JavaThread "Unconstrained build operations Thread 20" [_thread_blocked, id=5328, stack(0x000000ecb0500000,0x000000ecb0600000)]
  0x0000022ac875cfc0 JavaThread "Unconstrained build operations Thread 21" [_thread_blocked, id=23748, stack(0x000000ecb0600000,0x000000ecb0700000)]
  0x0000022ac875a740 JavaThread "Unconstrained build operations Thread 22" [_thread_blocked, id=8536, stack(0x000000ecb0700000,0x000000ecb0800000)]
  0x0000022ac8756570 JavaThread "Unconstrained build operations Thread 23" [_thread_blocked, id=9152, stack(0x000000ecb0800000,0x000000ecb0900000)]
  0x0000022ac875c5a0 JavaThread "Unconstrained build operations Thread 24" [_thread_blocked, id=23784, stack(0x000000ecb0900000,0x000000ecb0a00000)]
  0x0000022ac875def0 JavaThread "Unconstrained build operations Thread 25" [_thread_blocked, id=20276, stack(0x000000ecb0a00000,0x000000ecb0b00000)]
  0x0000022ac8756a80 JavaThread "Unconstrained build operations Thread 26" [_thread_blocked, id=1800, stack(0x000000ecb0b00000,0x000000ecb0c00000)]
  0x0000022ac875b670 JavaThread "Unconstrained build operations Thread 27" [_thread_blocked, id=16956, stack(0x000000ecb0c00000,0x000000ecb0d00000)]
  0x0000022ac875ac50 JavaThread "Unconstrained build operations Thread 28" [_thread_blocked, id=6008, stack(0x000000ecb0d00000,0x000000ecb0e00000)]
  0x0000022ac875bb80 JavaThread "Unconstrained build operations Thread 29" [_thread_blocked, id=13428, stack(0x000000ecb0e00000,0x000000ecb0f00000)]
  0x0000022ac87583d0 JavaThread "Unconstrained build operations Thread 30" [_thread_blocked, id=25972, stack(0x000000ecb0f00000,0x000000ecb1000000)]
  0x0000022ac8759300 JavaThread "Unconstrained build operations Thread 31" [_thread_blocked, id=26316, stack(0x000000ecb1000000,0x000000ecb1100000)]
  0x0000022ac8757ec0 JavaThread "Unconstrained build operations Thread 32" [_thread_blocked, id=25968, stack(0x000000ecb1100000,0x000000ecb1200000)]
  0x0000022ac875b160 JavaThread "build event listener" [_thread_blocked, id=18844, stack(0x000000eca9b00000,0x000000eca9c00000)]

Other Threads:
  0x0000022aa6db7a90 VMThread "VM Thread" [stack: 0x000000ecaa400000,0x000000ecaa500000] [id=25244]
  0x0000022aa6dc2bb0 WatcherThread [stack: 0x000000ecab000000,0x000000ecab100000] [id=1604]
  0x0000022a88c43a70 GCTaskThread "GC Thread#0" [stack: 0x000000eca9f00000,0x000000ecaa000000] [id=21612]
  0x0000022ac6b13eb0 GCTaskThread "GC Thread#1" [stack: 0x000000ecab200000,0x000000ecab300000] [id=4588]
  0x0000022ac6687770 GCTaskThread "GC Thread#2" [stack: 0x000000ecab300000,0x000000ecab400000] [id=14384]
  0x0000022ac6af45a0 GCTaskThread "GC Thread#3" [stack: 0x000000ecab400000,0x000000ecab500000] [id=19976]
  0x0000022ac6d03270 GCTaskThread "GC Thread#4" [stack: 0x000000ecab100000,0x000000ecab200000] [id=12436]
  0x0000022ac7f49d60 GCTaskThread "GC Thread#5" [stack: 0x000000ecac100000,0x000000ecac200000] [id=18028]
  0x0000022ac64a05b0 GCTaskThread "GC Thread#6" [stack: 0x000000ecac200000,0x000000ecac300000] [id=3152]
  0x0000022ac9534d00 GCTaskThread "GC Thread#7" [stack: 0x000000ecac300000,0x000000ecac400000] [id=23620]
  0x0000022a88c549c0 ConcurrentGCThread "G1 Main Marker" [stack: 0x000000ecaa000000,0x000000ecaa100000] [id=22148]
  0x0000022a88c553d0 ConcurrentGCThread "G1 Conc#0" [stack: 0x000000ecaa100000,0x000000ecaa200000] [id=13080]
  0x0000022ac6682250 ConcurrentGCThread "G1 Conc#1" [stack: 0x000000ecac700000,0x000000ecac800000] [id=13756]
  0x0000022a88cae0b0 ConcurrentGCThread "G1 Refine#0" [stack: 0x000000ecaa200000,0x000000ecaa300000] [id=20372]
  0x0000022a88caeae0 ConcurrentGCThread "G1 Service" [stack: 0x000000ecaa300000,0x000000ecaa400000] [id=17132]

Threads with active compile tasks:
C2 CompilerThread0   127563 10743       4       org.gradle.internal.instantiation.generator.AbstractClassGenerator$ClassMetadata::property (42 bytes)

VM state: at safepoint (normal execution)

VM Mutex/Monitor currently owned by a thread:  ([mutex/lock_event])
[0x0000022a88be4790] Threads_lock - owner thread: 0x0000022aa6db7a90
[0x0000022a88be3a10] Heap_lock - owner thread: 0x0000022ac63f2d90

Heap address: 0x0000000080000000, size: 2048 MB, Compressed Oops mode: 32-bit

CDS archive(s) mapped at: [0x0000022aa7000000-0x0000022aa7bd0000-0x0000022aa7bd0000), size 12386304, SharedBaseAddress: 0x0000022aa7000000, ArchiveRelocationMode: 1.
Compressed class space mapped at: 0x0000022aa8000000-0x0000022ac2000000, reserved size: 436207616
Narrow klass base: 0x0000022aa7000000, Narrow klass shift: 0, Narrow klass range: 0x100000000

GC Precious Log:
 CPUs: 8 total, 8 available
 Memory: 7932M
 Large Page Support: Disabled
 NUMA Support: Disabled
 Compressed Oops: Enabled (32-bit)
 Heap Region Size: 1M
 Heap Min Capacity: 8M
 Heap Initial Capacity: 124M
 Heap Max Capacity: 2G
 Pre-touch: Disabled
 Parallel Workers: 8
 Concurrent Workers: 2
 Concurrent Refinement Workers: 8
 Periodic GC: Disabled

Heap:
 garbage-first heap   total 212992K, used 162085K [0x0000000080000000, 0x0000000100000000)
  region size 1024K, 73 young (74752K), 3 survivors (3072K)
 Metaspace       used 85758K, committed 86592K, reserved 557056K
  class space    used 11932K, committed 12352K, reserved 425984K

Heap Regions: E=young(eden), S=young(survivor), O=old, HS=humongous(starts), HC=humongous(continues), CS=collection set, F=free, OA=open archive, CA=closed archive, TAMS=top-at-mark-start (previous, next)
|   0|0x0000000080000000, 0x0000000080100000, 0x0000000080100000|100%|HS|  |TAMS 0x0000000080100000, 0x0000000080000000| Complete 
|   1|0x0000000080100000, 0x0000000080200000, 0x0000000080200000|100%|HC|  |TAMS 0x0000000080200000, 0x0000000080100000| Complete 
|   2|0x0000000080200000, 0x0000000080300000, 0x0000000080300000|100%|HC|  |TAMS 0x0000000080300000, 0x0000000080200000| Complete 
|   3|0x0000000080300000, 0x0000000080400000, 0x0000000080400000|100%|HC|  |TAMS 0x0000000080400000, 0x0000000080300000| Complete 
|   4|0x0000000080400000, 0x0000000080500000, 0x0000000080500000|100%| O|  |TAMS 0x0000000080500000, 0x0000000080400000| Untracked 
|   5|0x0000000080500000, 0x0000000080500000, 0x0000000080600000|  0%| F|  |TAMS 0x0000000080500000, 0x0000000080500000| Untracked 
|   6|0x0000000080600000, 0x0000000080700000, 0x0000000080700000|100%| O|  |TAMS 0x0000000080700000, 0x0000000080600000| Untracked 
|   7|0x0000000080700000, 0x0000000080800000, 0x0000000080800000|100%| O|  |TAMS 0x0000000080800000, 0x0000000080700000| Untracked 
|   8|0x0000000080800000, 0x0000000080900000, 0x0000000080900000|100%| O|  |TAMS 0x0000000080900000, 0x0000000080800000| Untracked 
|   9|0x0000000080900000, 0x0000000080a00000, 0x0000000080a00000|100%| O|  |TAMS 0x0000000080a00000, 0x0000000080900000| Untracked 
|  10|0x0000000080a00000, 0x0000000080b00000, 0x0000000080b00000|100%| O|  |TAMS 0x0000000080b00000, 0x0000000080a00000| Untracked 
|  11|0x0000000080b00000, 0x0000000080c00000, 0x0000000080c00000|100%| O|  |TAMS 0x0000000080c00000, 0x0000000080b00000| Untracked 
|  12|0x0000000080c00000, 0x0000000080d00000, 0x0000000080d00000|100%| O|  |TAMS 0x0000000080d00000, 0x0000000080c00000| Untracked 
|  13|0x0000000080d00000, 0x0000000080e00000, 0x0000000080e00000|100%| O|  |TAMS 0x0000000080e00000, 0x0000000080d00000| Untracked 
|  14|0x0000000080e00000, 0x0000000080f00000, 0x0000000080f00000|100%| O|  |TAMS 0x0000000080f00000, 0x0000000080e00000| Untracked 
|  15|0x0000000080f00000, 0x0000000081000000, 0x0000000081000000|100%| O|  |TAMS 0x0000000081000000, 0x0000000080f00000| Untracked 
|  16|0x0000000081000000, 0x0000000081100000, 0x0000000081100000|100%| O|  |TAMS 0x0000000081100000, 0x0000000081000000| Untracked 
|  17|0x0000000081100000, 0x0000000081200000, 0x0000000081200000|100%| O|  |TAMS 0x0000000081200000, 0x0000000081100000| Untracked 
|  18|0x0000000081200000, 0x0000000081300000, 0x0000000081300000|100%| O|  |TAMS 0x0000000081300000, 0x0000000081200000| Untracked 
|  19|0x0000000081300000, 0x00000000813cf200, 0x0000000081400000| 80%| O|  |TAMS 0x00000000813cf200, 0x0000000081300000| Untracked 
|  20|0x0000000081400000, 0x0000000081500000, 0x0000000081500000|100%| O|  |TAMS 0x0000000081500000, 0x0000000081400000| Untracked 
|  21|0x0000000081500000, 0x0000000081600000, 0x0000000081600000|100%| O|  |TAMS 0x0000000081600000, 0x0000000081500000| Untracked 
|  22|0x0000000081600000, 0x0000000081700000, 0x0000000081700000|100%| O|  |TAMS 0x0000000081700000, 0x0000000081600000| Untracked 
|  23|0x0000000081700000, 0x0000000081800000, 0x0000000081800000|100%| O|  |TAMS 0x0000000081800000, 0x0000000081700000| Untracked 
|  24|0x0000000081800000, 0x0000000081900000, 0x0000000081900000|100%| O|  |TAMS 0x0000000081900000, 0x0000000081800000| Untracked 
|  25|0x0000000081900000, 0x0000000081a00000, 0x0000000081a00000|100%|HS|  |TAMS 0x0000000081a00000, 0x0000000081900000| Complete 
|  26|0x0000000081a00000, 0x0000000081b00000, 0x0000000081b00000|100%| O|  |TAMS 0x0000000081b00000, 0x0000000081a00000| Untracked 
|  27|0x0000000081b00000, 0x0000000081c00000, 0x0000000081c00000|100%| O|  |TAMS 0x0000000081c00000, 0x0000000081b00000| Untracked 
|  28|0x0000000081c00000, 0x0000000081d00000, 0x0000000081d00000|100%| O|  |TAMS 0x0000000081d00000, 0x0000000081c00000| Untracked 
|  29|0x0000000081d00000, 0x0000000081e00000, 0x0000000081e00000|100%| O|  |TAMS 0x0000000081e00000, 0x0000000081d00000| Untracked 
|  30|0x0000000081e00000, 0x0000000081f00000, 0x0000000081f00000|100%| O|  |TAMS 0x0000000081f00000, 0x0000000081e00000| Untracked 
|  31|0x0000000081f00000, 0x0000000082000000, 0x0000000082000000|100%| O|  |TAMS 0x0000000082000000, 0x0000000081f00000| Untracked 
|  32|0x0000000082000000, 0x0000000082100000, 0x0000000082100000|100%| O|  |TAMS 0x0000000082100000, 0x0000000082000000| Untracked 
|  33|0x0000000082100000, 0x0000000082200000, 0x0000000082200000|100%| O|  |TAMS 0x0000000082200000, 0x0000000082100000| Untracked 
|  34|0x0000000082200000, 0x0000000082300000, 0x0000000082300000|100%| O|  |TAMS 0x0000000082300000, 0x0000000082200000| Untracked 
|  35|0x0000000082300000, 0x0000000082400000, 0x0000000082400000|100%| O|  |TAMS 0x0000000082400000, 0x0000000082300000| Untracked 
|  36|0x0000000082400000, 0x0000000082500000, 0x0000000082500000|100%| O|  |TAMS 0x0000000082500000, 0x0000000082400000| Untracked 
|  37|0x0000000082500000, 0x0000000082600000, 0x0000000082600000|100%|HS|  |TAMS 0x0000000082600000, 0x0000000082500000| Complete 
|  38|0x0000000082600000, 0x0000000082700000, 0x0000000082700000|100%|HC|  |TAMS 0x0000000082700000, 0x0000000082600000| Complete 
|  39|0x0000000082700000, 0x0000000082800000, 0x0000000082800000|100%| O|  |TAMS 0x0000000082800000, 0x0000000082700000| Untracked 
|  40|0x0000000082800000, 0x0000000082900000, 0x0000000082900000|100%| O|  |TAMS 0x0000000082900000, 0x0000000082800000| Untracked 
|  41|0x0000000082900000, 0x0000000082a00000, 0x0000000082a00000|100%|HS|  |TAMS 0x0000000082a00000, 0x0000000082900000| Complete 
|  42|0x0000000082a00000, 0x0000000082b00000, 0x0000000082b00000|100%|HC|  |TAMS 0x0000000082b00000, 0x0000000082a00000| Complete 
|  43|0x0000000082b00000, 0x0000000082c00000, 0x0000000082c00000|100%| O|  |TAMS 0x0000000082b00000, 0x0000000082b00000| Untracked 
|  44|0x0000000082c00000, 0x0000000082d00000, 0x0000000082d00000|100%|HS|  |TAMS 0x0000000082d00000, 0x0000000082c00000| Complete 
|  45|0x0000000082d00000, 0x0000000082e00000, 0x0000000082e00000|100%|HC|  |TAMS 0x0000000082e00000, 0x0000000082d00000| Complete 
|  46|0x0000000082e00000, 0x0000000082f00000, 0x0000000082f00000|100%|HC|  |TAMS 0x0000000082f00000, 0x0000000082e00000| Complete 
|  47|0x0000000082f00000, 0x0000000083000000, 0x0000000083000000|100%|HC|  |TAMS 0x0000000083000000, 0x0000000082f00000| Complete 
|  48|0x0000000083000000, 0x0000000083100000, 0x0000000083100000|100%| O|  |TAMS 0x0000000083100000, 0x0000000083000000| Untracked 
|  49|0x0000000083100000, 0x0000000083200000, 0x0000000083200000|100%|HS|  |TAMS 0x0000000083200000, 0x0000000083100000| Complete 
|  50|0x0000000083200000, 0x0000000083300000, 0x0000000083300000|100%|HC|  |TAMS 0x0000000083300000, 0x0000000083200000| Complete 
|  51|0x0000000083300000, 0x0000000083400000, 0x0000000083400000|100%|HC|  |TAMS 0x0000000083400000, 0x0000000083300000| Complete 
|  52|0x0000000083400000, 0x0000000083500000, 0x0000000083500000|100%|HC|  |TAMS 0x0000000083500000, 0x0000000083400000| Complete 
|  53|0x0000000083500000, 0x0000000083600000, 0x0000000083600000|100%| O|  |TAMS 0x0000000083600000, 0x0000000083500000| Untracked 
|  54|0x0000000083600000, 0x0000000083700000, 0x0000000083700000|100%| O|  |TAMS 0x0000000083700000, 0x0000000083600000| Untracked 
|  55|0x0000000083700000, 0x0000000083800000, 0x0000000083800000|100%| O|  |TAMS 0x0000000083800000, 0x0000000083700000| Untracked 
|  56|0x0000000083800000, 0x0000000083900000, 0x0000000083900000|100%| O|  |TAMS 0x0000000083900000, 0x0000000083800000| Untracked 
|  57|0x0000000083900000, 0x0000000083a00000, 0x0000000083a00000|100%| O|  |TAMS 0x0000000083a00000, 0x0000000083900000| Untracked 
|  58|0x0000000083a00000, 0x0000000083b00000, 0x0000000083b00000|100%| O|  |TAMS 0x0000000083b00000, 0x0000000083a00000| Untracked 
|  59|0x0000000083b00000, 0x0000000083c00000, 0x0000000083c00000|100%| O|  |TAMS 0x0000000083c00000, 0x0000000083b00000| Untracked 
|  60|0x0000000083c00000, 0x0000000083d00000, 0x0000000083d00000|100%| O|  |TAMS 0x0000000083d00000, 0x0000000083c00000| Untracked 
|  61|0x0000000083d00000, 0x0000000083e00000, 0x0000000083e00000|100%| O|  |TAMS 0x0000000083e00000, 0x0000000083d00000| Untracked 
|  62|0x0000000083e00000, 0x0000000083f00000, 0x0000000083f00000|100%| O|  |TAMS 0x0000000083f00000, 0x0000000083e00000| Untracked 
|  63|0x0000000083f00000, 0x0000000084000000, 0x0000000084000000|100%| O|  |TAMS 0x0000000084000000, 0x0000000083f00000| Untracked 
|  64|0x0000000084000000, 0x0000000084100000, 0x0000000084100000|100%| O|  |TAMS 0x0000000084100000, 0x0000000084000000| Untracked 
|  65|0x0000000084100000, 0x0000000084200000, 0x0000000084200000|100%| O|  |TAMS 0x0000000084200000, 0x0000000084100000| Untracked 
|  66|0x0000000084200000, 0x0000000084300000, 0x0000000084300000|100%| O|  |TAMS 0x0000000084300000, 0x0000000084200000| Untracked 
|  67|0x0000000084300000, 0x0000000084400000, 0x0000000084400000|100%| O|  |TAMS 0x0000000084400000, 0x0000000084300000| Untracked 
|  68|0x0000000084400000, 0x0000000084500000, 0x0000000084500000|100%| O|  |TAMS 0x0000000084500000, 0x0000000084400000| Untracked 
|  69|0x0000000084500000, 0x0000000084600000, 0x0000000084600000|100%|HS|  |TAMS 0x0000000084600000, 0x0000000084500000| Complete 
|  70|0x0000000084600000, 0x0000000084700000, 0x0000000084700000|100%|HS|  |TAMS 0x0000000084700000, 0x0000000084600000| Complete 
|  71|0x0000000084700000, 0x0000000084800000, 0x0000000084800000|100%|HS|  |TAMS 0x0000000084800000, 0x0000000084700000| Complete 
|  72|0x0000000084800000, 0x0000000084900000, 0x0000000084900000|100%|HS|  |TAMS 0x0000000084900000, 0x0000000084800000| Complete 
|  73|0x0000000084900000, 0x0000000084a00000, 0x0000000084a00000|100%| O|  |TAMS 0x0000000084a00000, 0x0000000084900000| Untracked 
|  74|0x0000000084a00000, 0x0000000084b00000, 0x0000000084b00000|100%| O|  |TAMS 0x0000000084b00000, 0x0000000084a00000| Untracked 
|  75|0x0000000084b00000, 0x0000000084c00000, 0x0000000084c00000|100%| O|  |TAMS 0x0000000084c00000, 0x0000000084b00000| Untracked 
|  76|0x0000000084c00000, 0x0000000084d00000, 0x0000000084d00000|100%| O|  |TAMS 0x0000000084d00000, 0x0000000084c00000| Untracked 
|  77|0x0000000084d00000, 0x0000000084e00000, 0x0000000084e00000|100%| O|  |TAMS 0x0000000084e00000, 0x0000000084d00000| Untracked 
|  78|0x0000000084e00000, 0x0000000084f00000, 0x0000000084f00000|100%| O|  |TAMS 0x0000000084e4fc00, 0x0000000084e00000| Untracked 
|  79|0x0000000084f00000, 0x0000000085000000, 0x0000000085000000|100%| O|  |TAMS 0x0000000084f00000, 0x0000000084f00000| Untracked 
|  80|0x0000000085000000, 0x0000000085100000, 0x0000000085100000|100%| O|  |TAMS 0x0000000085000000, 0x0000000085000000| Untracked 
|  81|0x0000000085100000, 0x0000000085200000, 0x0000000085200000|100%| O|  |TAMS 0x0000000085100000, 0x0000000085100000| Untracked 
|  82|0x0000000085200000, 0x0000000085300000, 0x0000000085300000|100%| O|  |TAMS 0x0000000085200000, 0x0000000085200000| Untracked 
|  83|0x0000000085300000, 0x0000000085400000, 0x0000000085400000|100%| O|  |TAMS 0x0000000085300000, 0x0000000085300000| Untracked 
|  84|0x0000000085400000, 0x0000000085500000, 0x0000000085500000|100%| O|  |TAMS 0x0000000085400000, 0x0000000085400000| Untracked 
|  85|0x0000000085500000, 0x0000000085600000, 0x0000000085600000|100%| O|  |TAMS 0x0000000085500000, 0x0000000085500000| Untracked 
|  86|0x0000000085600000, 0x00000000856b8200, 0x0000000085700000| 71%| O|  |TAMS 0x0000000085600000, 0x0000000085600000| Untracked 
|  87|0x0000000085700000, 0x0000000085700000, 0x0000000085800000|  0%| F|  |TAMS 0x0000000085700000, 0x0000000085700000| Untracked 
|  88|0x0000000085800000, 0x0000000085800000, 0x0000000085900000|  0%| F|  |TAMS 0x0000000085800000, 0x0000000085800000| Untracked 
|  89|0x0000000085900000, 0x0000000085900000, 0x0000000085a00000|  0%| F|  |TAMS 0x0000000085900000, 0x0000000085900000| Untracked 
|  90|0x0000000085a00000, 0x0000000085a00000, 0x0000000085b00000|  0%| F|  |TAMS 0x0000000085a00000, 0x0000000085a00000| Untracked 
|  91|0x0000000085b00000, 0x0000000085b00000, 0x0000000085c00000|  0%| F|  |TAMS 0x0000000085b00000, 0x0000000085b00000| Untracked 
|  92|0x0000000085c00000, 0x0000000085c00000, 0x0000000085d00000|  0%| F|  |TAMS 0x0000000085c00000, 0x0000000085c00000| Untracked 
|  93|0x0000000085d00000, 0x0000000085d00000, 0x0000000085e00000|  0%| F|  |TAMS 0x0000000085d00000, 0x0000000085d00000| Untracked 
|  94|0x0000000085e00000, 0x0000000085e00000, 0x0000000085f00000|  0%| F|  |TAMS 0x0000000085e00000, 0x0000000085e00000| Untracked 
|  95|0x0000000085f00000, 0x0000000085f00000, 0x0000000086000000|  0%| F|  |TAMS 0x0000000085f00000, 0x0000000085f00000| Untracked 
|  96|0x0000000086000000, 0x0000000086000000, 0x0000000086100000|  0%| F|  |TAMS 0x0000000086000000, 0x0000000086000000| Untracked 
|  97|0x0000000086100000, 0x0000000086100000, 0x0000000086200000|  0%| F|  |TAMS 0x0000000086100000, 0x0000000086100000| Untracked 
|  98|0x0000000086200000, 0x0000000086200000, 0x0000000086300000|  0%| F|  |TAMS 0x0000000086200000, 0x0000000086200000| Untracked 
|  99|0x0000000086300000, 0x0000000086300000, 0x0000000086400000|  0%| F|  |TAMS 0x0000000086300000, 0x0000000086300000| Untracked 
| 100|0x0000000086400000, 0x0000000086400000, 0x0000000086500000|  0%| F|  |TAMS 0x0000000086400000, 0x0000000086400000| Untracked 
| 101|0x0000000086500000, 0x0000000086500000, 0x0000000086600000|  0%| F|  |TAMS 0x0000000086500000, 0x0000000086500000| Untracked 
| 102|0x0000000086600000, 0x0000000086600000, 0x0000000086700000|  0%| F|  |TAMS 0x0000000086600000, 0x0000000086600000| Untracked 
| 103|0x0000000086700000, 0x0000000086700000, 0x0000000086800000|  0%| F|  |TAMS 0x0000000086700000, 0x0000000086700000| Untracked 
| 104|0x0000000086800000, 0x0000000086800000, 0x0000000086900000|  0%| F|  |TAMS 0x0000000086800000, 0x0000000086800000| Untracked 
| 105|0x0000000086900000, 0x0000000086900000, 0x0000000086a00000|  0%| F|  |TAMS 0x0000000086900000, 0x0000000086900000| Untracked 
| 106|0x0000000086a00000, 0x0000000086a00000, 0x0000000086b00000|  0%| F|  |TAMS 0x0000000086a00000, 0x0000000086a00000| Untracked 
| 107|0x0000000086b00000, 0x0000000086b00000, 0x0000000086c00000|  0%| F|  |TAMS 0x0000000086b00000, 0x0000000086b00000| Untracked 
| 108|0x0000000086c00000, 0x0000000086c00000, 0x0000000086d00000|  0%| F|  |TAMS 0x0000000086c00000, 0x0000000086c00000| Untracked 
| 109|0x0000000086d00000, 0x0000000086d00000, 0x0000000086e00000|  0%| F|  |TAMS 0x0000000086d00000, 0x0000000086d00000| Untracked 
| 110|0x0000000086e00000, 0x0000000086e00000, 0x0000000086f00000|  0%| F|  |TAMS 0x0000000086e00000, 0x0000000086e00000| Untracked 
| 111|0x0000000086f00000, 0x0000000086f00000, 0x0000000087000000|  0%| F|  |TAMS 0x0000000086f00000, 0x0000000086f00000| Untracked 
| 112|0x0000000087000000, 0x0000000087000000, 0x0000000087100000|  0%| F|  |TAMS 0x0000000087000000, 0x0000000087000000| Untracked 
| 113|0x0000000087100000, 0x0000000087100000, 0x0000000087200000|  0%| F|  |TAMS 0x0000000087100000, 0x0000000087100000| Untracked 
| 114|0x0000000087200000, 0x0000000087200000, 0x0000000087300000|  0%| F|  |TAMS 0x0000000087200000, 0x0000000087200000| Untracked 
| 115|0x0000000087300000, 0x0000000087300000, 0x0000000087400000|  0%| F|  |TAMS 0x0000000087300000, 0x0000000087300000| Untracked 
| 116|0x0000000087400000, 0x0000000087400000, 0x0000000087500000|  0%| F|  |TAMS 0x0000000087400000, 0x0000000087400000| Untracked 
| 117|0x0000000087500000, 0x0000000087500000, 0x0000000087600000|  0%| F|  |TAMS 0x0000000087500000, 0x0000000087500000| Untracked 
| 118|0x0000000087600000, 0x0000000087600000, 0x0000000087700000|  0%| F|  |TAMS 0x0000000087600000, 0x0000000087600000| Untracked 
| 119|0x0000000087700000, 0x0000000087700000, 0x0000000087800000|  0%| F|  |TAMS 0x0000000087700000, 0x0000000087700000| Untracked 
| 120|0x0000000087800000, 0x0000000087800000, 0x0000000087900000|  0%| F|  |TAMS 0x0000000087800000, 0x0000000087800000| Untracked 
| 121|0x0000000087900000, 0x0000000087900000, 0x0000000087a00000|  0%| F|  |TAMS 0x0000000087900000, 0x0000000087900000| Untracked 
| 122|0x0000000087a00000, 0x0000000087a00000, 0x0000000087b00000|  0%| F|  |TAMS 0x0000000087a00000, 0x0000000087a00000| Untracked 
| 123|0x0000000087b00000, 0x0000000087b00000, 0x0000000087c00000|  0%| F|  |TAMS 0x0000000087b00000, 0x0000000087b00000| Untracked 
| 124|0x0000000087c00000, 0x0000000087c00000, 0x0000000087d00000|  0%| F|  |TAMS 0x0000000087c00000, 0x0000000087c00000| Untracked 
| 125|0x0000000087d00000, 0x0000000087d00000, 0x0000000087e00000|  0%| F|  |TAMS 0x0000000087d00000, 0x0000000087d00000| Untracked 
| 126|0x0000000087e00000, 0x0000000087e00000, 0x0000000087f00000|  0%| F|  |TAMS 0x0000000087e00000, 0x0000000087e00000| Untracked 
| 127|0x0000000087f00000, 0x0000000087f00000, 0x0000000088000000|  0%| F|  |TAMS 0x0000000087f00000, 0x0000000087f00000| Untracked 
| 128|0x0000000088000000, 0x0000000088000000, 0x0000000088100000|  0%| F|  |TAMS 0x0000000088000000, 0x0000000088000000| Untracked 
| 129|0x0000000088100000, 0x0000000088100000, 0x0000000088200000|  0%| F|  |TAMS 0x0000000088100000, 0x0000000088100000| Untracked 
| 130|0x0000000088200000, 0x0000000088200000, 0x0000000088300000|  0%| F|  |TAMS 0x0000000088200000, 0x0000000088200000| Untracked 
| 131|0x0000000088300000, 0x0000000088300000, 0x0000000088400000|  0%| F|  |TAMS 0x0000000088300000, 0x0000000088300000| Untracked 
| 132|0x0000000088400000, 0x0000000088500000, 0x0000000088500000|100%| S|  |TAMS 0x0000000088400000, 0x0000000088400000| Complete 
| 133|0x0000000088500000, 0x0000000088600000, 0x0000000088600000|100%| S|  |TAMS 0x0000000088500000, 0x0000000088500000| Complete 
| 134|0x0000000088600000, 0x0000000088700000, 0x0000000088700000|100%| S|  |TAMS 0x0000000088600000, 0x0000000088600000| Complete 
| 135|0x0000000088700000, 0x0000000088800000, 0x0000000088800000|100%| E|CS|TAMS 0x0000000088700000, 0x0000000088700000| Complete 
| 136|0x0000000088800000, 0x00000000888c21a0, 0x0000000088900000| 75%| E|CS|TAMS 0x0000000088800000, 0x0000000088800000| Complete 
| 137|0x0000000088900000, 0x0000000088a00000, 0x0000000088a00000|100%| E|CS|TAMS 0x0000000088900000, 0x0000000088900000| Complete 
| 138|0x0000000088a00000, 0x0000000088b00000, 0x0000000088b00000|100%| E|CS|TAMS 0x0000000088a00000, 0x0000000088a00000| Complete 
| 139|0x0000000088b00000, 0x0000000088c00000, 0x0000000088c00000|100%| E|CS|TAMS 0x0000000088b00000, 0x0000000088b00000| Complete 
| 140|0x0000000088c00000, 0x0000000088d00000, 0x0000000088d00000|100%| E|CS|TAMS 0x0000000088c00000, 0x0000000088c00000| Complete 
| 141|0x0000000088d00000, 0x0000000088e00000, 0x0000000088e00000|100%| E|CS|TAMS 0x0000000088d00000, 0x0000000088d00000| Complete 
| 142|0x0000000088e00000, 0x0000000088f00000, 0x0000000088f00000|100%| E|CS|TAMS 0x0000000088e00000, 0x0000000088e00000| Complete 
| 143|0x0000000088f00000, 0x0000000089000000, 0x0000000089000000|100%| E|CS|TAMS 0x0000000088f00000, 0x0000000088f00000| Complete 
| 144|0x0000000089000000, 0x0000000089100000, 0x0000000089100000|100%| E|CS|TAMS 0x0000000089000000, 0x0000000089000000| Complete 
| 145|0x0000000089100000, 0x0000000089200000, 0x0000000089200000|100%| E|CS|TAMS 0x0000000089100000, 0x0000000089100000| Complete 
| 146|0x0000000089200000, 0x0000000089300000, 0x0000000089300000|100%| E|CS|TAMS 0x0000000089200000, 0x0000000089200000| Complete 
| 147|0x0000000089300000, 0x0000000089400000, 0x0000000089400000|100%| E|CS|TAMS 0x0000000089300000, 0x0000000089300000| Complete 
| 148|0x0000000089400000, 0x0000000089500000, 0x0000000089500000|100%| E|CS|TAMS 0x0000000089400000, 0x0000000089400000| Complete 
| 149|0x0000000089500000, 0x0000000089600000, 0x0000000089600000|100%| E|CS|TAMS 0x0000000089500000, 0x0000000089500000| Complete 
| 150|0x0000000089600000, 0x0000000089700000, 0x0000000089700000|100%| E|CS|TAMS 0x0000000089600000, 0x0000000089600000| Complete 
| 151|0x0000000089700000, 0x0000000089800000, 0x0000000089800000|100%| E|CS|TAMS 0x0000000089700000, 0x0000000089700000| Complete 
| 152|0x0000000089800000, 0x0000000089900000, 0x0000000089900000|100%| E|CS|TAMS 0x0000000089800000, 0x0000000089800000| Complete 
| 153|0x0000000089900000, 0x0000000089a00000, 0x0000000089a00000|100%| E|CS|TAMS 0x0000000089900000, 0x0000000089900000| Complete 
| 154|0x0000000089a00000, 0x0000000089b00000, 0x0000000089b00000|100%| E|CS|TAMS 0x0000000089a00000, 0x0000000089a00000| Complete 
| 155|0x0000000089b00000, 0x0000000089c00000, 0x0000000089c00000|100%| E|CS|TAMS 0x0000000089b00000, 0x0000000089b00000| Complete 
| 156|0x0000000089c00000, 0x0000000089d00000, 0x0000000089d00000|100%| E|CS|TAMS 0x0000000089c00000, 0x0000000089c00000| Complete 
| 157|0x0000000089d00000, 0x0000000089e00000, 0x0000000089e00000|100%| E|CS|TAMS 0x0000000089d00000, 0x0000000089d00000| Complete 
| 158|0x0000000089e00000, 0x0000000089f00000, 0x0000000089f00000|100%| E|CS|TAMS 0x0000000089e00000, 0x0000000089e00000| Complete 
| 159|0x0000000089f00000, 0x000000008a000000, 0x000000008a000000|100%| E|CS|TAMS 0x0000000089f00000, 0x0000000089f00000| Complete 
| 160|0x000000008a000000, 0x000000008a100000, 0x000000008a100000|100%| E|CS|TAMS 0x000000008a000000, 0x000000008a000000| Complete 
| 161|0x000000008a100000, 0x000000008a200000, 0x000000008a200000|100%| E|CS|TAMS 0x000000008a100000, 0x000000008a100000| Complete 
| 162|0x000000008a200000, 0x000000008a300000, 0x000000008a300000|100%| E|CS|TAMS 0x000000008a200000, 0x000000008a200000| Complete 
| 163|0x000000008a300000, 0x000000008a400000, 0x000000008a400000|100%| E|CS|TAMS 0x000000008a300000, 0x000000008a300000| Complete 
| 164|0x000000008a400000, 0x000000008a500000, 0x000000008a500000|100%| E|CS|TAMS 0x000000008a400000, 0x000000008a400000| Complete 
| 165|0x000000008a500000, 0x000000008a600000, 0x000000008a600000|100%| E|CS|TAMS 0x000000008a500000, 0x000000008a500000| Complete 
| 166|0x000000008a600000, 0x000000008a700000, 0x000000008a700000|100%| E|CS|TAMS 0x000000008a600000, 0x000000008a600000| Complete 
| 167|0x000000008a700000, 0x000000008a800000, 0x000000008a800000|100%| E|CS|TAMS 0x000000008a700000, 0x000000008a700000| Complete 
| 168|0x000000008a800000, 0x000000008a900000, 0x000000008a900000|100%| E|CS|TAMS 0x000000008a800000, 0x000000008a800000| Complete 
| 169|0x000000008a900000, 0x000000008aa00000, 0x000000008aa00000|100%| E|CS|TAMS 0x000000008a900000, 0x000000008a900000| Complete 
| 170|0x000000008aa00000, 0x000000008ab00000, 0x000000008ab00000|100%| E|CS|TAMS 0x000000008aa00000, 0x000000008aa00000| Complete 
| 171|0x000000008ab00000, 0x000000008ac00000, 0x000000008ac00000|100%| E|CS|TAMS 0x000000008ab00000, 0x000000008ab00000| Complete 
| 172|0x000000008ac00000, 0x000000008ad00000, 0x000000008ad00000|100%| E|CS|TAMS 0x000000008ac00000, 0x000000008ac00000| Complete 
| 173|0x000000008ad00000, 0x000000008ae00000, 0x000000008ae00000|100%| E|CS|TAMS 0x000000008ad00000, 0x000000008ad00000| Complete 
| 174|0x000000008ae00000, 0x000000008af00000, 0x000000008af00000|100%| E|CS|TAMS 0x000000008ae00000, 0x000000008ae00000| Complete 
| 175|0x000000008af00000, 0x000000008b000000, 0x000000008b000000|100%| E|CS|TAMS 0x000000008af00000, 0x000000008af00000| Complete 
| 176|0x000000008b000000, 0x000000008b100000, 0x000000008b100000|100%| E|CS|TAMS 0x000000008b000000, 0x000000008b000000| Complete 
| 177|0x000000008b100000, 0x000000008b200000, 0x000000008b200000|100%| E|CS|TAMS 0x000000008b100000, 0x000000008b100000| Complete 
| 178|0x000000008b200000, 0x000000008b300000, 0x000000008b300000|100%| E|CS|TAMS 0x000000008b200000, 0x000000008b200000| Complete 
| 179|0x000000008b300000, 0x000000008b400000, 0x000000008b400000|100%| E|CS|TAMS 0x000000008b300000, 0x000000008b300000| Complete 
| 180|0x000000008b400000, 0x000000008b500000, 0x000000008b500000|100%| E|CS|TAMS 0x000000008b400000, 0x000000008b400000| Complete 
| 181|0x000000008b500000, 0x000000008b600000, 0x000000008b600000|100%| E|CS|TAMS 0x000000008b500000, 0x000000008b500000| Complete 
| 182|0x000000008b600000, 0x000000008b700000, 0x000000008b700000|100%| E|CS|TAMS 0x000000008b600000, 0x000000008b600000| Complete 
| 183|0x000000008b700000, 0x000000008b800000, 0x000000008b800000|100%| E|CS|TAMS 0x000000008b700000, 0x000000008b700000| Complete 
| 184|0x000000008b800000, 0x000000008b900000, 0x000000008b900000|100%| E|CS|TAMS 0x000000008b800000, 0x000000008b800000| Complete 
| 185|0x000000008b900000, 0x000000008ba00000, 0x000000008ba00000|100%| E|CS|TAMS 0x000000008b900000, 0x000000008b900000| Complete 
| 186|0x000000008ba00000, 0x000000008bb00000, 0x000000008bb00000|100%| E|CS|TAMS 0x000000008ba00000, 0x000000008ba00000| Complete 
| 187|0x000000008bb00000, 0x000000008bc00000, 0x000000008bc00000|100%| E|CS|TAMS 0x000000008bb00000, 0x000000008bb00000| Complete 
| 188|0x000000008bc00000, 0x000000008bd00000, 0x000000008bd00000|100%| E|CS|TAMS 0x000000008bc00000, 0x000000008bc00000| Complete 
| 189|0x000000008bd00000, 0x000000008be00000, 0x000000008be00000|100%| E|CS|TAMS 0x000000008bd00000, 0x000000008bd00000| Complete 
| 190|0x000000008be00000, 0x000000008bf00000, 0x000000008bf00000|100%| E|CS|TAMS 0x000000008be00000, 0x000000008be00000| Complete 
| 191|0x000000008bf00000, 0x000000008c000000, 0x000000008c000000|100%| E|CS|TAMS 0x000000008bf00000, 0x000000008bf00000| Complete 
| 192|0x000000008c000000, 0x000000008c100000, 0x000000008c100000|100%| E|CS|TAMS 0x000000008c000000, 0x000000008c000000| Complete 
| 193|0x000000008c100000, 0x000000008c200000, 0x000000008c200000|100%| E|CS|TAMS 0x000000008c100000, 0x000000008c100000| Complete 
| 194|0x000000008c200000, 0x000000008c300000, 0x000000008c300000|100%| E|CS|TAMS 0x000000008c200000, 0x000000008c200000| Complete 
| 195|0x000000008c300000, 0x000000008c400000, 0x000000008c400000|100%| E|CS|TAMS 0x000000008c300000, 0x000000008c300000| Complete 
| 196|0x000000008c400000, 0x000000008c500000, 0x000000008c500000|100%| E|CS|TAMS 0x000000008c400000, 0x000000008c400000| Complete 
| 197|0x000000008c500000, 0x000000008c600000, 0x000000008c600000|100%| E|CS|TAMS 0x000000008c500000, 0x000000008c500000| Complete 
| 198|0x000000008c600000, 0x000000008c700000, 0x000000008c700000|100%| E|CS|TAMS 0x000000008c600000, 0x000000008c600000| Complete 
| 199|0x000000008c700000, 0x000000008c800000, 0x000000008c800000|100%| E|CS|TAMS 0x000000008c700000, 0x000000008c700000| Complete 
| 200|0x000000008c800000, 0x000000008c900000, 0x000000008c900000|100%| E|CS|TAMS 0x000000008c800000, 0x000000008c800000| Complete 
| 201|0x000000008c900000, 0x000000008ca00000, 0x000000008ca00000|100%| E|CS|TAMS 0x000000008c900000, 0x000000008c900000| Complete 
| 202|0x000000008ca00000, 0x000000008cb00000, 0x000000008cb00000|100%| E|CS|TAMS 0x000000008ca00000, 0x000000008ca00000| Complete 
| 203|0x000000008cb00000, 0x000000008cc00000, 0x000000008cc00000|100%| E|CS|TAMS 0x000000008cb00000, 0x000000008cb00000| Complete 
| 204|0x000000008cc00000, 0x000000008cd00000, 0x000000008cd00000|100%| E|CS|TAMS 0x000000008cc00000, 0x000000008cc00000| Complete 
| 205|0x000000008cd00000, 0x000000008ce00000, 0x000000008ce00000|100%| E|CS|TAMS 0x000000008cd00000, 0x000000008cd00000| Complete 
| 206|0x000000008ce00000, 0x000000008cf00000, 0x000000008cf00000|100%| E|CS|TAMS 0x000000008ce00000, 0x000000008ce00000| Complete 
| 207|0x000000008cf00000, 0x000000008d000000, 0x000000008d000000|100%| E|CS|TAMS 0x000000008cf00000, 0x000000008cf00000| Complete 

Card table byte_map: [0x0000022a9fbc0000,0x0000022a9ffc0000] _byte_map_base: 0x0000022a9f7c0000

Marking Bits (Prev, Next): (CMBitMap*) 0x0000022a88c44090, (CMBitMap*) 0x0000022a88c440d0
 Prev Bits: [0x0000022aa03c0000, 0x0000022aa23c0000)
 Next Bits: [0x0000022aa23c0000, 0x0000022aa43c0000)

Polling page: 0x0000022a883b0000

Metaspace:

Usage:
  Non-class:     72.10 MB used.
      Class:     11.65 MB used.
       Both:     83.75 MB used.

Virtual space:
  Non-class space:      128.00 MB reserved,      72.50 MB ( 57%) committed,  2 nodes.
      Class space:      416.00 MB reserved,      12.06 MB (  3%) committed,  1 nodes.
             Both:      544.00 MB reserved,      84.56 MB ( 16%) committed. 

Chunk freelists:
   Non-Class:  6.70 MB
       Class:  3.94 MB
        Both:  10.64 MB

MaxMetaspaceSize: 512.00 MB
CompressedClassSpaceSize: 416.00 MB
Initial GC threshold: 21.00 MB
Current GC threshold: 119.81 MB
CDS: on
MetaspaceReclaimPolicy: balanced
 - commit_granule_bytes: 65536.
 - commit_granule_words: 8192.
 - virtual_space_node_default_size: 8388608.
 - enlarge_chunks_in_place: 1.
 - new_chunks_are_fully_committed: 0.
 - uncommit_free_chunks: 1.
 - use_allocation_guard: 0.
 - handle_deallocations: 1.


Internal statistics:

num_allocs_failed_limit: 6.
num_arena_births: 1048.
num_arena_deaths: 0.
num_vsnodes_births: 3.
num_vsnodes_deaths: 0.
num_space_committed: 1353.
num_space_uncommitted: 0.
num_chunks_returned_to_freelist: 6.
num_chunks_taken_from_freelist: 4650.
num_chunk_merges: 6.
num_chunk_splits: 3059.
num_chunks_enlarged: 2024.
num_inconsistent_stats: 0.

CodeHeap 'non-profiled nmethods': size=120000Kb used=5549Kb max_used=5549Kb free=114450Kb
 bounds [0x0000022a97f60000, 0x0000022a984d0000, 0x0000022a9f490000]
CodeHeap 'profiled nmethods': size=120000Kb used=17666Kb max_used=18602Kb free=102333Kb
 bounds [0x0000022a90490000, 0x0000022a916f0000, 0x0000022a979c0000]
CodeHeap 'non-nmethods': size=5760Kb used=2406Kb max_used=2455Kb free=3353Kb
 bounds [0x0000022a979c0000, 0x0000022a97c30000, 0x0000022a97f60000]
 total_blobs=10138 nmethods=9214 adapters=834
 compilation: enabled
              stopped_count=0, restarted_count=0
 full_count=0

Compilation events (20 events):
Event: 127.064 Thread 0x0000022aa6dda7d0 nmethod 10738 0x0000022a908c6690 code [0x0000022a908c6860, 0x0000022a908c6db8]
Event: 127.085 Thread 0x0000022aa6dda7d0 10739       3       org.gradle.internal.typeconversion.NotationParserBuilder::toType (18 bytes)
Event: 127.086 Thread 0x0000022aa6dda7d0 nmethod 10739 0x0000022a90c3fd90 code [0x0000022a90c3ffa0, 0x0000022a90c40718]
Event: 127.086 Thread 0x0000022aa6dda7d0 10740       3       org.gradle.internal.typeconversion.NotationParserBuilder::toComposite (9 bytes)
Event: 127.087 Thread 0x0000022aa6dda7d0 nmethod 10740 0x0000022a90c4c110 code [0x0000022a90c4c2c0, 0x0000022a90c4c438]
Event: 127.110 Thread 0x0000022aa6dda7d0 10741       1       com.android.build.gradle.internal.services.ProjectServices::getObjectFactory (5 bytes)
Event: 127.111 Thread 0x0000022aa6dda7d0 nmethod 10741 0x0000022a984cb190 code [0x0000022a984cb320, 0x0000022a984cb3f8]
Event: 127.123 Thread 0x0000022aa6dda7d0 10742       3       org.gradle.api.internal.model.DefaultObjectFactory::newInstance (12 bytes)
Event: 127.124 Thread 0x0000022aa6dda7d0 nmethod 10742 0x0000022a90c85610 code [0x0000022a90c857c0, 0x0000022a90c85988]
Event: 127.137 Thread 0x0000022aa6dd9d20 10743       4       org.gradle.internal.instantiation.generator.AbstractClassGenerator$ClassMetadata::property (42 bytes)
Event: 127.148 Thread 0x0000022aa6dda7d0 10744       3       org.gradle.internal.instantiation.generator.AsmBackedClassGenerator$ClassBuilderImpl::generateServiceRegistrySupport (20 bytes)
Event: 127.149 Thread 0x0000022aa6dda7d0 nmethod 10744 0x0000022a90c88d10 code [0x0000022a90c88ec0, 0x0000022a90c89028]
Event: 127.162 Thread 0x0000022aa6dda7d0 10748       3       org.apache.groovy.util.BeanUtils::capitalize (64 bytes)
Event: 127.170 Thread 0x0000022aa6dda7d0 nmethod 10748 0x0000022a9144ef90 code [0x0000022a9144f380, 0x0000022a91450c48]
Event: 127.170 Thread 0x0000022aa6dda7d0 10749       3       java.lang.Character::isLowerCase (5 bytes)
Event: 127.171 Thread 0x0000022aa6dda7d0 nmethod 10749 0x0000022a90b15390 code [0x0000022a90b15540, 0x0000022a90b15798]
Event: 127.171 Thread 0x0000022aa6dda7d0 10750       3       java.lang.Character::isLowerCase (9 bytes)
Event: 127.171 Thread 0x0000022aa6dda7d0 nmethod 10750 0x0000022a90d42390 code [0x0000022a90d42540, 0x0000022a90d42738]
Event: 127.171 Thread 0x0000022aa6dda7d0 10751       3       java.lang.CharacterDataLatin1::isLowerCase (16 bytes)
Event: 127.172 Thread 0x0000022aa6dda7d0 nmethod 10751 0x0000022a90b1bb10 code [0x0000022a90b1bcc0, 0x0000022a90b1bed8]

GC Heap History (20 events):
Event: 42.623 GC heap before
{Heap before GC invocations=33 (full 0):
 garbage-first heap   total 115712K, used 93989K [0x0000000080000000, 0x0000000100000000)
  region size 1024K, 31 young (31744K), 4 survivors (4096K)
 Metaspace       used 66328K, committed 67008K, reserved 491520K
  class space    used 9437K, committed 9792K, reserved 425984K
}
Event: 42.639 GC heap after
{Heap after GC invocations=34 (full 0):
 garbage-first heap   total 115712K, used 68659K [0x0000000080000000, 0x0000000100000000)
  region size 1024K, 3 young (3072K), 3 survivors (3072K)
 Metaspace       used 66328K, committed 67008K, reserved 491520K
  class space    used 9437K, committed 9792K, reserved 425984K
}
Event: 50.601 GC heap before
{Heap before GC invocations=35 (full 0):
 garbage-first heap   total 122880K, used 93235K [0x0000000080000000, 0x0000000100000000)
  region size 1024K, 28 young (28672K), 3 survivors (3072K)
 Metaspace       used 68048K, committed 68736K, reserved 491520K
  class space    used 9708K, committed 10048K, reserved 425984K
}
Event: 50.625 GC heap after
{Heap after GC invocations=36 (full 0):
 garbage-first heap   total 122880K, used 69499K [0x0000000080000000, 0x0000000100000000)
  region size 1024K, 3 young (3072K), 3 survivors (3072K)
 Metaspace       used 68048K, committed 68736K, reserved 491520K
  class space    used 9708K, committed 10048K, reserved 425984K
}
Event: 53.092 GC heap before
{Heap before GC invocations=36 (full 0):
 garbage-first heap   total 122880K, used 72571K [0x0000000080000000, 0x0000000100000000)
  region size 1024K, 6 young (6144K), 3 survivors (3072K)
 Metaspace       used 68268K, committed 68928K, reserved 491520K
  class space    used 9727K, committed 10048K, reserved 425984K
}
Event: 53.112 GC heap after
{Heap after GC invocations=37 (full 0):
 garbage-first heap   total 122880K, used 69515K [0x0000000080000000, 0x0000000100000000)
  region size 1024K, 1 young (1024K), 1 survivors (1024K)
 Metaspace       used 68268K, committed 68928K, reserved 491520K
  class space    used 9727K, committed 10048K, reserved 425984K
}
Event: 54.611 GC heap before
{Heap before GC invocations=37 (full 0):
 garbage-first heap   total 122880K, used 83851K [0x0000000080000000, 0x0000000100000000)
  region size 1024K, 16 young (16384K), 1 survivors (1024K)
 Metaspace       used 68481K, committed 69248K, reserved 491520K
  class space    used 9747K, committed 10112K, reserved 425984K
}
Event: 54.624 GC heap after
{Heap after GC invocations=38 (full 0):
 garbage-first heap   total 122880K, used 70016K [0x0000000080000000, 0x0000000100000000)
  region size 1024K, 2 young (2048K), 2 survivors (2048K)
 Metaspace       used 68481K, committed 69248K, reserved 491520K
  class space    used 9747K, committed 10112K, reserved 425984K
}
Event: 57.214 GC heap before
{Heap before GC invocations=39 (full 0):
 garbage-first heap   total 122880K, used 104832K [0x0000000080000000, 0x0000000100000000)
  region size 1024K, 32 young (32768K), 2 survivors (2048K)
 Metaspace       used 70590K, committed 71360K, reserved 491520K
  class space    used 10011K, committed 10368K, reserved 425984K
}
Event: 57.263 GC heap after
{Heap after GC invocations=40 (full 0):
 garbage-first heap   total 122880K, used 79826K [0x0000000080000000, 0x0000000100000000)
  region size 1024K, 4 young (4096K), 4 survivors (4096K)
 Metaspace       used 70590K, committed 71360K, reserved 491520K
  class space    used 10011K, committed 10368K, reserved 425984K
}
Event: 57.365 GC heap before
{Heap before GC invocations=40 (full 0):
 garbage-first heap   total 122880K, used 80850K [0x0000000080000000, 0x0000000100000000)
  region size 1024K, 6 young (6144K), 4 survivors (4096K)
 Metaspace       used 70737K, committed 71488K, reserved 491520K
  class space    used 10027K, committed 10368K, reserved 425984K
}
Event: 57.385 GC heap after
{Heap after GC invocations=41 (full 0):
 garbage-first heap   total 122880K, used 79369K [0x0000000080000000, 0x0000000100000000)
  region size 1024K, 1 young (1024K), 1 survivors (1024K)
 Metaspace       used 70737K, committed 71488K, reserved 491520K
  class space    used 10027K, committed 10368K, reserved 425984K
}
Event: 59.079 GC heap before
{Heap before GC invocations=41 (full 0):
 garbage-first heap   total 122880K, used 101897K [0x0000000080000000, 0x0000000100000000)
  region size 1024K, 23 young (23552K), 1 survivors (1024K)
 Metaspace       used 72855K, committed 73600K, reserved 491520K
  class space    used 10225K, committed 10560K, reserved 425984K
}
Event: 59.094 GC heap after
{Heap after GC invocations=42 (full 0):
 garbage-first heap   total 212992K, used 81398K [0x0000000080000000, 0x0000000100000000)
  region size 1024K, 2 young (2048K), 2 survivors (2048K)
 Metaspace       used 72855K, committed 73600K, reserved 491520K
  class space    used 10225K, committed 10560K, reserved 425984K
}
Event: 64.142 GC heap before
{Heap before GC invocations=43 (full 0):
 garbage-first heap   total 212992K, used 158198K [0x0000000080000000, 0x0000000100000000)
  region size 1024K, 71 young (72704K), 2 survivors (2048K)
 Metaspace       used 78126K, committed 78912K, reserved 557056K
  class space    used 10882K, committed 11264K, reserved 425984K
}
Event: 64.157 GC heap after
{Heap after GC invocations=44 (full 0):
 garbage-first heap   total 212992K, used 87620K [0x0000000080000000, 0x0000000100000000)
  region size 1024K, 9 young (9216K), 9 survivors (9216K)
 Metaspace       used 78126K, committed 78912K, reserved 557056K
  class space    used 10882K, committed 11264K, reserved 425984K
}
Event: 64.195 GC heap before
{Heap before GC invocations=44 (full 0):
 garbage-first heap   total 212992K, used 88644K [0x0000000080000000, 0x0000000100000000)
  region size 1024K, 10 young (10240K), 9 survivors (9216K)
 Metaspace       used 78196K, committed 78976K, reserved 557056K
  class space    used 10891K, committed 11264K, reserved 425984K
}
Event: 64.258 GC heap after
{Heap after GC invocations=45 (full 0):
 garbage-first heap   total 212992K, used 88413K [0x0000000080000000, 0x0000000100000000)
  region size 1024K, 1 young (1024K), 1 survivors (1024K)
 Metaspace       used 78196K, committed 78976K, reserved 557056K
  class space    used 10891K, committed 11264K, reserved 425984K
}
Event: 70.704 GC heap before
{Heap before GC invocations=45 (full 0):
 garbage-first heap   total 212992K, used 158045K [0x0000000080000000, 0x0000000100000000)
  region size 1024K, 69 young (70656K), 1 survivors (1024K)
 Metaspace       used 83521K, committed 84352K, reserved 557056K
  class space    used 11607K, committed 12032K, reserved 425984K
}
Event: 70.739 GC heap after
{Heap after GC invocations=46 (full 0):
 garbage-first heap   total 212992K, used 90405K [0x0000000080000000, 0x0000000100000000)
  region size 1024K, 3 young (3072K), 3 survivors (3072K)
 Metaspace       used 83521K, committed 84352K, reserved 557056K
  class space    used 11607K, committed 12032K, reserved 425984K
}

Deoptimization events (20 events):
Event: 126.789 Thread 0x0000022ac63f2d90 Uncommon trap: trap_request=0xffffffde fr.pc=0x0000022a9840d330 relative=0x00000000000003f0
Event: 126.790 Thread 0x0000022ac63f2d90 Uncommon trap: reason=class_check action=maybe_recompile pc=0x0000022a9840d330 method=java.lang.StringConcatHelper.stringOf(Ljava/lang/Object;)Ljava/lang/String; @ 5 c2
Event: 126.790 Thread 0x0000022ac63f2d90 DEOPT PACKING pc=0x0000022a9840d330 sp=0x000000ecabbf8c40
Event: 126.791 Thread 0x0000022ac63f2d90 DEOPT UNPACKING pc=0x0000022a97a15ba3 sp=0x000000ecabbf8b80 mode 2
Event: 126.806 Thread 0x0000022ac63f2d90 Uncommon trap: trap_request=0xffffffde fr.pc=0x0000022a9840d330 relative=0x00000000000003f0
Event: 126.808 Thread 0x0000022ac63f2d90 Uncommon trap: reason=class_check action=maybe_recompile pc=0x0000022a9840d330 method=java.lang.StringConcatHelper.stringOf(Ljava/lang/Object;)Ljava/lang/String; @ 5 c2
Event: 126.809 Thread 0x0000022ac63f2d90 DEOPT PACKING pc=0x0000022a9840d330 sp=0x000000ecabbf8c10
Event: 126.810 Thread 0x0000022ac63f2d90 DEOPT UNPACKING pc=0x0000022a97a15ba3 sp=0x000000ecabbf8b50 mode 2
Event: 126.879 Thread 0x0000022ac63f2d90 Uncommon trap: trap_request=0xffffffde fr.pc=0x0000022a9840d330 relative=0x00000000000003f0
Event: 126.879 Thread 0x0000022ac63f2d90 Uncommon trap: reason=class_check action=maybe_recompile pc=0x0000022a9840d330 method=java.lang.StringConcatHelper.stringOf(Ljava/lang/Object;)Ljava/lang/String; @ 5 c2
Event: 126.879 Thread 0x0000022ac63f2d90 DEOPT PACKING pc=0x0000022a9840d330 sp=0x000000ecabbf8c40
Event: 126.879 Thread 0x0000022ac63f2d90 DEOPT UNPACKING pc=0x0000022a97a15ba3 sp=0x000000ecabbf8b80 mode 2
Event: 127.048 Thread 0x0000022ac63f2d90 Uncommon trap: trap_request=0xffffffde fr.pc=0x0000022a982720f8 relative=0x00000000000002b8
Event: 127.048 Thread 0x0000022ac63f2d90 Uncommon trap: reason=class_check action=maybe_recompile pc=0x0000022a982720f8 method=com.google.common.collect.ComparatorOrdering.compare(Ljava/lang/Object;Ljava/lang/Object;)I @ 6 c2
Event: 127.048 Thread 0x0000022ac63f2d90 DEOPT PACKING pc=0x0000022a982720f8 sp=0x000000ecabbf7ea0
Event: 127.050 Thread 0x0000022ac63f2d90 DEOPT UNPACKING pc=0x0000022a97a15ba3 sp=0x000000ecabbf7e18 mode 2
Event: 127.050 Thread 0x0000022ac63f2d90 Uncommon trap: trap_request=0xffffffde fr.pc=0x0000022a982720f8 relative=0x00000000000002b8
Event: 127.050 Thread 0x0000022ac63f2d90 Uncommon trap: reason=class_check action=maybe_recompile pc=0x0000022a982720f8 method=com.google.common.collect.ComparatorOrdering.compare(Ljava/lang/Object;Ljava/lang/Object;)I @ 6 c2
Event: 127.050 Thread 0x0000022ac63f2d90 DEOPT PACKING pc=0x0000022a982720f8 sp=0x000000ecabbf7ea0
Event: 127.050 Thread 0x0000022ac63f2d90 DEOPT UNPACKING pc=0x0000022a97a15ba3 sp=0x000000ecabbf7e18 mode 2

Classes unloaded (0 events):
No events

Classes redefined (0 events):
No events

Internal exceptions (20 events):
Event: 112.058 Thread 0x0000022ac63f2d90 Exception <a 'java/lang/ClassNotFoundException'{0x000000008aa12c98}: org/gradle/api/internal/AbstractTaskBeanInfo> (0x000000008aa12c98) 
thrown [s\open\src\hotspot\share\classfile\systemDictionary.cpp, line 256]
Event: 112.074 Thread 0x0000022ac63f2d90 Exception <a 'java/lang/ClassNotFoundException'{0x000000008aa28c50}: org/gradle/api/internal/AbstractTaskCustomizer> (0x000000008aa28c50) 
thrown [s\open\src\hotspot\share\classfile\systemDictionary.cpp, line 256]
Event: 112.219 Thread 0x0000022ac63f2d90 Exception <a 'java/lang/ClassNotFoundException'{0x000000008aa90a48}: org/gradle/api/DefaultTaskCustomizer> (0x000000008aa90a48) 
thrown [s\open\src\hotspot\share\classfile\systemDictionary.cpp, line 256]
Event: 112.248 Thread 0x0000022ac63f2d90 Exception <a 'java/lang/ClassNotFoundException'{0x000000008a9031b0}: org/gradle/api/DefaultTask_DecoratedCustomizer> (0x000000008a9031b0) 
thrown [s\open\src\hotspot\share\classfile\systemDictionary.cpp, line 256]
Event: 113.814 Thread 0x0000022ac63f2d90 Exception <a 'java/lang/ClassNotFoundException'{0x000000008a6318b0}: org/codehaus/groovy/runtime/NullObjectBeanInfo> (0x000000008a6318b0) 
thrown [s\open\src\hotspot\share\classfile\systemDictionary.cpp, line 256]
Event: 114.028 Thread 0x0000022ac63f2d90 Exception <a 'java/lang/ClassNotFoundException'{0x000000008a4d26f8}: org/codehaus/groovy/runtime/NullObjectCustomizer> (0x000000008a4d26f8) 
thrown [s\open\src\hotspot\share\classfile\systemDictionary.cpp, line 256]
Event: 114.155 Thread 0x0000022ac63f2d90 Exception <a 'java/lang/ClassNotFoundException'{0x000000008a4f19d8}: java/util/regex/MatcherBeanInfo> (0x000000008a4f19d8) 
thrown [s\open\src\hotspot\share\classfile\systemDictionary.cpp, line 256]
Event: 114.170 Thread 0x0000022ac63f2d90 Exception <a 'java/lang/ClassNotFoundException'{0x000000008a4f9040}: java/util/regex/MatcherCustomizer> (0x000000008a4f9040) 
thrown [s\open\src\hotspot\share\classfile\systemDictionary.cpp, line 256]
Event: 114.682 Thread 0x0000022ac63f2d90 Exception <a 'java/lang/ClassNotFoundException'{0x000000008a3a1ee0}: com/android/build/gradle/internal/api/DefaultAndroidSourceSet_DecoratedBeanInfo> (0x000000008a3a1ee0) 
thrown [s\open\src\hotspot\share\classfile\systemDictionary.cpp, line 256]
Event: 114.691 Thread 0x0000022ac63f2d90 Exception <a 'java/lang/ClassNotFoundException'{0x000000008a3b0998}: com/android/build/gradle/internal/api/DefaultAndroidSourceSetBeanInfo> (0x000000008a3b0998) 
thrown [s\open\src\hotspot\share\classfile\systemDictionary.cpp, line 256]
Event: 114.696 Thread 0x0000022ac63f2d90 Exception <a 'java/lang/ClassNotFoundException'{0x000000008a3bf758}: com/android/build/gradle/internal/api/DefaultAndroidSourceSetCustomizer> (0x000000008a3bf758) 
thrown [s\open\src\hotspot\share\classfile\systemDictionary.cpp, line 256]
Event: 114.723 Thread 0x0000022ac63f2d90 Exception <a 'java/lang/ClassNotFoundException'{0x000000008a224ad0}: com/android/build/gradle/internal/api/DefaultAndroidSourceSet_DecoratedCustomizer> (0x000000008a224ad0) 
thrown [s\open\src\hotspot\share\classfile\systemDictionary.cpp, line 256]
Event: 115.057 Thread 0x0000022ac63f2d90 Exception <a 'java/lang/ClassNotFoundException'{0x000000008a2bf250}: com/android/build/gradle/internal/api/DefaultAndroidSourceDirectorySetBeanInfo> (0x000000008a2bf250) 
thrown [s\open\src\hotspot\share\classfile\systemDictionary.cpp, line 256]
Event: 115.069 Thread 0x0000022ac63f2d90 Exception <a 'java/lang/ClassNotFoundException'{0x000000008a2ce130}: com/android/build/gradle/internal/api/DefaultAndroidSourceDirectorySetCustomizer> (0x000000008a2ce130) 
thrown [s\open\src\hotspot\share\classfile\systemDictionary.cpp, line 256]
Event: 115.288 Thread 0x0000022ac63f2d90 Exception <a 'java/lang/ClassNotFoundException'{0x000000008a1e5c50}: com/google/common/collect/SingletonImmutableSetBeanInfo> (0x000000008a1e5c50) 
thrown [s\open\src\hotspot\share\classfile\systemDictionary.cpp, line 256]
Event: 115.297 Thread 0x0000022ac63f2d90 Exception <a 'java/lang/ClassNotFoundException'{0x000000008a1f4888}: com/google/common/collect/ImmutableSetBeanInfo> (0x000000008a1f4888) 
thrown [s\open\src\hotspot\share\classfile\systemDictionary.cpp, line 256]
Event: 115.303 Thread 0x0000022ac63f2d90 Exception <a 'java/lang/ClassNotFoundException'{0x000000008a004848}: com/google/common/collect/ImmutableCollectionBeanInfo> (0x000000008a004848) 
thrown [s\open\src\hotspot\share\classfile\systemDictionary.cpp, line 256]
Event: 115.306 Thread 0x0000022ac63f2d90 Exception <a 'java/lang/ClassNotFoundException'{0x000000008a013dd0}: com/google/common/collect/ImmutableCollectionCustomizer> (0x000000008a013dd0) 
thrown [s\open\src\hotspot\share\classfile\systemDictionary.cpp, line 256]
Event: 116.024 Thread 0x0000022ac63f2d90 Exception <a 'java/lang/ClassNotFoundException'{0x000000008a066ed0}: com/google/common/collect/ImmutableSetCustomizer> (0x000000008a066ed0) 
thrown [s\open\src\hotspot\share\classfile\systemDictionary.cpp, line 256]
Event: 116.078 Thread 0x0000022ac63f2d90 Exception <a 'java/lang/ClassNotFoundException'{0x000000008a0916f0}: com/google/common/collect/SingletonImmutableSetCustomizer> (0x000000008a0916f0) 
thrown [s\open\src\hotspot\share\classfile\systemDictionary.cpp, line 256]

VM Operations (20 events):
Event: 116.247 Executing VM operation: Cleanup
Event: 116.263 Executing VM operation: Cleanup done
Event: 117.269 Executing VM operation: Cleanup
Event: 117.287 Executing VM operation: Cleanup done
Event: 118.294 Executing VM operation: Cleanup
Event: 118.317 Executing VM operation: Cleanup done
Event: 119.325 Executing VM operation: Cleanup
Event: 119.342 Executing VM operation: Cleanup done
Event: 120.140 Executing VM operation: HandshakeAllThreads
Event: 120.943 Executing VM operation: HandshakeAllThreads done
Event: 120.943 Executing VM operation: HandshakeAllThreads
Event: 120.957 Executing VM operation: HandshakeAllThreads done
Event: 122.972 Executing VM operation: Cleanup
Event: 122.987 Executing VM operation: Cleanup done
Event: 123.999 Executing VM operation: Cleanup
Event: 124.000 Executing VM operation: Cleanup done
Event: 124.186 Executing VM operation: HandshakeAllThreads
Event: 124.191 Executing VM operation: HandshakeAllThreads done
Event: 127.215 Executing VM operation: Cleanup
Event: 127.215 Executing VM operation: Cleanup done

Events (20 events):
Event: 72.840 loading class java/beans/IntrospectionException done
Event: 101.897 Thread 0x0000022ac9cb5850 Thread exited: 0x0000022ac9cb5850
Event: 110.271 loading class java/io/FileBeanInfo
Event: 110.277 loading class java/io/FileBeanInfo done
Event: 110.378 loading class java/io/FileBeanInfo
Event: 110.378 loading class java/io/FileBeanInfo done
Event: 110.391 loading class java/io/FileCustomizer
Event: 110.394 loading class java/io/FileCustomizer done
Event: 110.413 loading class java/io/FileCustomizer
Event: 110.414 loading class java/io/FileCustomizer done
Event: 113.392 Thread 0x0000022ac9cb4410 Thread exited: 0x0000022ac9cb4410
Event: 114.148 loading class java/util/regex/MatcherBeanInfo
Event: 114.151 loading class java/util/regex/MatcherBeanInfo done
Event: 114.155 loading class java/util/regex/MatcherBeanInfo
Event: 114.155 loading class java/util/regex/MatcherBeanInfo done
Event: 114.162 loading class java/util/regex/MatcherCustomizer
Event: 114.164 loading class java/util/regex/MatcherCustomizer done
Event: 114.170 loading class java/util/regex/MatcherCustomizer
Event: 114.170 loading class java/util/regex/MatcherCustomizer done
Event: 127.186 Thread 0x0000022ac91e3310 Thread exited: 0x0000022ac91e3310


Dynamic libraries:
0x00007ff7af590000 - 0x00007ff7af5a0000 	C:\Program Files\Java\jdk-17\bin\java.exe
0x00007ff8c4590000 - 0x00007ff8c47a7000 	C:\WINDOWS\SYSTEM32\ntdll.dll
0x00007ff8c35f0000 - 0x00007ff8c36b4000 	C:\WINDOWS\System32\KERNEL32.DLL
0x00007ff8c18c0000 - 0x00007ff8c1c6d000 	C:\WINDOWS\System32\KERNELBASE.dll
0x00007ff8c1ce0000 - 0x00007ff8c1df1000 	C:\WINDOWS\System32\ucrtbase.dll
0x00007ff8bd8c0000 - 0x00007ff8bd8db000 	C:\Program Files\Java\jdk-17\bin\VCRUNTIME140.dll
0x00007ff8bce20000 - 0x00007ff8bce39000 	C:\Program Files\Java\jdk-17\bin\jli.dll
0x00007ff8c3230000 - 0x00007ff8c32e2000 	C:\WINDOWS\System32\ADVAPI32.dll
0x00007ff8c4340000 - 0x00007ff8c43e7000 	C:\WINDOWS\System32\msvcrt.dll
0x00007ff8c3f20000 - 0x00007ff8c3fc9000 	C:\WINDOWS\System32\sechost.dll
0x00007ff8c1fe0000 - 0x00007ff8c2008000 	C:\WINDOWS\System32\bcrypt.dll
0x00007ff8c3e00000 - 0x00007ff8c3f14000 	C:\WINDOWS\System32\RPCRT4.dll
0x00007ff8c3a80000 - 0x00007ff8c3c2e000 	C:\WINDOWS\System32\USER32.dll
0x00007ff8c2220000 - 0x00007ff8c2246000 	C:\WINDOWS\System32\win32u.dll
0x00007ff8c3a50000 - 0x00007ff8c3a79000 	C:\WINDOWS\System32\GDI32.dll
0x00007ff89b5a0000 - 0x00007ff89b833000 	C:\WINDOWS\WinSxS\amd64_microsoft.windows.common-controls_6595b64144ccf1df_6.0.22621.3672_none_2713b9d173822955\COMCTL32.dll
0x00007ff8c1ec0000 - 0x00007ff8c1fd9000 	C:\WINDOWS\System32\gdi32full.dll
0x00007ff8c2180000 - 0x00007ff8c221a000 	C:\WINDOWS\System32\msvcp_win.dll
0x00007ff8be510000 - 0x00007ff8be51a000 	C:\WINDOWS\SYSTEM32\VERSION.dll
0x00007ff8c23e0000 - 0x00007ff8c2411000 	C:\WINDOWS\System32\IMM32.DLL
0x00007ff8611f0000 - 0x00007ff8611fc000 	C:\Program Files\Java\jdk-17\bin\vcruntime140_1.dll
0x00007ff861160000 - 0x00007ff8611ee000 	C:\Program Files\Java\jdk-17\bin\msvcp140.dll
0x00007ff860580000 - 0x00007ff86115f000 	C:\Program Files\Java\jdk-17\bin\server\jvm.dll
0x00007ff8c22d0000 - 0x00007ff8c22d8000 	C:\WINDOWS\System32\PSAPI.DLL
0x00007ff89b040000 - 0x00007ff89b049000 	C:\WINDOWS\SYSTEM32\WSOCK32.dll
0x00007ff8c3c30000 - 0x00007ff8c3ca1000 	C:\WINDOWS\System32\WS2_32.dll
0x00007ff8bcc00000 - 0x00007ff8bcc34000 	C:\WINDOWS\SYSTEM32\WINMM.dll
0x00007ff8c08f0000 - 0x00007ff8c0908000 	C:\WINDOWS\SYSTEM32\kernel.appcore.dll
0x00007ff860570000 - 0x00007ff86057a000 	C:\Program Files\Java\jdk-17\bin\jimage.dll
0x00007ff8bf2f0000 - 0x00007ff8bf522000 	C:\WINDOWS\SYSTEM32\DBGHELP.DLL
0x00007ff8c36c0000 - 0x00007ff8c3a48000 	C:\WINDOWS\System32\combase.dll
0x00007ff8c3510000 - 0x00007ff8c35e7000 	C:\WINDOWS\System32\OLEAUT32.dll
0x00007ff89b000000 - 0x00007ff89b032000 	C:\WINDOWS\SYSTEM32\dbgcore.DLL
0x00007ff8c2250000 - 0x00007ff8c22cb000 	C:\WINDOWS\System32\bcryptPrimitives.dll
0x00007ff8995d0000 - 0x00007ff8995de000 	C:\Program Files\Java\jdk-17\bin\instrument.dll
0x00007ff860540000 - 0x00007ff860565000 	C:\Program Files\Java\jdk-17\bin\java.dll
0x00007ff8bcd40000 - 0x00007ff8bce17000 	C:\Program Files\Java\jdk-17\bin\jsvml.dll
0x00007ff8c2450000 - 0x00007ff8c2caf000 	C:\WINDOWS\System32\SHELL32.dll
0x00007ff8bf810000 - 0x00007ff8c010c000 	C:\WINDOWS\SYSTEM32\windows.storage.dll
0x00007ff8bf6d0000 - 0x00007ff8bf80f000 	C:\WINDOWS\SYSTEM32\wintypes.dll
0x00007ff8c3130000 - 0x00007ff8c3224000 	C:\WINDOWS\System32\SHCORE.dll
0x00007ff8c3cb0000 - 0x00007ff8c3d0e000 	C:\WINDOWS\System32\shlwapi.dll
0x00007ff8c17f0000 - 0x00007ff8c1811000 	C:\WINDOWS\SYSTEM32\profapi.dll
0x00007ff860400000 - 0x00007ff860418000 	C:\Program Files\Java\jdk-17\bin\zip.dll
0x00007ff861220000 - 0x00007ff861239000 	C:\Program Files\Java\jdk-17\bin\net.dll
0x00007ff8bdd80000 - 0x00007ff8bdeb6000 	C:\WINDOWS\SYSTEM32\WINHTTP.dll
0x00007ff8c0d60000 - 0x00007ff8c0dc9000 	C:\WINDOWS\system32\mswsock.dll
0x00007ff861200000 - 0x00007ff861216000 	C:\Program Files\Java\jdk-17\bin\nio.dll
0x00007ff89b2f0000 - 0x00007ff89b300000 	C:\Program Files\Java\jdk-17\bin\verify.dll
0x00007ff84c620000 - 0x00007ff84c647000 	C:\Users\pc\gradle-8.5\bin\native\c067742578af261105cb4f569cf0c3c89f3d7b1fecec35dd04571415982c5e48\windows-amd64\native-platform.dll
0x00007ff888c40000 - 0x00007ff888d84000 	C:\Users\pc\gradle-8.5\bin\native\38dada09dfb8b06ba9b0570ebf7e218e3eb74d4ef43ca46872605cf95ebc2f47\windows-amd64\native-platform-file-events.dll
0x00007ff8bd910000 - 0x00007ff8bd91a000 	C:\Program Files\Java\jdk-17\bin\management.dll
0x00007ff8bd900000 - 0x00007ff8bd90b000 	C:\Program Files\Java\jdk-17\bin\management_ext.dll
0x00007ff8c0fd0000 - 0x00007ff8c0feb000 	C:\WINDOWS\SYSTEM32\CRYPTSP.dll
0x00007ff8c0850000 - 0x00007ff8c0885000 	C:\WINDOWS\system32\rsaenh.dll
0x00007ff8c0e60000 - 0x00007ff8c0e88000 	C:\WINDOWS\SYSTEM32\USERENV.dll
0x00007ff8c0fc0000 - 0x00007ff8c0fcc000 	C:\WINDOWS\SYSTEM32\CRYPTBASE.dll
0x00007ff8c0360000 - 0x00007ff8c038d000 	C:\WINDOWS\SYSTEM32\IPHLPAPI.DLL
0x00007ff8c3d10000 - 0x00007ff8c3d19000 	C:\WINDOWS\System32\NSI.dll
0x00007ff8bdc10000 - 0x00007ff8bdc29000 	C:\WINDOWS\SYSTEM32\dhcpcsvc6.DLL
0x00007ff8bdbf0000 - 0x00007ff8bdc0f000 	C:\WINDOWS\SYSTEM32\dhcpcsvc.DLL
0x00007ff8c0390000 - 0x00007ff8c0488000 	C:\WINDOWS\SYSTEM32\DNSAPI.dll
0x00007ff8bd8f0000 - 0x00007ff8bd8fe000 	C:\Program Files\Java\jdk-17\bin\sunmscapi.dll
0x00007ff8c2010000 - 0x00007ff8c2177000 	C:\WINDOWS\System32\CRYPT32.dll
0x00007ff8c1180000 - 0x00007ff8c11ae000 	C:\WINDOWS\SYSTEM32\ncrypt.dll
0x00007ff8c1140000 - 0x00007ff8c1177000 	C:\WINDOWS\SYSTEM32\NTASN1.dll
0x00007ff86aeb0000 - 0x00007ff86aeb8000 	C:\WINDOWS\system32\wshunix.dll
0x00007ff866dd0000 - 0x00007ff866de7000 	C:\WINDOWS\system32\napinsp.dll
0x00007ff865080000 - 0x00007ff86509b000 	C:\WINDOWS\system32\pnrpnsp.dll
0x00007ff865060000 - 0x00007ff865071000 	C:\WINDOWS\System32\winrnr.dll
0x00007ff888860000 - 0x00007ff888875000 	C:\WINDOWS\system32\wshbth.dll
0x00007ff869790000 - 0x00007ff8697b7000 	C:\WINDOWS\system32\nlansp_c.dll
0x00007ff8ba3d0000 - 0x00007ff8ba3da000 	C:\Windows\System32\rasadhlp.dll
0x00007ff8bc7a0000 - 0x00007ff8bc823000 	C:\WINDOWS\System32\fwpuclnt.dll
0x00007ff8bcb60000 - 0x00007ff8bcbf7000 	C:\WINDOWS\system32\apphelp.dll
0x00007ff8c0910000 - 0x00007ff8c0944000 	C:\WINDOWS\SYSTEM32\ntmarta.dll

dbghelp: loaded successfully - version: 4.0.5 - missing functions: none
symbol engine: initialized successfully - sym options: 0x614 - pdb path: .;C:\Program Files\Java\jdk-17\bin;C:\WINDOWS\SYSTEM32;C:\WINDOWS\WinSxS\amd64_microsoft.windows.common-controls_6595b64144ccf1df_6.0.22621.3672_none_2713b9d173822955;C:\Program Files\Java\jdk-17\bin\server;C:\Users\pc\gradle-8.5\bin\native\c067742578af261105cb4f569cf0c3c89f3d7b1fecec35dd04571415982c5e48\windows-amd64;C:\Users\pc\gradle-8.5\bin\native\38dada09dfb8b06ba9b0570ebf7e218e3eb74d4ef43ca46872605cf95ebc2f47\windows-amd64

VM Arguments:
jvm_args: -XX:MaxMetaspaceSize=512m --add-opens=java.base/java.util=ALL-UNNAMED --add-opens=java.base/java.lang=ALL-UNNAMED --add-opens=java.base/java.lang.invoke=ALL-UNNAMED --add-opens=java.prefs/java.util.prefs=ALL-UNNAMED --add-opens=java.base/java.nio.charset=ALL-UNNAMED --add-opens=java.base/java.net=ALL-UNNAMED --add-opens=java.base/java.util.concurrent.atomic=ALL-UNNAMED -Xmx2048m -Dfile.encoding=utf8 -Duser.country=FR -Duser.language=fr -Duser.variant -javaagent:C:\Users\pc\gradle-8.5\bin\wrapper\dists\gradle-8.5-all\3zlzzgtsutfj0pbojr50n2l7z\gradle-8.5\lib\agents\gradle-instrumentation-agent-8.5.jar 
java_command: org.gradle.launcher.daemon.bootstrap.GradleDaemon 8.5
java_class_path (initial): C:\Users\pc\gradle-8.5\bin\wrapper\dists\gradle-8.5-all\3zlzzgtsutfj0pbojr50n2l7z\gradle-8.5\lib\gradle-launcher-8.5.jar
Launcher Type: SUN_STANDARD

[Global flags]
     intx CICompilerCount                          = 4                                         {product} {ergonomic}
   size_t CompressedClassSpaceSize                 = 436207616                                 {product} {ergonomic}
     uint ConcGCThreads                            = 2                                         {product} {ergonomic}
     uint G1ConcRefinementThreads                  = 8                                         {product} {ergonomic}
   size_t G1HeapRegionSize                         = 1048576                                   {product} {ergonomic}
    uintx GCDrainStackTargetSize                   = 64                                        {product} {ergonomic}
   size_t InitialHeapSize                          = 130023424                                 {product} {ergonomic}
   size_t MarkStackSize                            = 4194304                                   {product} {ergonomic}
   size_t MaxHeapSize                              = 2147483648                                {product} {command line}
   size_t MaxMetaspaceSize                         = 536870912                                 {product} {command line}
   size_t MaxNewSize                               = 1287651328                                {product} {ergonomic}
   size_t MinHeapDeltaBytes                        = 1048576                                   {product} {ergonomic}
   size_t MinHeapSize                              = 8388608                                   {product} {ergonomic}
    uintx NonNMethodCodeHeapSize                   = 5839372                                {pd product} {ergonomic}
    uintx NonProfiledCodeHeapSize                  = 122909434                              {pd product} {ergonomic}
    uintx ProfiledCodeHeapSize                     = 122909434                              {pd product} {ergonomic}
    uintx ReservedCodeCacheSize                    = 251658240                              {pd product} {ergonomic}
     bool SegmentedCodeCache                       = true                                      {product} {ergonomic}
   size_t SoftMaxHeapSize                          = 2147483648                             {manageable} {ergonomic}
     bool UseCompressedClassPointers               = true                           {product lp64_product} {ergonomic}
     bool UseCompressedOops                        = true                           {product lp64_product} {ergonomic}
     bool UseG1GC                                  = true                                      {product} {ergonomic}
     bool UseLargePagesIndividualAllocation        = false                                  {pd product} {ergonomic}

Logging:
Log output configuration:
 #0: stdout all=warning uptime,level,tags
 #1: stderr all=off uptime,level,tags

Environment Variables:
JAVA_HOME=C:\Program Files\Java\jdk-17\
PATH=C:\Program Files\Microsoft\jdk-17.0.11.9-hotspot\bin;C:\Program Files\Common Files\Oracle\Java\javapath;C:\Program Files (x86)\Common Files\Oracle\Java\javapath;C:\WINDOWS\system32;C:\WINDOWS;C:\WINDOWS\System32\Wbem;C:\WINDOWS\System32\WindowsPowerShell\v1.0\;C:\WINDOWS\System32\OpenSSH\;C:\Program Files\Java\jdk-21\bin;C:\Program Files\Java\jdk-17\bin;C:\Program Files\OpenSSL-Win64\bin;C:\Users\pc\gradle-8.6\bin;C:\Program Files\MySQL\MySQL Server 8.0\bin;C:\ProgramData\chocolatey\bin;C:\Windows\System32\lib;C:\Program Files\Git\cmd;C:\Program Files\nodejs\;C:\Users\pc\AppData\Local\Android\android_sdk\cmdline-tools\latest\bin;C:\Users\pc\AppData\Local\Android\android_sdk\platform-tools;C:\Users\pc\AppData\Local\Android\android_sdk\tools;C:\Users\pc\AppData\Local\Android\android_sdk\tools\bin;C:\Program Files\Microsoft\jdk-17.0.11.9-hotspot\bin;C:\Program Files\Common Files\Oracle\Java\javapath;C:\Program Files (x86)\Common Files\Oracle\Java\javapath;C:\WINDOWS\system32;C:\WINDOWS;C:\WINDOWS\System32\Wbem;C:\WINDOWS\System32\WindowsPowerShell\v1.0\;C:\WINDOWS\System32\OpenSSH\;C:\Program Files\Java\jdk-21\bin;C:\Program Files\Java\jdk-17\bin;C:\Program Files\OpenSSL-Win64\bin;C:\Users\pc\gradle-8.6\bin;C:\Program Files\MySQL\MySQL Server 8.0\bin;C:\ProgramData\chocolatey\bin;C:\Windows\System32\lib;C:\Program Files\Git\cmd;C:\Program Files\nodejs\;C:\Users\pc\AppData\Local\Android\android_sdk\cmdline-tools\latest\bin;C:\Users\pc\AppData\Local\Android\android_sdk\platform-tools;C:\Program Files\MySQL\MySQL Shell 8.0\bin\;C:\Users\pc\AppData\Local\Programs\Python\Python312\Scripts\;C:\Users\pc\AppData\Local\Programs\Python\Python312\;C:\Users\pc\AppData\Local\Microsoft\WindowsApps;C:\Users\pc\AppData\Local\Programs\Microsoft VS Code\bin;C:\Users\pc\AppData\Roaming\npm;C:\Users\pc\AppData\Local\Andro
USERNAME=pc
OS=Windows_NT
PROCESSOR_IDENTIFIER=Intel64 Family 6 Model 140 Stepping 1, GenuineIntel



---------------  S Y S T E M  ---------------

OS:
 Windows 11 , 64 bit Build 22621 (10.0.22621.3672)
OS uptime: 0 days 1:30 hours

CPU: total 8 (initial active 8) (4 cores per cpu, 2 threads per core) family 6 model 140 stepping 1 microcode 0xac, cx8, cmov, fxsr, ht, mmx, 3dnowpref, sse, sse2, sse3, ssse3, sse4.1, sse4.2, popcnt, lzcnt, tsc, tscinvbit, avx, avx2, aes, erms, clmul, bmi1, bmi2, adx, avx512f, avx512dq, avx512cd, avx512bw, avx512vl, sha, fma, vzeroupper, avx512_vpopcntdq, avx512_vpclmulqdq, avx512_vaes, avx512_vnni, clflush, clflushopt, clwb, avx512_vbmi2, avx512_vbmi

Memory: 4k page, system-wide physical 7932M (8M free)
TotalPageFile size 19533M (AvailPageFile size 0M)
current process WorkingSet (physical memory assigned to process): 127M, peak: 303M
current process commit charge ("private bytes"): 479M, peak: 493M

vm_info: Java HotSpot(TM) 64-Bit Server VM (17.0.10+11-LTS-240) for windows-amd64 JRE (17.0.10+11-LTS-240), built on Dec 19 2023 21:47:25 by "mach5one" with MS VC++ 17.1 (VS2022)

END.
