#
# There is insufficient memory for the Java Runtime Environment to continue.
# Native memory allocation (malloc) failed to allocate 950416 bytes for Chunk::new
# Possible reasons:
#   The system is out of physical RAM or swap space
#   The process is running with CompressedOops enabled, and the Java Heap may be blocking the growth of the native heap
# Possible solutions:
#   Reduce memory load on the system
#   Increase physical memory or swap space
#   Check if swap backing store is full
#   Decrease Java heap size (-Xmx/-Xms)
#   Decrease number of Java threads
#   Decrease Java thread stack sizes (-Xss)
#   Set larger code cache with -XX:ReservedCodeCacheSize=
#   JVM is running with Unscaled Compressed Oops mode in which the Java heap is
#     placed in the first 4GB address space. The Java Heap base address is the
#     maximum limit for the native heap growth. Please use -XX:HeapBaseMinAddress
#     to set the Java Heap base and to place the Java Heap above 4GB virtual address.
# This output file may be truncated or incomplete.
#
#  Out of Memory Error (arena.cpp:189), pid=24688, tid=1260
#
# JRE version: Java(TM) SE Runtime Environment (17.0.10+11) (build 17.0.10+11-LTS-240)
# Java VM: Java HotSpot(TM) 64-Bit Server VM (17.0.10+11-LTS-240, mixed mode, sharing, tiered, compressed oops, compressed class ptrs, g1 gc, windows-amd64)
# No core dump will be written. Minidumps are not enabled by default on client versions of Windows
#

---------------  S U M M A R Y ------------

Command Line: -Xmx64m -Xms64m -Dorg.gradle.appname=gradlew org.gradle.wrapper.GradleWrapperMain app:installDebug -PreactNativeDevServerPort=8081

Host: 11th Gen Intel(R) Core(TM) i5-1135G7 @ 2.40GHz, 8 cores, 7G,  Windows 11 , 64 bit Build 22621 (10.0.22621.3672)
Time: Tue Jul 16 12:15:47 2024 Maroc (heure d64 bit Build 22621 (10.0.22621.3672) elapsed time: 196.957093 seconds (0d 0h 3m 16s)

---------------  T H R E A D  ---------------

Current thread (0x000001c17a1d19b0):  JavaThread "C2 CompilerThread0" daemon [_thread_in_native, id=1260, stack(0x0000004cf4b00000,0x0000004cf4c00000)]


Current CompileTask:
C2: 196957 2214   !   4       java.io.ObjectInputStream::readObject0 (681 bytes)

Stack: [0x0000004cf4b00000,0x0000004cf4c00000]
Native frames: (J=compiled Java code, j=interpreted, Vv=VM code, C=native code)
V  [jvm.dll+0x677a5a]
V  [jvm.dll+0x7d8b2d]
V  [jvm.dll+0x7da48e]
V  [jvm.dll+0x7daaf3]
V  [jvm.dll+0x2455ff]
V  [jvm.dll+0xaaafb]
V  [jvm.dll+0xab09c]
V  [jvm.dll+0x361b5f]
V  [jvm.dll+0x32c211]
V  [jvm.dll+0x32b6aa]
V  [jvm.dll+0x21794f]
V  [jvm.dll+0x216d81]
V  [jvm.dll+0x1a3410]
V  [jvm.dll+0x226aeb]
V  [jvm.dll+0x224cab]
V  [jvm.dll+0x78e45c]
V  [jvm.dll+0x78888a]
V  [jvm.dll+0x676935]
C  [ucrtbase.dll+0x29333]
C  [KERNEL32.DLL+0x1257d]
C  [ntdll.dll+0x5af28]


---------------  P R O C E S S  ---------------

Threads class SMR info:
_java_thread_list=0x000001c17f058330, length=14, elements={
0x000001c160a58f30, 0x000001c160b03f70, 0x000001c160b04b30, 0x000001c160b16690,
0x000001c160b17250, 0x000001c17a1d0820, 0x000001c160b1e030, 0x000001c17a1d19b0,
0x000001c17a1d22c0, 0x000001c17a1d2cc0, 0x000001c17a437030, 0x000001c17a43e560,
0x000001c17ac2ceb0, 0x000001c17f0d02a0
}

Java Threads: ( => current thread )
  0x000001c160a58f30 JavaThread "main" [_thread_in_Java, id=2564, stack(0x0000004cf3d00000,0x0000004cf3e00000)]
  0x000001c160b03f70 JavaThread "Reference Handler" daemon [_thread_blocked, id=10028, stack(0x0000004cf4400000,0x0000004cf4500000)]
  0x000001c160b04b30 JavaThread "Finalizer" daemon [_thread_blocked, id=21008, stack(0x0000004cf4500000,0x0000004cf4600000)]
  0x000001c160b16690 JavaThread "Signal Dispatcher" daemon [_thread_blocked, id=26128, stack(0x0000004cf4700000,0x0000004cf4800000)]
  0x000001c160b17250 JavaThread "Attach Listener" daemon [_thread_blocked, id=24280, stack(0x0000004cf4800000,0x0000004cf4900000)]
  0x000001c17a1d0820 JavaThread "Service Thread" daemon [_thread_blocked, id=11392, stack(0x0000004cf4900000,0x0000004cf4a00000)]
  0x000001c160b1e030 JavaThread "Monitor Deflation Thread" daemon [_thread_blocked, id=26156, stack(0x0000004cf4a00000,0x0000004cf4b00000)]
=>0x000001c17a1d19b0 JavaThread "C2 CompilerThread0" daemon [_thread_in_native, id=1260, stack(0x0000004cf4b00000,0x0000004cf4c00000)]
  0x000001c17a1d22c0 JavaThread "C1 CompilerThread0" daemon [_thread_blocked, id=24208, stack(0x0000004cf4c00000,0x0000004cf4d00000)]
  0x000001c17a1d2cc0 JavaThread "Sweeper thread" daemon [_thread_blocked, id=26252, stack(0x0000004cf4d00000,0x0000004cf4e00000)]
  0x000001c17a437030 JavaThread "Notification Thread" daemon [_thread_blocked, id=25292, stack(0x0000004cf4e00000,0x0000004cf4f00000)]
  0x000001c17a43e560 JavaThread "Common-Cleaner" daemon [_thread_blocked, id=6812, stack(0x0000004cf5000000,0x0000004cf5100000)]
  0x000001c17ac2ceb0 JavaThread "pool-1-thread-1" [_thread_blocked, id=25024, stack(0x0000004cf5500000,0x0000004cf5600000)]
  0x000001c17f0d02a0 JavaThread "DisconnectableInputStream source reader" daemon [_thread_in_native, id=7520, stack(0x0000004cf5a00000,0x0000004cf5b00000)]

Other Threads:
  0x000001c160afb9f0 VMThread "VM Thread" [stack: 0x0000004cf4300000,0x0000004cf4400000] [id=23868]
  0x000001c160a82420 WatcherThread [stack: 0x0000004cf4f00000,0x0000004cf5000000] [id=23780]
  0x000001c160a78750 GCTaskThread "GC Thread#0" [stack: 0x0000004cf3e00000,0x0000004cf3f00000] [id=22008]
  0x000001c17ac2d7b0 GCTaskThread "GC Thread#1" [stack: 0x0000004cf5100000,0x0000004cf5200000] [id=9656]
  0x000001c17a8c8f90 GCTaskThread "GC Thread#2" [stack: 0x0000004cf5200000,0x0000004cf5300000] [id=18936]
  0x000001c17addb840 GCTaskThread "GC Thread#3" [stack: 0x0000004cf5300000,0x0000004cf5400000] [id=14428]
  0x000001c17addbb00 GCTaskThread "GC Thread#4" [stack: 0x0000004cf5400000,0x0000004cf5500000] [id=24248]
  0x000001c17f4d9cc0 GCTaskThread "GC Thread#5" [stack: 0x0000004cf5600000,0x0000004cf5700000] [id=26076]
  0x000001c17ae87280 GCTaskThread "GC Thread#6" [stack: 0x0000004cf5700000,0x0000004cf5800000] [id=16268]
  0x000001c17af138d0 GCTaskThread "GC Thread#7" [stack: 0x0000004cf5800000,0x0000004cf5900000] [id=23320]
  0x000001c160a79ea0 ConcurrentGCThread "G1 Main Marker" [stack: 0x0000004cf3f00000,0x0000004cf4000000] [id=19872]
  0x000001c160a7b8c0 ConcurrentGCThread "G1 Conc#0" [stack: 0x0000004cf4000000,0x0000004cf4100000] [id=8264]
  0x000001c160adb700 ConcurrentGCThread "G1 Refine#0" [stack: 0x0000004cf4100000,0x0000004cf4200000] [id=20740]
  0x000001c160adc130 ConcurrentGCThread "G1 Service" [stack: 0x0000004cf4200000,0x0000004cf4300000] [id=14092]

Threads with active compile tasks:
C2 CompilerThread0   197077 2214   !   4       java.io.ObjectInputStream::readObject0 (681 bytes)

VM state: not at safepoint (normal execution)

VM Mutex/Monitor currently owned by a thread: None

Heap address: 0x00000000fc000000, size: 64 MB, Compressed Oops mode: 32-bit

CDS archive(s) mapped at: [0x000001c100000000-0x000001c100bd0000-0x000001c100bd0000), size 12386304, SharedBaseAddress: 0x000001c100000000, ArchiveRelocationMode: 1.
Compressed class space mapped at: 0x000001c101000000-0x000001c141000000, reserved size: 1073741824
Narrow klass base: 0x000001c100000000, Narrow klass shift: 0, Narrow klass range: 0x100000000

GC Precious Log:
 CPUs: 8 total, 8 available
 Memory: 7932M
 Large Page Support: Disabled
 NUMA Support: Disabled
 Compressed Oops: Enabled (32-bit)
 Heap Region Size: 1M
 Heap Min Capacity: 64M
 Heap Initial Capacity: 64M
 Heap Max Capacity: 64M
 Pre-touch: Disabled
 Parallel Workers: 8
 Concurrent Workers: 2
 Concurrent Refinement Workers: 8
 Periodic GC: Disabled

Heap:
 garbage-first heap   total 65536K, used 21768K [0x00000000fc000000, 0x0000000100000000)
  region size 1024K, 12 young (12288K), 3 survivors (3072K)
 Metaspace       used 11036K, committed 11264K, reserved 1114112K
  class space    used 1398K, committed 1536K, reserved 1048576K

Heap Regions: E=young(eden), S=young(survivor), O=old, HS=humongous(starts), HC=humongous(continues), CS=collection set, F=free, OA=open archive, CA=closed archive, TAMS=top-at-mark-start (previous, next)
|   0|0x00000000fc000000, 0x00000000fc100000, 0x00000000fc100000|100%|HS|  |TAMS 0x00000000fc000000, 0x00000000fc000000| Complete 
|   1|0x00000000fc100000, 0x00000000fc200000, 0x00000000fc200000|100%|HC|  |TAMS 0x00000000fc100000, 0x00000000fc100000| Complete 
|   2|0x00000000fc200000, 0x00000000fc300000, 0x00000000fc300000|100%|HC|  |TAMS 0x00000000fc200000, 0x00000000fc200000| Complete 
|   3|0x00000000fc300000, 0x00000000fc400000, 0x00000000fc400000|100%|HC|  |TAMS 0x00000000fc300000, 0x00000000fc300000| Complete 
|   4|0x00000000fc400000, 0x00000000fc500000, 0x00000000fc500000|100%| O|  |TAMS 0x00000000fc400000, 0x00000000fc400000| Untracked 
|   5|0x00000000fc500000, 0x00000000fc600000, 0x00000000fc600000|100%| O|  |TAMS 0x00000000fc500000, 0x00000000fc500000| Untracked 
|   6|0x00000000fc600000, 0x00000000fc700000, 0x00000000fc700000|100%| O|  |TAMS 0x00000000fc600000, 0x00000000fc600000| Untracked 
|   7|0x00000000fc700000, 0x00000000fc800000, 0x00000000fc800000|100%| O|  |TAMS 0x00000000fc700000, 0x00000000fc700000| Untracked 
|   8|0x00000000fc800000, 0x00000000fc900000, 0x00000000fc900000|100%| O|  |TAMS 0x00000000fc800000, 0x00000000fc800000| Untracked 
|   9|0x00000000fc900000, 0x00000000fca00000, 0x00000000fca00000|100%| O|  |TAMS 0x00000000fc900000, 0x00000000fc900000| Untracked 
|  10|0x00000000fca00000, 0x00000000fcac2a00, 0x00000000fcb00000| 76%| O|  |TAMS 0x00000000fca00000, 0x00000000fca00000| Untracked 
|  11|0x00000000fcb00000, 0x00000000fcb00000, 0x00000000fcc00000|  0%| F|  |TAMS 0x00000000fcb00000, 0x00000000fcb00000| Untracked 
|  12|0x00000000fcc00000, 0x00000000fcc00000, 0x00000000fcd00000|  0%| F|  |TAMS 0x00000000fcc00000, 0x00000000fcc00000| Untracked 
|  13|0x00000000fcd00000, 0x00000000fcd00000, 0x00000000fce00000|  0%| F|  |TAMS 0x00000000fcd00000, 0x00000000fcd00000| Untracked 
|  14|0x00000000fce00000, 0x00000000fce00000, 0x00000000fcf00000|  0%| F|  |TAMS 0x00000000fce00000, 0x00000000fce00000| Untracked 
|  15|0x00000000fcf00000, 0x00000000fcf00000, 0x00000000fd000000|  0%| F|  |TAMS 0x00000000fcf00000, 0x00000000fcf00000| Untracked 
|  16|0x00000000fd000000, 0x00000000fd000000, 0x00000000fd100000|  0%| F|  |TAMS 0x00000000fd000000, 0x00000000fd000000| Untracked 
|  17|0x00000000fd100000, 0x00000000fd100000, 0x00000000fd200000|  0%| F|  |TAMS 0x00000000fd100000, 0x00000000fd100000| Untracked 
|  18|0x00000000fd200000, 0x00000000fd200000, 0x00000000fd300000|  0%| F|  |TAMS 0x00000000fd200000, 0x00000000fd200000| Untracked 
|  19|0x00000000fd300000, 0x00000000fd300000, 0x00000000fd400000|  0%| F|  |TAMS 0x00000000fd300000, 0x00000000fd300000| Untracked 
|  20|0x00000000fd400000, 0x00000000fd400000, 0x00000000fd500000|  0%| F|  |TAMS 0x00000000fd400000, 0x00000000fd400000| Untracked 
|  21|0x00000000fd500000, 0x00000000fd500000, 0x00000000fd600000|  0%| F|  |TAMS 0x00000000fd500000, 0x00000000fd500000| Untracked 
|  22|0x00000000fd600000, 0x00000000fd600000, 0x00000000fd700000|  0%| F|  |TAMS 0x00000000fd600000, 0x00000000fd600000| Untracked 
|  23|0x00000000fd700000, 0x00000000fd700000, 0x00000000fd800000|  0%| F|  |TAMS 0x00000000fd700000, 0x00000000fd700000| Untracked 
|  24|0x00000000fd800000, 0x00000000fd800000, 0x00000000fd900000|  0%| F|  |TAMS 0x00000000fd800000, 0x00000000fd800000| Untracked 
|  25|0x00000000fd900000, 0x00000000fd900000, 0x00000000fda00000|  0%| F|  |TAMS 0x00000000fd900000, 0x00000000fd900000| Untracked 
|  26|0x00000000fda00000, 0x00000000fda00000, 0x00000000fdb00000|  0%| F|  |TAMS 0x00000000fda00000, 0x00000000fda00000| Untracked 
|  27|0x00000000fdb00000, 0x00000000fdb00000, 0x00000000fdc00000|  0%| F|  |TAMS 0x00000000fdb00000, 0x00000000fdb00000| Untracked 
|  28|0x00000000fdc00000, 0x00000000fdc00000, 0x00000000fdd00000|  0%| F|  |TAMS 0x00000000fdc00000, 0x00000000fdc00000| Untracked 
|  29|0x00000000fdd00000, 0x00000000fdd00000, 0x00000000fde00000|  0%| F|  |TAMS 0x00000000fdd00000, 0x00000000fdd00000| Untracked 
|  30|0x00000000fde00000, 0x00000000fde00000, 0x00000000fdf00000|  0%| F|  |TAMS 0x00000000fde00000, 0x00000000fde00000| Untracked 
|  31|0x00000000fdf00000, 0x00000000fdf00000, 0x00000000fe000000|  0%| F|  |TAMS 0x00000000fdf00000, 0x00000000fdf00000| Untracked 
|  32|0x00000000fe000000, 0x00000000fe000000, 0x00000000fe100000|  0%| F|  |TAMS 0x00000000fe000000, 0x00000000fe000000| Untracked 
|  33|0x00000000fe100000, 0x00000000fe100000, 0x00000000fe200000|  0%| F|  |TAMS 0x00000000fe100000, 0x00000000fe100000| Untracked 
|  34|0x00000000fe200000, 0x00000000fe200000, 0x00000000fe300000|  0%| F|  |TAMS 0x00000000fe200000, 0x00000000fe200000| Untracked 
|  35|0x00000000fe300000, 0x00000000fe300000, 0x00000000fe400000|  0%| F|  |TAMS 0x00000000fe300000, 0x00000000fe300000| Untracked 
|  36|0x00000000fe400000, 0x00000000fe47f7c0, 0x00000000fe500000| 49%| S|CS|TAMS 0x00000000fe400000, 0x00000000fe400000| Complete 
|  37|0x00000000fe500000, 0x00000000fe600000, 0x00000000fe600000|100%| S|CS|TAMS 0x00000000fe500000, 0x00000000fe500000| Complete 
|  38|0x00000000fe600000, 0x00000000fe600000, 0x00000000fe700000|  0%| F|  |TAMS 0x00000000fe600000, 0x00000000fe600000| Untracked 
|  39|0x00000000fe700000, 0x00000000fe700000, 0x00000000fe800000|  0%| F|  |TAMS 0x00000000fe700000, 0x00000000fe700000| Untracked 
|  40|0x00000000fe800000, 0x00000000fe800000, 0x00000000fe900000|  0%| F|  |TAMS 0x00000000fe800000, 0x00000000fe800000| Untracked 
|  41|0x00000000fe900000, 0x00000000fea00000, 0x00000000fea00000|100%| S|CS|TAMS 0x00000000fe900000, 0x00000000fe900000| Complete 
|  42|0x00000000fea00000, 0x00000000fea00000, 0x00000000feb00000|  0%| F|  |TAMS 0x00000000fea00000, 0x00000000fea00000| Untracked 
|  43|0x00000000feb00000, 0x00000000feb00000, 0x00000000fec00000|  0%| F|  |TAMS 0x00000000feb00000, 0x00000000feb00000| Untracked 
|  44|0x00000000fec00000, 0x00000000fec00000, 0x00000000fed00000|  0%| F|  |TAMS 0x00000000fec00000, 0x00000000fec00000| Untracked 
|  45|0x00000000fed00000, 0x00000000fed00000, 0x00000000fee00000|  0%| F|  |TAMS 0x00000000fed00000, 0x00000000fed00000| Untracked 
|  46|0x00000000fee00000, 0x00000000fee00000, 0x00000000fef00000|  0%| F|  |TAMS 0x00000000fee00000, 0x00000000fee00000| Untracked 
|  47|0x00000000fef00000, 0x00000000fef00000, 0x00000000ff000000|  0%| F|  |TAMS 0x00000000fef00000, 0x00000000fef00000| Untracked 
|  48|0x00000000ff000000, 0x00000000ff000000, 0x00000000ff100000|  0%| F|  |TAMS 0x00000000ff000000, 0x00000000ff000000| Untracked 
|  49|0x00000000ff100000, 0x00000000ff100000, 0x00000000ff200000|  0%| F|  |TAMS 0x00000000ff100000, 0x00000000ff100000| Untracked 
|  50|0x00000000ff200000, 0x00000000ff200000, 0x00000000ff300000|  0%| F|  |TAMS 0x00000000ff200000, 0x00000000ff200000| Untracked 
|  51|0x00000000ff300000, 0x00000000ff300000, 0x00000000ff400000|  0%| F|  |TAMS 0x00000000ff300000, 0x00000000ff300000| Untracked 
|  52|0x00000000ff400000, 0x00000000ff400000, 0x00000000ff500000|  0%| F|  |TAMS 0x00000000ff400000, 0x00000000ff400000| Untracked 
|  53|0x00000000ff500000, 0x00000000ff500000, 0x00000000ff600000|  0%| F|  |TAMS 0x00000000ff500000, 0x00000000ff500000| Untracked 
|  54|0x00000000ff600000, 0x00000000ff600000, 0x00000000ff700000|  0%| F|  |TAMS 0x00000000ff600000, 0x00000000ff600000| Untracked 
|  55|0x00000000ff700000, 0x00000000ff800000, 0x00000000ff800000|100%| E|  |TAMS 0x00000000ff700000, 0x00000000ff700000| Complete 
|  56|0x00000000ff800000, 0x00000000ff900000, 0x00000000ff900000|100%| E|CS|TAMS 0x00000000ff800000, 0x00000000ff800000| Complete 
|  57|0x00000000ff900000, 0x00000000ffa00000, 0x00000000ffa00000|100%| E|CS|TAMS 0x00000000ff900000, 0x00000000ff900000| Complete 
|  58|0x00000000ffa00000, 0x00000000ffb00000, 0x00000000ffb00000|100%| E|CS|TAMS 0x00000000ffa00000, 0x00000000ffa00000| Complete 
|  59|0x00000000ffb00000, 0x00000000ffc00000, 0x00000000ffc00000|100%| E|CS|TAMS 0x00000000ffb00000, 0x00000000ffb00000| Complete 
|  60|0x00000000ffc00000, 0x00000000ffd00000, 0x00000000ffd00000|100%| E|CS|TAMS 0x00000000ffc00000, 0x00000000ffc00000| Complete 
|  61|0x00000000ffd00000, 0x00000000ffe00000, 0x00000000ffe00000|100%| E|CS|TAMS 0x00000000ffd00000, 0x00000000ffd00000| Complete 
|  62|0x00000000ffe00000, 0x00000000fff00000, 0x00000000fff00000|100%| E|CS|TAMS 0x00000000ffe00000, 0x00000000ffe00000| Complete 
|  63|0x00000000fff00000, 0x0000000100000000, 0x0000000100000000|100%| E|CS|TAMS 0x00000000fff00000, 0x00000000fff00000| Complete 

Card table byte_map: [0x000001c15ea10000,0x000001c15ea30000] _byte_map_base: 0x000001c15e230000

Marking Bits (Prev, Next): (CMBitMap*) 0x000001c160a78d70, (CMBitMap*) 0x000001c160a78db0
 Prev Bits: [0x000001c177630000, 0x000001c177730000)
 Next Bits: [0x000001c177730000, 0x000001c177830000)

Polling page: 0x000001c15e9c0000

Metaspace:

Usage:
  Non-class:      9.41 MB used.
      Class:      1.37 MB used.
       Both:     10.78 MB used.

Virtual space:
  Non-class space:       64.00 MB reserved,       9.50 MB ( 15%) committed,  1 nodes.
      Class space:        1.00 GB reserved,       1.50 MB ( <1%) committed,  1 nodes.
             Both:        1.06 GB reserved,      11.00 MB (  1%) committed. 

Chunk freelists:
   Non-Class:  6.25 MB
       Class:  14.50 MB
        Both:  20.75 MB

MaxMetaspaceSize: unlimited
CompressedClassSpaceSize: 1.00 GB
Initial GC threshold: 21.00 MB
Current GC threshold: 21.00 MB
CDS: on
MetaspaceReclaimPolicy: balanced
 - commit_granule_bytes: 65536.
 - commit_granule_words: 8192.
 - virtual_space_node_default_size: 8388608.
 - enlarge_chunks_in_place: 1.
 - new_chunks_are_fully_committed: 0.
 - uncommit_free_chunks: 1.
 - use_allocation_guard: 0.
 - handle_deallocations: 1.


Internal statistics:

num_allocs_failed_limit: 0.
num_arena_births: 146.
num_arena_deaths: 0.
num_vsnodes_births: 2.
num_vsnodes_deaths: 0.
num_space_committed: 176.
num_space_uncommitted: 0.
num_chunks_returned_to_freelist: 0.
num_chunks_taken_from_freelist: 453.
num_chunk_merges: 0.
num_chunk_splits: 287.
num_chunks_enlarged: 201.
num_inconsistent_stats: 0.

CodeHeap 'non-profiled nmethods': size=120000Kb used=833Kb max_used=833Kb free=119166Kb
 bounds [0x000001c16fdd0000, 0x000001c170040000, 0x000001c177300000]
CodeHeap 'profiled nmethods': size=120000Kb used=4447Kb max_used=4447Kb free=115552Kb
 bounds [0x000001c168300000, 0x000001c168760000, 0x000001c16f830000]
CodeHeap 'non-nmethods': size=5760Kb used=1201Kb max_used=1219Kb free=4558Kb
 bounds [0x000001c16f830000, 0x000001c16faa0000, 0x000001c16fdd0000]
 total_blobs=2708 nmethods=2215 adapters=406
 compilation: enabled
              stopped_count=0, restarted_count=0
 full_count=0

Compilation events (20 events):
Event: 196.754 Thread 0x000001c17a1d22c0 2208   !   3       java.io.ObjectStreamClass::invokeReadResolve (73 bytes)
Event: 196.755 Thread 0x000001c17a1d22c0 nmethod 2208 0x000001c168750990 code [0x000001c168750c20, 0x000001c1687518d8]
Event: 196.755 Thread 0x000001c17a1d22c0 2209   !   3       jdk.internal.reflect.GeneratedSerializationConstructorAccessor21::newInstance (49 bytes)
Event: 196.755 Thread 0x000001c17a1d22c0 nmethod 2209 0x000001c168751d90 code [0x000001c168751f60, 0x000001c168752388]
Event: 196.755 Thread 0x000001c17a1d22c0 2210  s    3       java.net.URL::readObject (219 bytes)
Event: 196.758 Thread 0x000001c17a1d19b0 nmethod 2199 0x000001c16fe9cc90 code [0x000001c16fe9ce40, 0x000001c16fe9d5e8]
Event: 196.758 Thread 0x000001c17a1d19b0 2200       4       java.io.ObjectInputStream$BlockDataInputStream::peek (55 bytes)
Event: 196.758 Thread 0x000001c17a1d22c0 nmethod 2210 0x000001c168752590 code [0x000001c1687529a0, 0x000001c168754498]
Event: 196.759 Thread 0x000001c17a1d22c0 2211       3       java.net.UrlDeserializedState::<init> (44 bytes)
Event: 196.759 Thread 0x000001c17a1d22c0 nmethod 2211 0x000001c168754d90 code [0x000001c168754f40, 0x000001c168755298]
Event: 196.771 Thread 0x000001c17a1d19b0 nmethod 2200 0x000001c16fe9db10 code [0x000001c16fe9dcc0, 0x000001c16fe9e448]
Event: 196.771 Thread 0x000001c17a1d19b0 2203       4       java.io.ObjectInputStream$PeekInputStream::read (115 bytes)
Event: 196.780 Thread 0x000001c17a1d22c0 2212   !   3       jdk.internal.reflect.GeneratedMethodAccessor2::invoke (66 bytes)
Event: 196.782 Thread 0x000001c17a1d22c0 nmethod 2212 0x000001c168755390 code [0x000001c1687555c0, 0x000001c168755d38]
Event: 196.782 Thread 0x000001c17a1d22c0 2213   !   3       jdk.internal.reflect.GeneratedMethodAccessor3::invoke (61 bytes)
Event: 196.782 Thread 0x000001c17a1d22c0 nmethod 2213 0x000001c168756090 code [0x000001c1687562a0, 0x000001c168756918]
Event: 196.793 Thread 0x000001c17a1d19b0 nmethod 2203 0x000001c16fe9e910 code [0x000001c16fe9eb00, 0x000001c16fe9f838]
Event: 196.793 Thread 0x000001c17a1d19b0 2214   !   4       java.io.ObjectInputStream::readObject0 (681 bytes)
Event: 196.799 Thread 0x000001c17a1d22c0 2216   !   3       sun.nio.ch.WEPollSelectorImpl::doSelect (107 bytes)
Event: 196.800 Thread 0x000001c17a1d22c0 nmethod 2216 0x000001c168756c10 code [0x000001c168756ea0, 0x000001c1687578b8]

GC Heap History (4 events):
Event: 1.435 GC heap before
{Heap before GC invocations=0 (full 0):
 garbage-first heap   total 65536K, used 26624K [0x00000000fc000000, 0x0000000100000000)
  region size 1024K, 23 young (23552K), 0 survivors (0K)
 Metaspace       used 3742K, committed 3904K, reserved 1114112K
  class space    used 456K, committed 512K, reserved 1048576K
}
Event: 1.452 GC heap after
{Heap after GC invocations=1 (full 0):
 garbage-first heap   total 65536K, used 10876K [0x00000000fc000000, 0x0000000100000000)
  region size 1024K, 3 young (3072K), 3 survivors (3072K)
 Metaspace       used 3742K, committed 3904K, reserved 1114112K
  class space    used 456K, committed 512K, reserved 1048576K
}
Event: 9.049 GC heap before
{Heap before GC invocations=1 (full 0):
 garbage-first heap   total 65536K, used 33404K [0x00000000fc000000, 0x0000000100000000)
  region size 1024K, 25 young (25600K), 3 survivors (3072K)
 Metaspace       used 8938K, committed 9152K, reserved 1114112K
  class space    used 1179K, committed 1280K, reserved 1048576K
}
Event: 9.059 GC heap after
{Heap after GC invocations=2 (full 0):
 garbage-first heap   total 65536K, used 13576K [0x00000000fc000000, 0x0000000100000000)
  region size 1024K, 3 young (3072K), 3 survivors (3072K)
 Metaspace       used 8938K, committed 9152K, reserved 1114112K
  class space    used 1179K, committed 1280K, reserved 1048576K
}

Deoptimization events (20 events):
Event: 2.857 Thread 0x000001c17f4d9bc0 DEOPT PACKING pc=0x000001c16fe50584 sp=0x0000004cf56fe920
Event: 2.857 Thread 0x000001c17f4d9bc0 DEOPT UNPACKING pc=0x000001c16f885ba3 sp=0x0000004cf56fe8e8 mode 2
Event: 2.857 Thread 0x000001c17f4d9bc0 Uncommon trap: trap_request=0xffffff45 fr.pc=0x000001c16fe3bebc relative=0x000000000000041c
Event: 2.857 Thread 0x000001c17f4d9bc0 Uncommon trap: reason=unstable_if action=reinterpret pc=0x000001c16fe3bebc method=java.lang.AbstractStringBuilder.isLatin1()Z @ 10 c2
Event: 2.857 Thread 0x000001c17f4d9bc0 DEOPT PACKING pc=0x000001c16fe3bebc sp=0x0000004cf56fea80
Event: 2.857 Thread 0x000001c17f4d9bc0 DEOPT UNPACKING pc=0x000001c16f885ba3 sp=0x0000004cf56fea00 mode 2
Event: 9.040 Thread 0x000001c17f4d9bc0 Uncommon trap: trap_request=0xffffff45 fr.pc=0x000001c16fddd300 relative=0x0000000000000080
Event: 9.040 Thread 0x000001c17f4d9bc0 Uncommon trap: reason=unstable_if action=reinterpret pc=0x000001c16fddd300 method=java.lang.String.codePointAt(I)I @ 4 c2
Event: 9.040 Thread 0x000001c17f4d9bc0 DEOPT PACKING pc=0x000001c16fddd300 sp=0x0000004cf56fea00
Event: 9.040 Thread 0x000001c17f4d9bc0 DEOPT UNPACKING pc=0x000001c16f885ba3 sp=0x0000004cf56fe998 mode 2
Event: 184.589 Thread 0x000001c17ac2ceb0 Uncommon trap: trap_request=0xffffff45 fr.pc=0x000001c16fe8ec20 relative=0x0000000000000520
Event: 184.591 Thread 0x000001c17ac2ceb0 Uncommon trap: reason=unstable_if action=reinterpret pc=0x000001c16fe8ec20 method=org.gradle.internal.logging.text.AbstractLineChoppingStyledTextOutput$2.execute(Lorg/gradle/internal/logging/text/AbstractLineChoppingStyledTextOutput$StateContext;)V @ 34 c
Event: 184.591 Thread 0x000001c17ac2ceb0 DEOPT PACKING pc=0x000001c16fe8ec20 sp=0x0000004cf55fe7d0
Event: 184.593 Thread 0x000001c17ac2ceb0 DEOPT UNPACKING pc=0x000001c16f885ba3 sp=0x0000004cf55fe668 mode 2
Event: 185.523 Thread 0x000001c17ac2ceb0 Uncommon trap: trap_request=0xffffff45 fr.pc=0x000001c16fe8fa80 relative=0x0000000000000520
Event: 185.523 Thread 0x000001c17ac2ceb0 Uncommon trap: reason=unstable_if action=reinterpret pc=0x000001c16fe8fa80 method=org.gradle.internal.logging.text.AbstractLineChoppingStyledTextOutput$2.execute(Lorg/gradle/internal/logging/text/AbstractLineChoppingStyledTextOutput$StateContext;)V @ 34 c
Event: 185.523 Thread 0x000001c17ac2ceb0 DEOPT PACKING pc=0x000001c16fe8fa80 sp=0x0000004cf55fe790
Event: 185.523 Thread 0x000001c17ac2ceb0 DEOPT UNPACKING pc=0x000001c16f885ba3 sp=0x0000004cf55fe680 mode 2
Event: 196.686 Thread 0x000001c160a58f30 DEOPT PACKING pc=0x000001c1685a4156 sp=0x0000004cf3df7530
Event: 196.686 Thread 0x000001c160a58f30 DEOPT UNPACKING pc=0x000001c16f8866e3 sp=0x0000004cf3df69b8 mode 0

Classes unloaded (0 events):
No events

Classes redefined (0 events):
No events

Internal exceptions (20 events):
Event: 1.817 Thread 0x000001c160a58f30 Implicit null exception at 0x000001c16fe27d0f to 0x000001c16fe28250
Event: 1.850 Thread 0x000001c160a58f30 Exception <a 'java/lang/NoSuchMethodError'{0x00000000ff601578}: 'java.lang.Object java.lang.invoke.DirectMethodHandle$Holder.invokeStaticInit(java.lang.Object)'> (0x00000000ff601578) 
thrown [s\open\src\hotspot\share\interpreter\linkResolver.cpp, line 759]
Event: 1.977 Thread 0x000001c160a58f30 Exception <a 'java/lang/NoSuchMethodError'{0x00000000ff3ba8e8}: 'java.lang.Object java.lang.invoke.DirectMethodHandle$Holder.invokeStaticInit(java.lang.Object, int, int, int, int)'> (0x00000000ff3ba8e8) 
thrown [s\open\src\hotspot\share\interpreter\linkResolver.cpp, line 759]
Event: 2.173 Thread 0x000001c160a58f30 Exception <a 'java/lang/NoSuchMethodError'{0x00000000ff24f720}: 'java.lang.Object java.lang.invoke.DirectMethodHandle$Holder.invokeStaticInit(java.lang.Object, java.lang.Object, int, int, int, int)'> (0x00000000ff24f720) 
thrown [s\open\src\hotspot\share\interpreter\linkResolver.cpp, line 759]
Event: 2.513 Thread 0x000001c160a58f30 Exception <a 'java/lang/NoSuchMethodError'{0x00000000ff27d690}: 'void java.lang.invoke.DirectMethodHandle$Holder.invokeStatic(java.lang.Object, java.lang.Object, java.lang.Object)'> (0x00000000ff27d690) 
thrown [s\open\src\hotspot\share\interpreter\linkResolver.cpp, line 759]
Event: 2.531 Thread 0x000001c160a58f30 Implicit null exception at 0x000001c16fe05bf2 to 0x000001c16fe06234
Event: 2.532 Thread 0x000001c160a58f30 Implicit null exception at 0x000001c16fe1ba72 to 0x000001c16fe1c0c8
Event: 2.608 Thread 0x000001c160a58f30 Exception <a 'java/lang/NoSuchMethodError'{0x00000000ff0d3078}: 'java.lang.Object java.lang.invoke.DirectMethodHandle$Holder.invokeStaticInit(java.lang.Object, int)'> (0x00000000ff0d3078) 
thrown [s\open\src\hotspot\share\interpreter\linkResolver.cpp, line 759]
Event: 2.829 Thread 0x000001c17f4d9bc0 Exception <a 'java/lang/NoSuchMethodError'{0x00000000febf4cd0}: 'void java.lang.invoke.DirectMethodHandle$Holder.invokeStatic(java.lang.Object, long)'> (0x00000000febf4cd0) 
thrown [s\open\src\hotspot\share\interpreter\linkResolver.cpp, line 759]
Event: 2.830 Thread 0x000001c17f4d9bc0 Exception <a 'java/lang/NoSuchMethodError'{0x00000000febfa628}: 'java.lang.Object java.lang.invoke.DirectMethodHandle$Holder.newInvokeSpecial(java.lang.Object, long)'> (0x00000000febfa628) 
thrown [s\open\src\hotspot\share\interpreter\linkResolver.cpp, line 759]
Event: 2.832 Thread 0x000001c17f4d9bc0 Exception <a 'java/lang/NoSuchMethodError'{0x00000000fea056e0}: 'java.lang.Object java.lang.invoke.DirectMethodHandle$Holder.invokeStaticInit(java.lang.Object, java.lang.Object, long, java.lang.Object)'> (0x00000000fea056e0) 
thrown [s\open\src\hotspot\share\interpreter\linkResolver.cpp, line 759]
Event: 2.833 Thread 0x000001c17f4d9bc0 Exception <a 'java/lang/NoSuchMethodError'{0x00000000fea0bd68}: 'java.lang.Object java.lang.invoke.DirectMethodHandle$Holder.newInvokeSpecial(java.lang.Object, java.lang.Object, long)'> (0x00000000fea0bd68) 
thrown [s\open\src\hotspot\share\interpreter\linkResolver.cpp, line 759]
Event: 2.834 Thread 0x000001c17f4d9bc0 Exception <a 'java/lang/NoSuchMethodError'{0x00000000fea10058}: 'java.lang.Object java.lang.invoke.Invokers$Holder.linkToTargetMethod(java.lang.Object, long, java.lang.Object)'> (0x00000000fea10058) 
thrown [s\open\src\hotspot\share\interpreter\linkResolver.cpp, line 759]
Event: 196.260 Thread 0x000001c160a58f30 Exception <a 'java/lang/NoSuchMethodError'{0x00000000ff879908}: static Lorg/gradle/tooling/internal/provider/serialization/ClassLoaderDetails;.<clinit>()V> (0x00000000ff879908) 
thrown [s\open\src\hotspot\share\prims\jni.cpp, line 1107]
Event: 196.467 Thread 0x000001c160a58f30 Exception <a 'java/lang/NoSuchMethodError'{0x00000000ff8871f8}: static Lorg/gradle/internal/classloader/ClassLoaderSpec;.<clinit>()V> (0x00000000ff8871f8) 
thrown [s\open\src\hotspot\share\prims\jni.cpp, line 1107]
Event: 196.499 Thread 0x000001c160a58f30 Exception <a 'java/lang/NoSuchMethodError'{0x00000000ff892330}: static Lorg/gradle/tooling/internal/provider/serialization/WellKnownClassLoaderRegistry$KnownClassLoaderSpec;.<clinit>()V> (0x00000000ff892330) 
thrown [s\open\src\hotspot\share\prims\jni.cpp, line 1107]
Event: 196.508 Thread 0x000001c160a58f30 Exception <a 'java/lang/NoSuchMethodError'{0x00000000ff8a8d40}: static Lorg/gradle/internal/classloader/ClassLoaderSpec;.<clinit>()V> (0x00000000ff8a8d40) 
thrown [s\open\src\hotspot\share\prims\jni.cpp, line 1107]
Event: 196.521 Thread 0x000001c160a58f30 Exception <a 'java/lang/NoSuchMethodError'{0x00000000ff8ba2f0}: static Lorg/gradle/internal/classloader/VisitableURLClassLoader$Spec;.<clinit>()V> (0x00000000ff8ba2f0) 
thrown [s\open\src\hotspot\share\prims\jni.cpp, line 1107]
Event: 196.711 Thread 0x000001c160a58f30 Exception <a 'java/lang/NoSuchMethodError'{0x00000000ff773570}: static Lorg/gradle/internal/classloader/FilteringClassLoader$Spec;.<clinit>()V> (0x00000000ff773570) 
thrown [s\open\src\hotspot\share\prims\jni.cpp, line 1107]
Event: 196.732 Thread 0x000001c160a58f30 Exception <a 'java/lang/NoSuchMethodError'{0x00000000ff793000}: static Lorg/gradle/internal/classloader/CachingClassLoader$Spec;.<clinit>()V> (0x00000000ff793000) 
thrown [s\open\src\hotspot\share\prims\jni.cpp, line 1107]

VM Operations (20 events):
Event: 152.280 Executing VM operation: Cleanup
Event: 152.281 Executing VM operation: Cleanup done
Event: 163.382 Executing VM operation: Cleanup
Event: 163.388 Executing VM operation: Cleanup done
Event: 167.421 Executing VM operation: Cleanup
Event: 167.423 Executing VM operation: Cleanup done
Event: 180.466 Executing VM operation: HandshakeAllThreads
Event: 180.466 Executing VM operation: HandshakeAllThreads done
Event: 184.499 Executing VM operation: Cleanup
Event: 184.499 Executing VM operation: Cleanup done
Event: 185.502 Executing VM operation: Cleanup
Event: 185.503 Executing VM operation: Cleanup done
Event: 187.521 Executing VM operation: Cleanup
Event: 187.522 Executing VM operation: Cleanup done
Event: 189.534 Executing VM operation: Cleanup
Event: 189.534 Executing VM operation: Cleanup done
Event: 195.577 Executing VM operation: Cleanup
Event: 195.577 Executing VM operation: Cleanup done
Event: 196.578 Executing VM operation: Cleanup
Event: 196.597 Executing VM operation: Cleanup done

Events (20 events):
Event: 184.538 loading class java/lang/Throwable$WrappedPrintWriter
Event: 184.539 loading class java/lang/Throwable$WrappedPrintWriter done
Event: 196.108 loading class java/util/HashMap$UnsafeHolder
Event: 196.115 loading class java/util/HashMap$UnsafeHolder done
Event: 196.213 loading class java/io/ObjectStreamClass$1
Event: 196.221 loading class java/io/ObjectStreamClass$1 done
Event: 196.233 loading class java/io/ObjectStreamClass$MemberSignature
Event: 196.235 loading class java/io/ObjectStreamClass$MemberSignature done
Event: 196.235 loading class java/io/ObjectStreamClass$3
Event: 196.246 loading class java/io/ObjectStreamClass$3 done
Event: 196.267 loading class java/io/ObjectStreamClass$4
Event: 196.272 loading class java/io/ObjectStreamClass$4 done
Event: 196.274 loading class java/io/ObjectStreamClass$5
Event: 196.278 loading class java/io/ObjectStreamClass$5 done
Event: 196.526 loading class java/net/UrlDeserializedState
Event: 196.528 loading class java/net/UrlDeserializedState done
Event: 196.530 loading class jdk/internal/reflect/UnsafeQualifiedStaticObjectFieldAccessorImpl
Event: 196.549 loading class jdk/internal/reflect/UnsafeQualifiedStaticObjectFieldAccessorImpl done
Event: 196.559 loading class java/net/Proxy
Event: 196.564 loading class java/net/Proxy done


Dynamic libraries:
0x00007ff7af590000 - 0x00007ff7af5a0000 	C:\Program Files\Java\jdk-17\bin\java.exe
0x00007ff8c4590000 - 0x00007ff8c47a7000 	C:\WINDOWS\SYSTEM32\ntdll.dll
0x00007ff8c35f0000 - 0x00007ff8c36b4000 	C:\WINDOWS\System32\KERNEL32.DLL
0x00007ff8c18c0000 - 0x00007ff8c1c6d000 	C:\WINDOWS\System32\KERNELBASE.dll
0x00007ff8c1ce0000 - 0x00007ff8c1df1000 	C:\WINDOWS\System32\ucrtbase.dll
0x00007ff8bce20000 - 0x00007ff8bce39000 	C:\Program Files\Java\jdk-17\bin\jli.dll
0x00007ff8c3230000 - 0x00007ff8c32e2000 	C:\WINDOWS\System32\ADVAPI32.dll
0x00007ff8c4340000 - 0x00007ff8c43e7000 	C:\WINDOWS\System32\msvcrt.dll
0x00007ff8c3f20000 - 0x00007ff8c3fc9000 	C:\WINDOWS\System32\sechost.dll
0x00007ff8c1fe0000 - 0x00007ff8c2008000 	C:\WINDOWS\System32\bcrypt.dll
0x00007ff8c3e00000 - 0x00007ff8c3f14000 	C:\WINDOWS\System32\RPCRT4.dll
0x00007ff8c3a80000 - 0x00007ff8c3c2e000 	C:\WINDOWS\System32\USER32.dll
0x00007ff8bd8c0000 - 0x00007ff8bd8db000 	C:\Program Files\Java\jdk-17\bin\VCRUNTIME140.dll
0x00007ff8c2220000 - 0x00007ff8c2246000 	C:\WINDOWS\System32\win32u.dll
0x00007ff8c3a50000 - 0x00007ff8c3a79000 	C:\WINDOWS\System32\GDI32.dll
0x00007ff8c1ec0000 - 0x00007ff8c1fd9000 	C:\WINDOWS\System32\gdi32full.dll
0x00007ff8c2180000 - 0x00007ff8c221a000 	C:\WINDOWS\System32\msvcp_win.dll
0x00007ff89b5a0000 - 0x00007ff89b833000 	C:\WINDOWS\WinSxS\amd64_microsoft.windows.common-controls_6595b64144ccf1df_6.0.22621.3672_none_2713b9d173822955\COMCTL32.dll
0x00007ff8be510000 - 0x00007ff8be51a000 	C:\WINDOWS\SYSTEM32\VERSION.dll
0x00007ff8c23e0000 - 0x00007ff8c2411000 	C:\WINDOWS\System32\IMM32.DLL
0x00007ff8611f0000 - 0x00007ff8611fc000 	C:\Program Files\Java\jdk-17\bin\vcruntime140_1.dll
0x00007ff861160000 - 0x00007ff8611ee000 	C:\Program Files\Java\jdk-17\bin\msvcp140.dll
0x00007ff860580000 - 0x00007ff86115f000 	C:\Program Files\Java\jdk-17\bin\server\jvm.dll
0x00007ff8c22d0000 - 0x00007ff8c22d8000 	C:\WINDOWS\System32\PSAPI.DLL
0x00007ff89b040000 - 0x00007ff89b049000 	C:\WINDOWS\SYSTEM32\WSOCK32.dll
0x00007ff8c3c30000 - 0x00007ff8c3ca1000 	C:\WINDOWS\System32\WS2_32.dll
0x00007ff8bcc00000 - 0x00007ff8bcc34000 	C:\WINDOWS\SYSTEM32\WINMM.dll
0x00007ff8c08f0000 - 0x00007ff8c0908000 	C:\WINDOWS\SYSTEM32\kernel.appcore.dll
0x00007ff860570000 - 0x00007ff86057a000 	C:\Program Files\Java\jdk-17\bin\jimage.dll
0x00007ff8bf2f0000 - 0x00007ff8bf522000 	C:\WINDOWS\SYSTEM32\DBGHELP.DLL
0x00007ff8c36c0000 - 0x00007ff8c3a48000 	C:\WINDOWS\System32\combase.dll
0x00007ff8c3510000 - 0x00007ff8c35e7000 	C:\WINDOWS\System32\OLEAUT32.dll
0x00007ff89b000000 - 0x00007ff89b032000 	C:\WINDOWS\SYSTEM32\dbgcore.DLL
0x00007ff8c2250000 - 0x00007ff8c22cb000 	C:\WINDOWS\System32\bcryptPrimitives.dll
0x00007ff860540000 - 0x00007ff860565000 	C:\Program Files\Java\jdk-17\bin\java.dll
0x00007ff8bcd40000 - 0x00007ff8bce17000 	C:\Program Files\Java\jdk-17\bin\jsvml.dll
0x00007ff8c2450000 - 0x00007ff8c2caf000 	C:\WINDOWS\System32\SHELL32.dll
0x00007ff8bf810000 - 0x00007ff8c010c000 	C:\WINDOWS\SYSTEM32\windows.storage.dll
0x00007ff8bf6d0000 - 0x00007ff8bf80f000 	C:\WINDOWS\SYSTEM32\wintypes.dll
0x00007ff8c3130000 - 0x00007ff8c3224000 	C:\WINDOWS\System32\SHCORE.dll
0x00007ff8c3cb0000 - 0x00007ff8c3d0e000 	C:\WINDOWS\System32\shlwapi.dll
0x00007ff8c17f0000 - 0x00007ff8c1811000 	C:\WINDOWS\SYSTEM32\profapi.dll
0x00007ff861220000 - 0x00007ff861239000 	C:\Program Files\Java\jdk-17\bin\net.dll
0x00007ff8bdd80000 - 0x00007ff8bdeb6000 	C:\WINDOWS\SYSTEM32\WINHTTP.dll
0x00007ff8c0d60000 - 0x00007ff8c0dc9000 	C:\WINDOWS\system32\mswsock.dll
0x00007ff861200000 - 0x00007ff861216000 	C:\Program Files\Java\jdk-17\bin\nio.dll
0x00007ff860400000 - 0x00007ff860418000 	C:\Program Files\Java\jdk-17\bin\zip.dll
0x00007ff89b2f0000 - 0x00007ff89b300000 	C:\Program Files\Java\jdk-17\bin\verify.dll
0x00007ff84c620000 - 0x00007ff84c647000 	C:\Users\pc\gradle-8.5\bin\native\c067742578af261105cb4f569cf0c3c89f3d7b1fecec35dd04571415982c5e48\windows-amd64\native-platform.dll
0x00007ff8be600000 - 0x00007ff8be60a000 	C:\Users\pc\gradle-8.5\bin\native\jansi\1.18\windows64\jansi.dll
0x00007ff8bd910000 - 0x00007ff8bd91a000 	C:\Program Files\Java\jdk-17\bin\management.dll
0x00007ff8bd900000 - 0x00007ff8bd90b000 	C:\Program Files\Java\jdk-17\bin\management_ext.dll
0x00007ff8c0fd0000 - 0x00007ff8c0feb000 	C:\WINDOWS\SYSTEM32\CRYPTSP.dll
0x00007ff8c0850000 - 0x00007ff8c0885000 	C:\WINDOWS\system32\rsaenh.dll
0x00007ff8c0e60000 - 0x00007ff8c0e88000 	C:\WINDOWS\SYSTEM32\USERENV.dll
0x00007ff8c0fc0000 - 0x00007ff8c0fcc000 	C:\WINDOWS\SYSTEM32\CRYPTBASE.dll
0x00007ff8c0360000 - 0x00007ff8c038d000 	C:\WINDOWS\SYSTEM32\IPHLPAPI.DLL
0x00007ff8c3d10000 - 0x00007ff8c3d19000 	C:\WINDOWS\System32\NSI.dll
0x00007ff8bdc10000 - 0x00007ff8bdc29000 	C:\WINDOWS\SYSTEM32\dhcpcsvc6.DLL
0x00007ff8bdbf0000 - 0x00007ff8bdc0f000 	C:\WINDOWS\SYSTEM32\dhcpcsvc.DLL
0x00007ff8c0390000 - 0x00007ff8c0488000 	C:\WINDOWS\SYSTEM32\DNSAPI.dll
0x00007ff8bd8f0000 - 0x00007ff8bd8fe000 	C:\Program Files\Java\jdk-17\bin\sunmscapi.dll
0x00007ff8c2010000 - 0x00007ff8c2177000 	C:\WINDOWS\System32\CRYPT32.dll
0x00007ff8c1180000 - 0x00007ff8c11ae000 	C:\WINDOWS\SYSTEM32\ncrypt.dll
0x00007ff8c1140000 - 0x00007ff8c1177000 	C:\WINDOWS\SYSTEM32\NTASN1.dll
0x00007ff86aeb0000 - 0x00007ff86aeb8000 	C:\WINDOWS\system32\wshunix.dll

dbghelp: loaded successfully - version: 4.0.5 - missing functions: none
symbol engine: initialized successfully - sym options: 0x614 - pdb path: .;C:\Program Files\Java\jdk-17\bin;C:\WINDOWS\SYSTEM32;C:\WINDOWS\WinSxS\amd64_microsoft.windows.common-controls_6595b64144ccf1df_6.0.22621.3672_none_2713b9d173822955;C:\Program Files\Java\jdk-17\bin\server;C:\Users\pc\gradle-8.5\bin\native\c067742578af261105cb4f569cf0c3c89f3d7b1fecec35dd04571415982c5e48\windows-amd64;C:\Users\pc\gradle-8.5\bin\native\jansi\1.18\windows64

VM Arguments:
jvm_args: -Xmx64m -Xms64m -Dorg.gradle.appname=gradlew 
java_command: org.gradle.wrapper.GradleWrapperMain app:installDebug -PreactNativeDevServerPort=8081
java_class_path (initial): C:\Users\pc\AgendACDR\android\\gradle\wrapper\gradle-wrapper.jar
Launcher Type: SUN_STANDARD

[Global flags]
     intx CICompilerCount                          = 4                                         {product} {ergonomic}
     uint ConcGCThreads                            = 2                                         {product} {ergonomic}
     uint G1ConcRefinementThreads                  = 8                                         {product} {ergonomic}
   size_t G1HeapRegionSize                         = 1048576                                   {product} {ergonomic}
    uintx GCDrainStackTargetSize                   = 64                                        {product} {ergonomic}
   size_t InitialHeapSize                          = 67108864                                  {product} {command line}
   size_t MarkStackSize                            = 4194304                                   {product} {ergonomic}
   size_t MaxHeapSize                              = 67108864                                  {product} {command line}
   size_t MaxNewSize                               = 39845888                                  {product} {ergonomic}
   size_t MinHeapDeltaBytes                        = 1048576                                   {product} {ergonomic}
   size_t MinHeapSize                              = 67108864                                  {product} {command line}
    uintx NonNMethodCodeHeapSize                   = 5839372                                {pd product} {ergonomic}
    uintx NonProfiledCodeHeapSize                  = 122909434                              {pd product} {ergonomic}
    uintx ProfiledCodeHeapSize                     = 122909434                              {pd product} {ergonomic}
    uintx ReservedCodeCacheSize                    = 251658240                              {pd product} {ergonomic}
     bool SegmentedCodeCache                       = true                                      {product} {ergonomic}
   size_t SoftMaxHeapSize                          = 67108864                               {manageable} {ergonomic}
     bool UseCompressedClassPointers               = true                           {product lp64_product} {ergonomic}
     bool UseCompressedOops                        = true                           {product lp64_product} {ergonomic}
     bool UseG1GC                                  = true                                      {product} {ergonomic}
     bool UseLargePagesIndividualAllocation        = false                                  {pd product} {ergonomic}

Logging:
Log output configuration:
 #0: stdout all=warning uptime,level,tags
 #1: stderr all=off uptime,level,tags

Environment Variables:
JAVA_HOME=C:\Program Files\Java\jdk-17\
CLASSPATH=C:\Users\pc\AgendACDR\android\\gradle\wrapper\gradle-wrapper.jar
PATH=C:\Users\pc\AgendACDR\node_modules\.bin;C:\Users\pc\node_modules\.bin;C:\Users\node_modules\.bin;C:\node_modules\.bin;C:\Users\pc\.npm\node_modules\npm\node_modules\@npmcli\run-script\lib\node-gyp-bin;C:\Program Files\Microsoft\jdk-17.0.11.9-hotspot\bin;C:\Program Files\Common Files\Oracle\Java\javapath;C:\Program Files (x86)\Common Files\Oracle\Java\javapath;C:\WINDOWS\system32;C:\WINDOWS;C:\WINDOWS\System32\Wbem;C:\WINDOWS\System32\WindowsPowerShell\v1.0\;C:\WINDOWS\System32\OpenSSH\;C:\Program Files\Java\jdk-21\bin;C:\Program Files\Java\jdk-17\bin;C:\Program Files\OpenSSL-Win64\bin;C:\Users\pc\gradle-8.6\bin;C:\Program Files\MySQL\MySQL Server 8.0\bin;C:\ProgramData\chocolatey\bin;C:\Windows\System32\lib;C:\Program Files\Git\cmd;C:\Program Files\nodejs\;C:\Users\pc\AppData\Local\Android\android_sdk\cmdline-tools\latest\bin;C:\Users\pc\AppData\Local\Android\android_sdk\platform-tools;C:\Users\pc\AppData\Local\Android\android_sdk\tools;C:\Users\pc\AppData\Local\Android\android_sdk\tools\bin;C:\Program Files\Microsoft\jdk-17.0.11.9-hotspot\bin;C:\Program Files\Common Files\Oracle\Java\javapath;C:\Program Files (x86)\Common Files\Oracle\Java\javapath;C:\WINDOWS\system32;C:\WINDOWS;C:\WINDOWS\System32\Wbem;C:\WINDOWS\System32\WindowsPowerShell\v1.0\;C:\WINDOWS\System32\OpenSSH\;C:\Program Files\Java\jdk-21\bin;C:\Program Files\Java\jdk-17\bin;C:\Program Files\OpenSSL-Win64\bin;C:\Users\pc\gradle-8.6\bin;C:\Program Files\MySQL\MySQL Server 8.0\bin;C:\ProgramData\chocolatey\bin;C:\Windows\System32\lib;C:\Program Files\Git\cmd;C:\Program Files\nodejs\;C:\Users\pc\AppData\Local\Android\android_sdk\cmdline-tools\latest\bin;C:\Users\pc\AppData\Local\Android\android_sdk\platform-tools;C:\Program Files\MySQL\MySQL Shell 8.0\bin\;C:\Users\pc\AppData\Local\Programs\Python\Python312\Scripts\;C:\Users\pc\AppData\Local\Programs\Python\Python312\;C:\Users\pc\AppData\Local\Microsoft\WindowsApps;C:\Users\pc\AppData\Local\Programs\Microsoft VS Code\bin;C:\Users\pc\AppData\Roaming\np
USERNAME=pc
LANG=en_US.UTF-8
OS=Windows_NT
PROCESSOR_IDENTIFIER=Intel64 Family 6 Model 140 Stepping 1, GenuineIntel



---------------  S Y S T E M  ---------------

OS:
 Windows 11 , 64 bit Build 22621 (10.0.22621.3672)
OS uptime: 0 days 1:43 hours

CPU: total 8 (initial active 8) (4 cores per cpu, 2 threads per core) family 6 model 140 stepping 1 microcode 0xac, cx8, cmov, fxsr, ht, mmx, 3dnowpref, sse, sse2, sse3, ssse3, sse4.1, sse4.2, popcnt, lzcnt, tsc, tscinvbit, avx, avx2, aes, erms, clmul, bmi1, bmi2, adx, avx512f, avx512dq, avx512cd, avx512bw, avx512vl, sha, fma, vzeroupper, avx512_vpopcntdq, avx512_vpclmulqdq, avx512_vaes, avx512_vnni, clflush, clflushopt, clwb, avx512_vbmi2, avx512_vbmi

Memory: 4k page, system-wide physical 7932M (160M free)
TotalPageFile size 19533M (AvailPageFile size 89M)
current process WorkingSet (physical memory assigned to process): 37M, peak: 99M
current process commit charge ("private bytes"): 172M, peak: 173M

vm_info: Java HotSpot(TM) 64-Bit Server VM (17.0.10+11-LTS-240) for windows-amd64 JRE (17.0.10+11-LTS-240), built on Dec 19 2023 21:47:25 by "mach5one" with MS VC++ 17.1 (VS2022)

END.
