#
# There is insufficient memory for the Java Runtime Environment to continue.
# Native memory allocation (malloc) failed to allocate 1262096 bytes for Chunk::new
# Possible reasons:
#   The system is out of physical RAM or swap space
#   The process is running with CompressedOops enabled, and the Java Heap may be blocking the growth of the native heap
# Possible solutions:
#   Reduce memory load on the system
#   Increase physical memory or swap space
#   Check if swap backing store is full
#   Decrease Java heap size (-Xmx/-Xms)
#   Decrease number of Java threads
#   Decrease Java thread stack sizes (-Xss)
#   Set larger code cache with -XX:ReservedCodeCacheSize=
#   JVM is running with Unscaled Compressed Oops mode in which the Java heap is
#     placed in the first 4GB address space. The Java Heap base address is the
#     maximum limit for the native heap growth. Please use -XX:HeapBaseMinAddress
#     to set the Java Heap base and to place the Java Heap above 4GB virtual address.
# This output file may be truncated or incomplete.
#
#  Out of Memory Error (arena.cpp:189), pid=11636, tid=32128
#
# JRE version: Java(TM) SE Runtime Environment (17.0.10+11) (build 17.0.10+11-LTS-240)
# Java VM: Java HotSpot(TM) 64-Bit Server VM (17.0.10+11-LTS-240, mixed mode, sharing, tiered, compressed oops, compressed class ptrs, g1 gc, windows-amd64)
# No core dump will be written. Minidumps are not enabled by default on client versions of Windows
#

---------------  S U M M A R Y ------------

Command Line: -XX:MaxMetaspaceSize=512m --add-opens=java.base/java.util=ALL-UNNAMED --add-opens=java.base/java.lang=ALL-UNNAMED --add-opens=java.base/java.lang.invoke=ALL-UNNAMED --add-opens=java.prefs/java.util.prefs=ALL-UNNAMED --add-opens=java.base/java.nio.charset=ALL-UNNAMED --add-opens=java.base/java.net=ALL-UNNAMED --add-opens=java.base/java.util.concurrent.atomic=ALL-UNNAMED -Xmx2048m -Dfile.encoding=windows-1252 -Duser.country=FR -Duser.language=fr -Duser.variant -javaagent:C:\Users\pc\gradle-8.5\bin\wrapper\dists\gradle-8.5-all\3zlzzgtsutfj0pbojr50n2l7z\gradle-8.5\lib\agents\gradle-instrumentation-agent-8.5.jar org.gradle.launcher.daemon.bootstrap.GradleDaemon 8.5

Host: 11th Gen Intel(R) Core(TM) i5-1135G7 @ 2.40GHz, 8 cores, 7G,  Windows 11 , 64 bit Build 22621 (10.0.22621.3672)
Time: Thu Jul 18 11:13:02 2024 Maroc (heure d64 bit Build 22621 (10.0.22621.3672) elapsed time: 71.769300 seconds (0d 0h 1m 11s)

---------------  T H R E A D  ---------------

Current thread (0x0000027cfec0b4a0):  JavaThread "C2 CompilerThread0" daemon [_thread_in_native, id=32128, stack(0x000000a0c0700000,0x000000a0c0800000)]


Current CompileTask:
C2:  71769 12072 %     4       groovy.lang.MetaClassImpl::inheritInterfaceNewMetaMethods @ 100 (195 bytes)

Stack: [0x000000a0c0700000,0x000000a0c0800000]
Native frames: (J=compiled Java code, j=interpreted, Vv=VM code, C=native code)
V  [jvm.dll+0x677a5a]
V  [jvm.dll+0x7d8b2d]
V  [jvm.dll+0x7da48e]
V  [jvm.dll+0x7daaf3]
V  [jvm.dll+0x2455ff]
V  [jvm.dll+0xaaafb]
V  [jvm.dll+0xab09c]
V  [jvm.dll+0x361b5f]
V  [jvm.dll+0x32c211]
V  [jvm.dll+0x32b6aa]
V  [jvm.dll+0x21794f]
V  [jvm.dll+0x216d81]
V  [jvm.dll+0x1a3410]
V  [jvm.dll+0x226aeb]
V  [jvm.dll+0x224cab]
V  [jvm.dll+0x78e45c]
V  [jvm.dll+0x78888a]
V  [jvm.dll+0x676935]
C  [ucrtbase.dll+0x29333]
C  [KERNEL32.DLL+0x1257d]
C  [ntdll.dll+0x5af28]


---------------  P R O C E S S  ---------------

Threads class SMR info:
_java_thread_list=0x0000027cb6b2f310, length=107, elements={
0x0000027cf5a1e3d0, 0x0000027cfebf11f0, 0x0000027cfebf23c0, 0x0000027cfec03350,
0x0000027cfec03f10, 0x0000027cfec09190, 0x0000027cfec09b50, 0x0000027cfec0b4a0,
0x0000027cfec10390, 0x0000027cfec11530, 0x0000027cfee43060, 0x0000027cfee9a870,
0x0000027cb49e1ad0, 0x0000027cb4ecb910, 0x0000027cb4f2d8f0, 0x0000027cb51a2c10,
0x0000027cb51a50e0, 0x0000027cb4f2a960, 0x0000027cb4f2c7c0, 0x0000027cb4f2a450,
0x0000027cb4f2b380, 0x0000027cb4f2ccd0, 0x0000027cb4f2bda0, 0x0000027cb4f2ae70,
0x0000027cb4f2c2b0, 0x0000027cb4f29f40, 0x0000027cb4f29520, 0x0000027cb4f29a30,
0x0000027cb5c9cfd0, 0x0000027cb5c9e920, 0x0000027cb5c9df00, 0x0000027cb5c9c5b0,
0x0000027cb5ca20d0, 0x0000027cb5c9cac0, 0x0000027cb5c9f340, 0x0000027cb5ca1bc0,
0x0000027cb5c9e410, 0x0000027cb5c9d9f0, 0x0000027cb5ca25e0, 0x0000027cb5c9bb90,
0x0000027cb5ca0c90, 0x0000027cb5c9b170, 0x0000027cb5c9ee30, 0x0000027cb5c9f850,
0x0000027cb5ca2af0, 0x0000027cb5c9fd60, 0x0000027cb5ca0780, 0x0000027cb5ca0270,
0x0000027cb5c9b680, 0x0000027cb5ca16b0, 0x0000027cb6b4a990, 0x0000027cb6b509c0,
0x0000027cb6b4aea0, 0x0000027cb6b4b3b0, 0x0000027cb6b4e650, 0x0000027cb6b4cd00,
0x0000027cb6b4b8c0, 0x0000027cb6b4c2e0, 0x0000027cb6b4dc30, 0x0000027cb6b4a480,
0x0000027cb6b4fa90, 0x0000027cb6b4bdd0, 0x0000027cb6b513e0, 0x0000027cb6b4d210,
0x0000027cb6b518f0, 0x0000027cb6b4e140, 0x0000027cb6b4ffa0, 0x0000027cb6b4d720,
0x0000027cb6b504b0, 0x0000027cb6b4eb60, 0x0000027cb6b51e00, 0x0000027cb6b4f070,
0x0000027cb6b4f580, 0x0000027cb5e34450, 0x0000027cb5e38b30, 0x0000027cb5e35380,
0x0000027cb5e367c0, 0x0000027cb5e36cd0, 0x0000027cb5e34e70, 0x0000027cb5e39f70,
0x0000027cb5e39040, 0x0000027cb5e38110, 0x0000027cb5e371e0, 0x0000027cb5e38620,
0x0000027cb5e376f0, 0x0000027cb5e39550, 0x0000027cb5e39a60, 0x0000027cb5e37c00,
0x0000027cb5e34960, 0x0000027cb5e3a480, 0x0000027cb5e35890, 0x0000027cb5e3a990,
0x0000027cb5e33f40, 0x0000027cb5e3aea0, 0x0000027cb5e3b3b0, 0x0000027cb5e3b8c0,
0x0000027cb5e35da0, 0x0000027cb7147aa0, 0x0000027cb7147fb0, 0x0000027cb7145220,
0x0000027cb7142490, 0x0000027cb7145730, 0x0000027cb7146150, 0x0000027cb7147080,
0x0000027cb7149e10, 0x0000027cb7146660, 0x0000027cb71429a0
}

Java Threads: ( => current thread )
  0x0000027cf5a1e3d0 JavaThread "main" [_thread_blocked, id=8056, stack(0x000000a0bfa00000,0x000000a0bfb00000)]
  0x0000027cfebf11f0 JavaThread "Reference Handler" daemon [_thread_blocked, id=31100, stack(0x000000a0c0100000,0x000000a0c0200000)]
  0x0000027cfebf23c0 JavaThread "Finalizer" daemon [_thread_blocked, id=14436, stack(0x000000a0c0200000,0x000000a0c0300000)]
  0x0000027cfec03350 JavaThread "Signal Dispatcher" daemon [_thread_blocked, id=14652, stack(0x000000a0c0300000,0x000000a0c0400000)]
  0x0000027cfec03f10 JavaThread "Attach Listener" daemon [_thread_blocked, id=25456, stack(0x000000a0c0400000,0x000000a0c0500000)]
  0x0000027cfec09190 JavaThread "Service Thread" daemon [_thread_blocked, id=17720, stack(0x000000a0c0500000,0x000000a0c0600000)]
  0x0000027cfec09b50 JavaThread "Monitor Deflation Thread" daemon [_thread_blocked, id=13716, stack(0x000000a0c0600000,0x000000a0c0700000)]
=>0x0000027cfec0b4a0 JavaThread "C2 CompilerThread0" daemon [_thread_in_native, id=32128, stack(0x000000a0c0700000,0x000000a0c0800000)]
  0x0000027cfec10390 JavaThread "C1 CompilerThread0" daemon [_thread_blocked, id=43792, stack(0x000000a0c0800000,0x000000a0c0900000)]
  0x0000027cfec11530 JavaThread "Sweeper thread" daemon [_thread_blocked, id=37756, stack(0x000000a0c0900000,0x000000a0c0a00000)]
  0x0000027cfee43060 JavaThread "Common-Cleaner" daemon [_thread_blocked, id=43916, stack(0x000000a0c0a00000,0x000000a0c0b00000)]
  0x0000027cfee9a870 JavaThread "Notification Thread" daemon [_thread_blocked, id=10248, stack(0x000000a0c0b00000,0x000000a0c0c00000)]
  0x0000027cb49e1ad0 JavaThread "Daemon health stats" [_thread_blocked, id=42612, stack(0x000000a0c1100000,0x000000a0c1200000)]
  0x0000027cb4ecb910 JavaThread "Incoming local TCP Connector on port 61788" [_thread_in_native, id=1744, stack(0x000000a0c1200000,0x000000a0c1300000)]
  0x0000027cb4f2d8f0 JavaThread "Daemon periodic checks" [_thread_blocked, id=20192, stack(0x000000a0c1300000,0x000000a0c1400000)]
  0x0000027cb51a2c10 JavaThread "Daemon" [_thread_blocked, id=42636, stack(0x000000a0c1400000,0x000000a0c1500000)]
  0x0000027cb51a50e0 JavaThread "Handler for socket connection from /127.0.0.1:61788 to /127.0.0.1:61790" [_thread_in_native, id=35480, stack(0x000000a0c1500000,0x000000a0c1600000)]
  0x0000027cb4f2a960 JavaThread "Cancel handler" [_thread_blocked, id=23916, stack(0x000000a0c1600000,0x000000a0c1700000)]
  0x0000027cb4f2c7c0 JavaThread "Daemon worker" [_thread_in_vm, id=13140, stack(0x000000a0c1700000,0x000000a0c1800000)]
  0x0000027cb4f2a450 JavaThread "Asynchronous log dispatcher for DefaultDaemonConnection: socket connection from /127.0.0.1:61788 to /127.0.0.1:61790" [_thread_blocked, id=32624, stack(0x000000a0c1800000,0x000000a0c1900000)]
  0x0000027cb4f2b380 JavaThread "Stdin handler" [_thread_blocked, id=27580, stack(0x000000a0c1900000,0x000000a0c1a00000)]
  0x0000027cb4f2ccd0 JavaThread "Daemon client event forwarder" [_thread_blocked, id=28824, stack(0x000000a0c1a00000,0x000000a0c1b00000)]
  0x0000027cb4f2bda0 JavaThread "Cache worker for journal cache (C:\Users\pc\gradle-8.5\bin\caches\journal-1)" [_thread_blocked, id=37648, stack(0x000000a0c1b00000,0x000000a0c1c00000)]
  0x0000027cb4f2ae70 JavaThread "File lock request listener" [_thread_in_native, id=42756, stack(0x000000a0c1c00000,0x000000a0c1d00000)]
  0x0000027cb4f2c2b0 JavaThread "Cache worker for file hash cache (C:\Users\pc\gradle-8.5\bin\caches\8.5\fileHashes)" [_thread_blocked, id=12908, stack(0x000000a0c2000000,0x000000a0c2100000)]
  0x0000027cb4f29f40 JavaThread "File lock release action executor" [_thread_blocked, id=40596, stack(0x000000a0c2100000,0x000000a0c2200000)]
  0x0000027cb4f29520 JavaThread "File watcher server" daemon [_thread_in_native, id=12660, stack(0x000000a0c2200000,0x000000a0c2300000)]
  0x0000027cb4f29a30 JavaThread "File watcher consumer" daemon [_thread_blocked, id=42988, stack(0x000000a0c2300000,0x000000a0c2400000)]
  0x0000027cb5c9cfd0 JavaThread "Cache worker for checksums cache (C:\Users\pc\AgendACDR\android\.gradle\8.5\checksums)" [_thread_blocked, id=37916, stack(0x000000a0c2600000,0x000000a0c2700000)]
  0x0000027cb5c9e920 JavaThread "Cache worker for file hash cache (C:\Users\pc\AgendACDR\android\.gradle\8.5\fileHashes)" [_thread_blocked, id=37660, stack(0x000000a0c2700000,0x000000a0c2800000)]
  0x0000027cb5c9df00 JavaThread "Cache worker for cache directory md-supplier (C:\Users\pc\gradle-8.5\bin\caches\8.5\md-supplier)" [_thread_blocked, id=31860, stack(0x000000a0c2800000,0x000000a0c2900000)]
  0x0000027cb5c9c5b0 JavaThread "Cache worker for cache directory md-rule (C:\Users\pc\gradle-8.5\bin\caches\8.5\md-rule)" [_thread_blocked, id=19488, stack(0x000000a0c2900000,0x000000a0c2a00000)]
  0x0000027cb5ca20d0 JavaThread "Cache worker for file content cache (C:\Users\pc\gradle-8.5\bin\caches\8.5\fileContent)" [_thread_blocked, id=33740, stack(0x000000a0c2a00000,0x000000a0c2b00000)]
  0x0000027cb5c9cac0 JavaThread "Cache worker for execution history cache (C:\Users\pc\gradle-8.5\bin\caches\8.5\executionHistory)" [_thread_blocked, id=23708, stack(0x000000a0c2b00000,0x000000a0c2c00000)]
  0x0000027cb5c9f340 JavaThread "jar transforms" [_thread_blocked, id=32484, stack(0x000000a0c2500000,0x000000a0c2600000)]
  0x0000027cb5ca1bc0 JavaThread "jar transforms Thread 2" [_thread_blocked, id=9324, stack(0x000000a0c2c00000,0x000000a0c2d00000)]
  0x0000027cb5c9e410 JavaThread "jar transforms Thread 3" [_thread_blocked, id=16468, stack(0x000000a0c2d00000,0x000000a0c2e00000)]
  0x0000027cb5c9d9f0 JavaThread "jar transforms Thread 4" [_thread_blocked, id=33916, stack(0x000000a0c2e00000,0x000000a0c2f00000)]
  0x0000027cb5ca25e0 JavaThread "Exec process" [_thread_blocked, id=41340, stack(0x000000a0c2f00000,0x000000a0c3000000)]
  0x0000027cb5c9bb90 JavaThread "Exec process Thread 2" [_thread_blocked, id=30324, stack(0x000000a0c3000000,0x000000a0c3100000)]
  0x0000027cb5ca0c90 JavaThread "Exec process Thread 3" [_thread_blocked, id=15448, stack(0x000000a0c3100000,0x000000a0c3200000)]
  0x0000027cb5c9b170 JavaThread "Cache worker for kotlin-dsl (C:\Users\pc\gradle-8.5\bin\caches\8.5\kotlin-dsl)" [_thread_blocked, id=16324, stack(0x000000a0c3200000,0x000000a0c3300000)]
  0x0000027cb5c9ee30 JavaThread "jar transforms Thread 5" [_thread_blocked, id=5488, stack(0x000000a0c3300000,0x000000a0c3400000)]
  0x0000027cb5c9f850 JavaThread "jar transforms Thread 6" [_thread_blocked, id=15140, stack(0x000000a0c3400000,0x000000a0c3500000)]
  0x0000027cb5ca2af0 JavaThread "Unconstrained build operations" [_thread_blocked, id=28120, stack(0x000000a0c3500000,0x000000a0c3600000)]
  0x0000027cb5c9fd60 JavaThread "Unconstrained build operations Thread 2" [_thread_blocked, id=7776, stack(0x000000a0c3600000,0x000000a0c3700000)]
  0x0000027cb5ca0780 JavaThread "jar transforms Thread 7" [_thread_blocked, id=43032, stack(0x000000a0c3700000,0x000000a0c3800000)]
  0x0000027cb5ca0270 JavaThread "jar transforms Thread 8" [_thread_blocked, id=29564, stack(0x000000a0c3800000,0x000000a0c3900000)]
  0x0000027cb5c9b680 JavaThread "Cache worker for dependencies-accessors (C:\Users\pc\AgendACDR\android\.gradle\8.5\dependencies-accessors)" [_thread_blocked, id=19684, stack(0x000000a0c3900000,0x000000a0c3a00000)]
  0x0000027cb5ca16b0 JavaThread "Cache worker for Build Output Cleanup Cache (C:\Users\pc\AgendACDR\node_modules\@react-native\gradle-plugin\.gradle\buildOutputCleanup)" [_thread_blocked, id=18360, stack(0x000000a0c3a00000,0x000000a0c3b00000)]
  0x0000027cb6b4a990 JavaThread "Unconstrained build operations Thread 3" [_thread_blocked, id=24920, stack(0x000000a0c3b00000,0x000000a0c3c00000)]
  0x0000027cb6b509c0 JavaThread "Unconstrained build operations Thread 4" [_thread_blocked, id=23320, stack(0x000000a0c3c00000,0x000000a0c3d00000)]
  0x0000027cb6b4aea0 JavaThread "Unconstrained build operations Thread 5" [_thread_blocked, id=13020, stack(0x000000a0c3d00000,0x000000a0c3e00000)]
  0x0000027cb6b4b3b0 JavaThread "Unconstrained build operations Thread 6" [_thread_blocked, id=29352, stack(0x000000a0c3e00000,0x000000a0c3f00000)]
  0x0000027cb6b4e650 JavaThread "Unconstrained build operations Thread 7" [_thread_blocked, id=14264, stack(0x000000a0c3f00000,0x000000a0c4000000)]
  0x0000027cb6b4cd00 JavaThread "Unconstrained build operations Thread 8" [_thread_blocked, id=22288, stack(0x000000a0c4000000,0x000000a0c4100000)]
  0x0000027cb6b4b8c0 JavaThread "Unconstrained build operations Thread 9" [_thread_blocked, id=41244, stack(0x000000a0c4100000,0x000000a0c4200000)]
  0x0000027cb6b4c2e0 JavaThread "build event listener" [_thread_blocked, id=18456, stack(0x000000a0c4200000,0x000000a0c4300000)]
  0x0000027cb6b4dc30 JavaThread "Memory manager" [_thread_blocked, id=28676, stack(0x000000a0c4300000,0x000000a0c4400000)]
  0x0000027cb6b4a480 JavaThread "Cache worker for Build Output Cleanup Cache (C:\Users\pc\AgendACDR\android\.gradle\buildOutputCleanup)" [_thread_blocked, id=20220, stack(0x000000a0c4400000,0x000000a0c4500000)]
  0x0000027cb6b4fa90 JavaThread "ForkJoinPool.commonPool-worker-1" daemon [_thread_blocked, id=27012, stack(0x000000a0c4500000,0x000000a0c4600000)]
  0x0000027cb6b4bdd0 JavaThread "ForkJoinPool.commonPool-worker-2" daemon [_thread_blocked, id=9860, stack(0x000000a0c4600000,0x000000a0c4700000)]
  0x0000027cb6b513e0 JavaThread "ForkJoinPool.commonPool-worker-3" daemon [_thread_blocked, id=11112, stack(0x000000a0c4700000,0x000000a0c4800000)]
  0x0000027cb6b4d210 JavaThread "ForkJoinPool.commonPool-worker-4" daemon [_thread_blocked, id=14856, stack(0x000000a0c4800000,0x000000a0c4900000)]
  0x0000027cb6b518f0 JavaThread "ForkJoinPool.commonPool-worker-5" daemon [_thread_blocked, id=20996, stack(0x000000a0c4900000,0x000000a0c4a00000)]
  0x0000027cb6b4e140 JavaThread "ForkJoinPool.commonPool-worker-6" daemon [_thread_blocked, id=16872, stack(0x000000a0c4a00000,0x000000a0c4b00000)]
  0x0000027cb6b4ffa0 JavaThread "ForkJoinPool.commonPool-worker-7" daemon [_thread_blocked, id=27800, stack(0x000000a0c4b00000,0x000000a0c4c00000)]
  0x0000027cb6b4d720 JavaThread "included builds" [_thread_blocked, id=7608, stack(0x000000a0c4c00000,0x000000a0c4d00000)]
  0x0000027cb6b504b0 JavaThread "Execution worker" [_thread_blocked, id=21056, stack(0x000000a0c4d00000,0x000000a0c4e00000)]
  0x0000027cb6b4eb60 JavaThread "Execution worker Thread 2" [_thread_blocked, id=17536, stack(0x000000a0c4e00000,0x000000a0c4f00000)]
  0x0000027cb6b51e00 JavaThread "Execution worker Thread 3" [_thread_blocked, id=29308, stack(0x000000a0c4f00000,0x000000a0c5000000)]
  0x0000027cb6b4f070 JavaThread "Execution worker Thread 4" [_thread_blocked, id=17908, stack(0x000000a0c5000000,0x000000a0c5100000)]
  0x0000027cb6b4f580 JavaThread "Execution worker Thread 5" [_thread_blocked, id=6540, stack(0x000000a0c5100000,0x000000a0c5200000)]
  0x0000027cb5e34450 JavaThread "Execution worker Thread 6" [_thread_blocked, id=35008, stack(0x000000a0c5200000,0x000000a0c5300000)]
  0x0000027cb5e38b30 JavaThread "Execution worker Thread 7" [_thread_blocked, id=38432, stack(0x000000a0c5300000,0x000000a0c5400000)]
  0x0000027cb5e35380 JavaThread "Cache worker for execution history cache (C:\Users\pc\AgendACDR\node_modules\@react-native\gradle-plugin\.gradle\8.5\executionHistory)" [_thread_blocked, id=34964, stack(0x000000a0c5400000,0x000000a0c5500000)]
  0x0000027cb5e367c0 JavaThread "Unconstrained build operations Thread 10" [_thread_blocked, id=32564, stack(0x000000a0c5500000,0x000000a0c5600000)]
  0x0000027cb5e36cd0 JavaThread "Unconstrained build operations Thread 11" [_thread_blocked, id=17644, stack(0x000000a0c5600000,0x000000a0c5700000)]
  0x0000027cb5e34e70 JavaThread "Unconstrained build operations Thread 12" [_thread_blocked, id=23836, stack(0x000000a0c5700000,0x000000a0c5800000)]
  0x0000027cb5e39f70 JavaThread "Unconstrained build operations Thread 13" [_thread_blocked, id=34512, stack(0x000000a0c5800000,0x000000a0c5900000)]
  0x0000027cb5e39040 JavaThread "Unconstrained build operations Thread 14" [_thread_blocked, id=32356, stack(0x000000a0c5900000,0x000000a0c5a00000)]
  0x0000027cb5e38110 JavaThread "Unconstrained build operations Thread 15" [_thread_blocked, id=33708, stack(0x000000a0c5a00000,0x000000a0c5b00000)]
  0x0000027cb5e371e0 JavaThread "Unconstrained build operations Thread 16" [_thread_blocked, id=29892, stack(0x000000a0c5b00000,0x000000a0c5c00000)]
  0x0000027cb5e38620 JavaThread "Unconstrained build operations Thread 17" [_thread_blocked, id=32400, stack(0x000000a0c5e00000,0x000000a0c5f00000)]
  0x0000027cb5e376f0 JavaThread "Unconstrained build operations Thread 18" [_thread_blocked, id=18852, stack(0x000000a0c5f00000,0x000000a0c6000000)]
  0x0000027cb5e39550 JavaThread "Unconstrained build operations Thread 19" [_thread_blocked, id=1860, stack(0x000000a0c6000000,0x000000a0c6100000)]
  0x0000027cb5e39a60 JavaThread "Unconstrained build operations Thread 20" [_thread_blocked, id=18160, stack(0x000000a0c6100000,0x000000a0c6200000)]
  0x0000027cb5e37c00 JavaThread "Unconstrained build operations Thread 21" [_thread_blocked, id=36660, stack(0x000000a0c6200000,0x000000a0c6300000)]
  0x0000027cb5e34960 JavaThread "Unconstrained build operations Thread 22" [_thread_blocked, id=10060, stack(0x000000a0c6300000,0x000000a0c6400000)]
  0x0000027cb5e3a480 JavaThread "Unconstrained build operations Thread 23" [_thread_blocked, id=43648, stack(0x000000a0c6400000,0x000000a0c6500000)]
  0x0000027cb5e35890 JavaThread "Unconstrained build operations Thread 24" [_thread_blocked, id=29868, stack(0x000000a0c6500000,0x000000a0c6600000)]
  0x0000027cb5e3a990 JavaThread "Unconstrained build operations Thread 25" [_thread_blocked, id=18688, stack(0x000000a0c6600000,0x000000a0c6700000)]
  0x0000027cb5e33f40 JavaThread "Unconstrained build operations Thread 26" [_thread_blocked, id=26984, stack(0x000000a0c6700000,0x000000a0c6800000)]
  0x0000027cb5e3aea0 JavaThread "Unconstrained build operations Thread 27" [_thread_blocked, id=43464, stack(0x000000a0c6800000,0x000000a0c6900000)]
  0x0000027cb5e3b3b0 JavaThread "Unconstrained build operations Thread 28" [_thread_blocked, id=38660, stack(0x000000a0c6900000,0x000000a0c6a00000)]
  0x0000027cb5e3b8c0 JavaThread "Unconstrained build operations Thread 29" [_thread_blocked, id=30504, stack(0x000000a0c6a00000,0x000000a0c6b00000)]
  0x0000027cb5e35da0 JavaThread "Unconstrained build operations Thread 30" [_thread_blocked, id=22112, stack(0x000000a0c6b00000,0x000000a0c6c00000)]
  0x0000027cb7147aa0 JavaThread "Unconstrained build operations Thread 31" [_thread_blocked, id=2556, stack(0x000000a0c6c00000,0x000000a0c6d00000)]
  0x0000027cb7147fb0 JavaThread "Unconstrained build operations Thread 32" [_thread_blocked, id=20308, stack(0x000000a0c6d00000,0x000000a0c6e00000)]
  0x0000027cb7145220 JavaThread "build event listener" [_thread_blocked, id=38552, stack(0x000000a0c6e00000,0x000000a0c6f00000)]
  0x0000027cb7142490 JavaThread "Unconstrained build operations Thread 33" [_thread_blocked, id=28708, stack(0x000000a0bf800000,0x000000a0bf900000)]
  0x0000027cb7145730 JavaThread "Unconstrained build operations Thread 34" [_thread_blocked, id=10628, stack(0x000000a0bf900000,0x000000a0bfa00000)]
  0x0000027cb7146150 JavaThread "Unconstrained build operations Thread 35" [_thread_blocked, id=31152, stack(0x000000a0c6f00000,0x000000a0c7000000)]
  0x0000027cb7147080 JavaThread "Unconstrained build operations Thread 36" [_thread_blocked, id=29180, stack(0x000000a0c7000000,0x000000a0c7100000)]
  0x0000027cb7149e10 JavaThread "Unconstrained build operations Thread 37" [_thread_blocked, id=10592, stack(0x000000a0c7100000,0x000000a0c7200000)]
  0x0000027cb7146660 JavaThread "Unconstrained build operations Thread 38" [_thread_blocked, id=19228, stack(0x000000a0c7200000,0x000000a0c7300000)]
  0x0000027cb71429a0 JavaThread "Unconstrained build operations Thread 39" [_thread_blocked, id=35776, stack(0x000000a0c7300000,0x000000a0c7400000)]

Other Threads:
  0x0000027cfebeaf80 VMThread "VM Thread" [stack: 0x000000a0c0000000,0x000000a0c0100000] [id=40304]
  0x0000027cfef14b20 WatcherThread [stack: 0x000000a0c0c00000,0x000000a0c0d00000] [id=40688]
  0x0000027cf5a78140 GCTaskThread "GC Thread#0" [stack: 0x000000a0bfb00000,0x000000a0bfc00000] [id=43180]
  0x0000027cff8c3d00 GCTaskThread "GC Thread#1" [stack: 0x000000a0c0d00000,0x000000a0c0e00000] [id=42616]
  0x0000027cff737c60 GCTaskThread "GC Thread#2" [stack: 0x000000a0c0e00000,0x000000a0c0f00000] [id=39468]
  0x0000027cff737f20 GCTaskThread "GC Thread#3" [stack: 0x000000a0c0f00000,0x000000a0c1000000] [id=8700]
  0x0000027cb443a690 GCTaskThread "GC Thread#4" [stack: 0x000000a0c1000000,0x000000a0c1100000] [id=27000]
  0x0000027cb53dcc50 GCTaskThread "GC Thread#5" [stack: 0x000000a0c1d00000,0x000000a0c1e00000] [id=9576]
  0x0000027cb5381f60 GCTaskThread "GC Thread#6" [stack: 0x000000a0c1e00000,0x000000a0c1f00000] [id=22084]
  0x0000027cb5382220 GCTaskThread "GC Thread#7" [stack: 0x000000a0c1f00000,0x000000a0c2000000] [id=30808]
  0x0000027cf5a8a0a0 ConcurrentGCThread "G1 Main Marker" [stack: 0x000000a0bfc00000,0x000000a0bfd00000] [id=25616]
  0x0000027cf5a8aab0 ConcurrentGCThread "G1 Conc#0" [stack: 0x000000a0bfd00000,0x000000a0bfe00000] [id=42084]
  0x0000027cb5ab40a0 ConcurrentGCThread "G1 Conc#1" [stack: 0x000000a0c2400000,0x000000a0c2500000] [id=41880]
  0x0000027cf5addc90 ConcurrentGCThread "G1 Refine#0" [stack: 0x000000a0bfe00000,0x000000a0bff00000] [id=20872]
  0x0000027cf5ade6c0 ConcurrentGCThread "G1 Service" [stack: 0x000000a0bff00000,0x000000a0c0000000] [id=5668]

Threads with active compile tasks:
C2 CompilerThread0    71812 12072 %     4       groovy.lang.MetaClassImpl::inheritInterfaceNewMetaMethods @ 100 (195 bytes)

VM state: not at safepoint (normal execution)

VM Mutex/Monitor currently owned by a thread: None

Heap address: 0x0000000080000000, size: 2048 MB, Compressed Oops mode: 32-bit

CDS archive(s) mapped at: [0x0000027c95000000-0x0000027c95bd0000-0x0000027c95bd0000), size 12386304, SharedBaseAddress: 0x0000027c95000000, ArchiveRelocationMode: 1.
Compressed class space mapped at: 0x0000027c96000000-0x0000027cb0000000, reserved size: 436207616
Narrow klass base: 0x0000027c95000000, Narrow klass shift: 0, Narrow klass range: 0x100000000

GC Precious Log:
 CPUs: 8 total, 8 available
 Memory: 7932M
 Large Page Support: Disabled
 NUMA Support: Disabled
 Compressed Oops: Enabled (32-bit)
 Heap Region Size: 1M
 Heap Min Capacity: 8M
 Heap Initial Capacity: 124M
 Heap Max Capacity: 2G
 Pre-touch: Disabled
 Parallel Workers: 8
 Concurrent Workers: 2
 Concurrent Refinement Workers: 8
 Periodic GC: Disabled

Heap:
 garbage-first heap   total 284672K, used 130464K [0x0000000080000000, 0x0000000100000000)
  region size 1024K, 38 young (38912K), 13 survivors (13312K)
 Metaspace       used 93789K, committed 94720K, reserved 557056K
  class space    used 13159K, committed 13632K, reserved 425984K

Heap Regions: E=young(eden), S=young(survivor), O=old, HS=humongous(starts), HC=humongous(continues), CS=collection set, F=free, OA=open archive, CA=closed archive, TAMS=top-at-mark-start (previous, next)
|   0|0x0000000080000000, 0x0000000080100000, 0x0000000080100000|100%|HS|  |TAMS 0x0000000080100000, 0x0000000080000000| Complete 
|   1|0x0000000080100000, 0x0000000080200000, 0x0000000080200000|100%|HC|  |TAMS 0x0000000080200000, 0x0000000080100000| Complete 
|   2|0x0000000080200000, 0x0000000080300000, 0x0000000080300000|100%|HC|  |TAMS 0x0000000080300000, 0x0000000080200000| Complete 
|   3|0x0000000080300000, 0x0000000080400000, 0x0000000080400000|100%|HC|  |TAMS 0x0000000080400000, 0x0000000080300000| Complete 
|   4|0x0000000080400000, 0x0000000080500000, 0x0000000080500000|100%| O|  |TAMS 0x0000000080500000, 0x0000000080400000| Untracked 
|   5|0x0000000080500000, 0x0000000080600000, 0x0000000080600000|100%| O|  |TAMS 0x0000000080600000, 0x0000000080500000| Untracked 
|   6|0x0000000080600000, 0x0000000080700000, 0x0000000080700000|100%| O|  |TAMS 0x0000000080700000, 0x0000000080600000| Untracked 
|   7|0x0000000080700000, 0x0000000080800000, 0x0000000080800000|100%| O|  |TAMS 0x0000000080800000, 0x0000000080700000| Untracked 
|   8|0x0000000080800000, 0x0000000080900000, 0x0000000080900000|100%| O|  |TAMS 0x0000000080900000, 0x0000000080800000| Untracked 
|   9|0x0000000080900000, 0x0000000080a00000, 0x0000000080a00000|100%| O|  |TAMS 0x0000000080a00000, 0x0000000080900000| Untracked 
|  10|0x0000000080a00000, 0x0000000080b00000, 0x0000000080b00000|100%| O|  |TAMS 0x0000000080b00000, 0x0000000080a00000| Untracked 
|  11|0x0000000080b00000, 0x0000000080c00000, 0x0000000080c00000|100%| O|  |TAMS 0x0000000080c00000, 0x0000000080b00000| Untracked 
|  12|0x0000000080c00000, 0x0000000080d00000, 0x0000000080d00000|100%| O|  |TAMS 0x0000000080d00000, 0x0000000080c00000| Untracked 
|  13|0x0000000080d00000, 0x0000000080e00000, 0x0000000080e00000|100%| O|  |TAMS 0x0000000080e00000, 0x0000000080d00000| Untracked 
|  14|0x0000000080e00000, 0x0000000080f00000, 0x0000000080f00000|100%| O|  |TAMS 0x0000000080f00000, 0x0000000080e00000| Untracked 
|  15|0x0000000080f00000, 0x0000000081000000, 0x0000000081000000|100%| O|  |TAMS 0x0000000081000000, 0x0000000080f00000| Untracked 
|  16|0x0000000081000000, 0x0000000081100000, 0x0000000081100000|100%| O|  |TAMS 0x0000000081100000, 0x0000000081000000| Untracked 
|  17|0x0000000081100000, 0x0000000081200000, 0x0000000081200000|100%| O|  |TAMS 0x0000000081200000, 0x0000000081100000| Untracked 
|  18|0x0000000081200000, 0x0000000081300000, 0x0000000081300000|100%| O|  |TAMS 0x0000000081300000, 0x0000000081200000| Untracked 
|  19|0x0000000081300000, 0x00000000813b7a00, 0x0000000081400000| 71%| O|  |TAMS 0x00000000813b7a00, 0x0000000081300000| Untracked 
|  20|0x0000000081400000, 0x0000000081500000, 0x0000000081500000|100%| O|  |TAMS 0x0000000081500000, 0x0000000081400000| Untracked 
|  21|0x0000000081500000, 0x0000000081600000, 0x0000000081600000|100%| O|  |TAMS 0x0000000081600000, 0x0000000081500000| Untracked 
|  22|0x0000000081600000, 0x0000000081700000, 0x0000000081700000|100%| O|  |TAMS 0x0000000081700000, 0x0000000081600000| Untracked 
|  23|0x0000000081700000, 0x0000000081800000, 0x0000000081800000|100%| O|  |TAMS 0x0000000081800000, 0x0000000081700000| Untracked 
|  24|0x0000000081800000, 0x0000000081900000, 0x0000000081900000|100%| O|  |TAMS 0x0000000081900000, 0x0000000081800000| Untracked 
|  25|0x0000000081900000, 0x0000000081a00000, 0x0000000081a00000|100%| O|  |TAMS 0x0000000081a00000, 0x0000000081900000| Untracked 
|  26|0x0000000081a00000, 0x0000000081b00000, 0x0000000081b00000|100%| O|  |TAMS 0x0000000081b00000, 0x0000000081a00000| Untracked 
|  27|0x0000000081b00000, 0x0000000081c00000, 0x0000000081c00000|100%| O|  |TAMS 0x0000000081c00000, 0x0000000081b00000| Untracked 
|  28|0x0000000081c00000, 0x0000000081d00000, 0x0000000081d00000|100%| O|  |TAMS 0x0000000081d00000, 0x0000000081c00000| Untracked 
|  29|0x0000000081d00000, 0x0000000081e00000, 0x0000000081e00000|100%| O|  |TAMS 0x0000000081e00000, 0x0000000081d00000| Untracked 
|  30|0x0000000081e00000, 0x0000000081f00000, 0x0000000081f00000|100%| O|  |TAMS 0x0000000081f00000, 0x0000000081e00000| Untracked 
|  31|0x0000000081f00000, 0x0000000082000000, 0x0000000082000000|100%| O|  |TAMS 0x0000000082000000, 0x0000000081f00000| Untracked 
|  32|0x0000000082000000, 0x0000000082100000, 0x0000000082100000|100%| O|  |TAMS 0x0000000082100000, 0x0000000082000000| Untracked 
|  33|0x0000000082100000, 0x0000000082200000, 0x0000000082200000|100%| O|  |TAMS 0x0000000082100000, 0x0000000082100000| Untracked 
|  34|0x0000000082200000, 0x0000000082300000, 0x0000000082300000|100%|HS|  |TAMS 0x0000000082300000, 0x0000000082200000| Complete 
|  35|0x0000000082300000, 0x0000000082400000, 0x0000000082400000|100%|HC|  |TAMS 0x0000000082400000, 0x0000000082300000| Complete 
|  36|0x0000000082400000, 0x0000000082500000, 0x0000000082500000|100%| O|  |TAMS 0x0000000082500000, 0x0000000082400000| Untracked 
|  37|0x0000000082500000, 0x0000000082600000, 0x0000000082600000|100%| O|  |TAMS 0x0000000082600000, 0x0000000082500000| Untracked 
|  38|0x0000000082600000, 0x0000000082700000, 0x0000000082700000|100%|HS|  |TAMS 0x0000000082700000, 0x0000000082600000| Complete 
|  39|0x0000000082700000, 0x0000000082800000, 0x0000000082800000|100%|HC|  |TAMS 0x0000000082800000, 0x0000000082700000| Complete 
|  40|0x0000000082800000, 0x0000000082900000, 0x0000000082900000|100%| O|  |TAMS 0x0000000082900000, 0x0000000082800000| Untracked 
|  41|0x0000000082900000, 0x0000000082a00000, 0x0000000082a00000|100%| O|  |TAMS 0x0000000082a00000, 0x0000000082900000| Untracked 
|  42|0x0000000082a00000, 0x0000000082b00000, 0x0000000082b00000|100%|HS|  |TAMS 0x0000000082b00000, 0x0000000082a00000| Complete 
|  43|0x0000000082b00000, 0x0000000082c00000, 0x0000000082c00000|100%|HC|  |TAMS 0x0000000082c00000, 0x0000000082b00000| Complete 
|  44|0x0000000082c00000, 0x0000000082d00000, 0x0000000082d00000|100%|HC|  |TAMS 0x0000000082d00000, 0x0000000082c00000| Complete 
|  45|0x0000000082d00000, 0x0000000082e00000, 0x0000000082e00000|100%|HC|  |TAMS 0x0000000082e00000, 0x0000000082d00000| Complete 
|  46|0x0000000082e00000, 0x0000000082f00000, 0x0000000082f00000|100%| O|  |TAMS 0x0000000082f00000, 0x0000000082e00000| Untracked 
|  47|0x0000000082f00000, 0x0000000083000000, 0x0000000083000000|100%|HS|  |TAMS 0x0000000083000000, 0x0000000082f00000| Complete 
|  48|0x0000000083000000, 0x0000000083100000, 0x0000000083100000|100%| O|  |TAMS 0x0000000083100000, 0x0000000083000000| Untracked 
|  49|0x0000000083100000, 0x0000000083200000, 0x0000000083200000|100%|HS|  |TAMS 0x0000000083200000, 0x0000000083100000| Complete 
|  50|0x0000000083200000, 0x0000000083300000, 0x0000000083300000|100%|HC|  |TAMS 0x0000000083300000, 0x0000000083200000| Complete 
|  51|0x0000000083300000, 0x0000000083400000, 0x0000000083400000|100%|HC|  |TAMS 0x0000000083400000, 0x0000000083300000| Complete 
|  52|0x0000000083400000, 0x0000000083500000, 0x0000000083500000|100%|HC|  |TAMS 0x0000000083500000, 0x0000000083400000| Complete 
|  53|0x0000000083500000, 0x0000000083600000, 0x0000000083600000|100%| O|  |TAMS 0x0000000083600000, 0x0000000083500000| Untracked 
|  54|0x0000000083600000, 0x0000000083700000, 0x0000000083700000|100%| O|  |TAMS 0x0000000083700000, 0x0000000083600000| Untracked 
|  55|0x0000000083700000, 0x0000000083800000, 0x0000000083800000|100%| O|  |TAMS 0x0000000083800000, 0x0000000083700000| Untracked 
|  56|0x0000000083800000, 0x0000000083900000, 0x0000000083900000|100%| O|  |TAMS 0x0000000083900000, 0x0000000083800000| Untracked 
|  57|0x0000000083900000, 0x0000000083a00000, 0x0000000083a00000|100%| O|  |TAMS 0x0000000083a00000, 0x0000000083900000| Untracked 
|  58|0x0000000083a00000, 0x0000000083b00000, 0x0000000083b00000|100%| O|  |TAMS 0x0000000083b00000, 0x0000000083a00000| Untracked 
|  59|0x0000000083b00000, 0x0000000083c00000, 0x0000000083c00000|100%| O|  |TAMS 0x0000000083c00000, 0x0000000083b00000| Untracked 
|  60|0x0000000083c00000, 0x0000000083d00000, 0x0000000083d00000|100%| O|  |TAMS 0x0000000083d00000, 0x0000000083c00000| Untracked 
|  61|0x0000000083d00000, 0x0000000083e00000, 0x0000000083e00000|100%| O|  |TAMS 0x0000000083e00000, 0x0000000083d00000| Untracked 
|  62|0x0000000083e00000, 0x0000000083f00000, 0x0000000083f00000|100%| O|  |TAMS 0x0000000083f00000, 0x0000000083e00000| Untracked 
|  63|0x0000000083f00000, 0x0000000084000000, 0x0000000084000000|100%| O|  |TAMS 0x0000000083f00000, 0x0000000083f00000| Untracked 
|  64|0x0000000084000000, 0x0000000084100000, 0x0000000084100000|100%| O|  |TAMS 0x0000000084100000, 0x0000000084000000| Untracked 
|  65|0x0000000084100000, 0x0000000084200000, 0x0000000084200000|100%| O|  |TAMS 0x0000000084200000, 0x0000000084100000| Untracked 
|  66|0x0000000084200000, 0x0000000084300000, 0x0000000084300000|100%| O|  |TAMS 0x0000000084300000, 0x0000000084200000| Untracked 
|  67|0x0000000084300000, 0x0000000084400000, 0x0000000084400000|100%| O|  |TAMS 0x0000000084400000, 0x0000000084300000| Untracked 
|  68|0x0000000084400000, 0x0000000084500000, 0x0000000084500000|100%|HS|  |TAMS 0x0000000084500000, 0x0000000084400000| Complete 
|  69|0x0000000084500000, 0x0000000084600000, 0x0000000084600000|100%|HS|  |TAMS 0x0000000084600000, 0x0000000084500000| Complete 
|  70|0x0000000084600000, 0x0000000084700000, 0x0000000084700000|100%| O|  |TAMS 0x0000000084700000, 0x0000000084600000| Untracked 
|  71|0x0000000084700000, 0x0000000084800000, 0x0000000084800000|100%|HS|  |TAMS 0x0000000084800000, 0x0000000084700000| Complete 
|  72|0x0000000084800000, 0x0000000084900000, 0x0000000084900000|100%|HS|  |TAMS 0x0000000084900000, 0x0000000084800000| Complete 
|  73|0x0000000084900000, 0x0000000084a00000, 0x0000000084a00000|100%| O|  |TAMS 0x0000000084a00000, 0x0000000084900000| Untracked 
|  74|0x0000000084a00000, 0x0000000084b00000, 0x0000000084b00000|100%| O|  |TAMS 0x0000000084b00000, 0x0000000084a00000| Untracked 
|  75|0x0000000084b00000, 0x0000000084c00000, 0x0000000084c00000|100%| O|  |TAMS 0x0000000084c00000, 0x0000000084b00000| Untracked 
|  76|0x0000000084c00000, 0x0000000084d00000, 0x0000000084d00000|100%| O|  |TAMS 0x0000000084d00000, 0x0000000084c00000| Untracked 
|  77|0x0000000084d00000, 0x0000000084e00000, 0x0000000084e00000|100%| O|  |TAMS 0x0000000084e00000, 0x0000000084d00000| Untracked 
|  78|0x0000000084e00000, 0x0000000084f00000, 0x0000000084f00000|100%| O|  |TAMS 0x0000000084f00000, 0x0000000084e00000| Untracked 
|  79|0x0000000084f00000, 0x0000000085000000, 0x0000000085000000|100%| O|  |TAMS 0x0000000085000000, 0x0000000084f00000| Untracked 
|  80|0x0000000085000000, 0x0000000085100000, 0x0000000085100000|100%| O|  |TAMS 0x000000008508c000, 0x0000000085000000| Untracked 
|  81|0x0000000085100000, 0x0000000085200000, 0x0000000085200000|100%| O|  |TAMS 0x0000000085100000, 0x0000000085100000| Untracked 
|  82|0x0000000085200000, 0x0000000085300000, 0x0000000085300000|100%| O|  |TAMS 0x0000000085200000, 0x0000000085200000| Untracked 
|  83|0x0000000085300000, 0x0000000085400000, 0x0000000085400000|100%| O|  |TAMS 0x0000000085300000, 0x0000000085300000| Untracked 
|  84|0x0000000085400000, 0x0000000085500000, 0x0000000085500000|100%| O|  |TAMS 0x0000000085400000, 0x0000000085400000| Untracked 
|  85|0x0000000085500000, 0x0000000085600000, 0x0000000085600000|100%| O|  |TAMS 0x0000000085500000, 0x0000000085500000| Untracked 
|  86|0x0000000085600000, 0x0000000085700000, 0x0000000085700000|100%| O|  |TAMS 0x0000000085600000, 0x0000000085600000| Untracked 
|  87|0x0000000085700000, 0x00000000857dd000, 0x0000000085800000| 86%| O|  |TAMS 0x0000000085700000, 0x0000000085700000| Untracked 
|  88|0x0000000085800000, 0x0000000085900000, 0x0000000085900000|100%|HS|  |TAMS 0x0000000085800000, 0x0000000085800000| Complete 
|  89|0x0000000085900000, 0x0000000085a00000, 0x0000000085a00000|100%|HS|  |TAMS 0x0000000085900000, 0x0000000085900000| Complete 
|  90|0x0000000085a00000, 0x0000000085b00000, 0x0000000085b00000|100%|HS|  |TAMS 0x0000000085a00000, 0x0000000085a00000| Complete 
|  91|0x0000000085b00000, 0x0000000085c00000, 0x0000000085c00000|100%|HC|  |TAMS 0x0000000085b00000, 0x0000000085b00000| Complete 
|  92|0x0000000085c00000, 0x0000000085c00000, 0x0000000085d00000|  0%| F|  |TAMS 0x0000000085c00000, 0x0000000085c00000| Untracked 
|  93|0x0000000085d00000, 0x0000000085d00000, 0x0000000085e00000|  0%| F|  |TAMS 0x0000000085d00000, 0x0000000085d00000| Untracked 
|  94|0x0000000085e00000, 0x0000000085e00000, 0x0000000085f00000|  0%| F|  |TAMS 0x0000000085e00000, 0x0000000085e00000| Untracked 
|  95|0x0000000085f00000, 0x0000000085f00000, 0x0000000086000000|  0%| F|  |TAMS 0x0000000085f00000, 0x0000000085f00000| Untracked 
|  96|0x0000000086000000, 0x0000000086000000, 0x0000000086100000|  0%| F|  |TAMS 0x0000000086000000, 0x0000000086000000| Untracked 
|  97|0x0000000086100000, 0x0000000086100000, 0x0000000086200000|  0%| F|  |TAMS 0x0000000086100000, 0x0000000086100000| Untracked 
|  98|0x0000000086200000, 0x0000000086200000, 0x0000000086300000|  0%| F|  |TAMS 0x0000000086200000, 0x0000000086200000| Untracked 
|  99|0x0000000086300000, 0x0000000086300000, 0x0000000086400000|  0%| F|  |TAMS 0x0000000086300000, 0x0000000086300000| Untracked 
| 100|0x0000000086400000, 0x0000000086400000, 0x0000000086500000|  0%| F|  |TAMS 0x0000000086400000, 0x0000000086400000| Untracked 
| 101|0x0000000086500000, 0x0000000086500000, 0x0000000086600000|  0%| F|  |TAMS 0x0000000086500000, 0x0000000086500000| Untracked 
| 102|0x0000000086600000, 0x0000000086600000, 0x0000000086700000|  0%| F|  |TAMS 0x0000000086600000, 0x0000000086600000| Untracked 
| 103|0x0000000086700000, 0x0000000086700000, 0x0000000086800000|  0%| F|  |TAMS 0x0000000086700000, 0x0000000086700000| Untracked 
| 104|0x0000000086800000, 0x0000000086800000, 0x0000000086900000|  0%| F|  |TAMS 0x0000000086800000, 0x0000000086800000| Untracked 
| 105|0x0000000086900000, 0x0000000086900000, 0x0000000086a00000|  0%| F|  |TAMS 0x0000000086900000, 0x0000000086900000| Untracked 
| 106|0x0000000086a00000, 0x0000000086a00000, 0x0000000086b00000|  0%| F|  |TAMS 0x0000000086a00000, 0x0000000086a00000| Untracked 
| 107|0x0000000086b00000, 0x0000000086b00000, 0x0000000086c00000|  0%| F|  |TAMS 0x0000000086b00000, 0x0000000086b00000| Untracked 
| 108|0x0000000086c00000, 0x0000000086c00000, 0x0000000086d00000|  0%| F|  |TAMS 0x0000000086c00000, 0x0000000086c00000| Untracked 
| 109|0x0000000086d00000, 0x0000000086d00000, 0x0000000086e00000|  0%| F|  |TAMS 0x0000000086d00000, 0x0000000086d00000| Untracked 
| 110|0x0000000086e00000, 0x0000000086e00000, 0x0000000086f00000|  0%| F|  |TAMS 0x0000000086e00000, 0x0000000086e00000| Untracked 
| 111|0x0000000086f00000, 0x0000000086f00000, 0x0000000087000000|  0%| F|  |TAMS 0x0000000086f00000, 0x0000000086f00000| Untracked 
| 112|0x0000000087000000, 0x0000000087000000, 0x0000000087100000|  0%| F|  |TAMS 0x0000000087000000, 0x0000000087000000| Untracked 
| 113|0x0000000087100000, 0x0000000087100000, 0x0000000087200000|  0%| F|  |TAMS 0x0000000087100000, 0x0000000087100000| Untracked 
| 114|0x0000000087200000, 0x0000000087200000, 0x0000000087300000|  0%| F|  |TAMS 0x0000000087200000, 0x0000000087200000| Untracked 
| 115|0x0000000087300000, 0x0000000087300000, 0x0000000087400000|  0%| F|  |TAMS 0x0000000087300000, 0x0000000087300000| Untracked 
| 116|0x0000000087400000, 0x0000000087400000, 0x0000000087500000|  0%| F|  |TAMS 0x0000000087400000, 0x0000000087400000| Untracked 
| 117|0x0000000087500000, 0x0000000087500000, 0x0000000087600000|  0%| F|  |TAMS 0x0000000087500000, 0x0000000087500000| Untracked 
| 118|0x0000000087600000, 0x0000000087600000, 0x0000000087700000|  0%| F|  |TAMS 0x0000000087600000, 0x0000000087600000| Untracked 
| 119|0x0000000087700000, 0x0000000087700000, 0x0000000087800000|  0%| F|  |TAMS 0x0000000087700000, 0x0000000087700000| Untracked 
| 120|0x0000000087800000, 0x0000000087800000, 0x0000000087900000|  0%| F|  |TAMS 0x0000000087800000, 0x0000000087800000| Untracked 
| 121|0x0000000087900000, 0x0000000087900000, 0x0000000087a00000|  0%| F|  |TAMS 0x0000000087900000, 0x0000000087900000| Untracked 
| 122|0x0000000087a00000, 0x0000000087a00000, 0x0000000087b00000|  0%| F|  |TAMS 0x0000000087a00000, 0x0000000087a00000| Untracked 
| 123|0x0000000087b00000, 0x0000000087b00000, 0x0000000087c00000|  0%| F|  |TAMS 0x0000000087b00000, 0x0000000087b00000| Untracked 
| 124|0x0000000087c00000, 0x0000000087c00000, 0x0000000087d00000|  0%| F|  |TAMS 0x0000000087c00000, 0x0000000087c00000| Untracked 
| 125|0x0000000087d00000, 0x0000000087d00000, 0x0000000087e00000|  0%| F|  |TAMS 0x0000000087d00000, 0x0000000087d00000| Untracked 
| 126|0x0000000087e00000, 0x0000000087e00000, 0x0000000087f00000|  0%| F|  |TAMS 0x0000000087e00000, 0x0000000087e00000| Untracked 
| 127|0x0000000087f00000, 0x0000000087f00000, 0x0000000088000000|  0%| F|  |TAMS 0x0000000087f00000, 0x0000000087f00000| Untracked 
| 128|0x0000000088000000, 0x0000000088000000, 0x0000000088100000|  0%| F|  |TAMS 0x0000000088000000, 0x0000000088000000| Untracked 
| 129|0x0000000088100000, 0x0000000088100000, 0x0000000088200000|  0%| F|  |TAMS 0x0000000088100000, 0x0000000088100000| Untracked 
| 130|0x0000000088200000, 0x0000000088200000, 0x0000000088300000|  0%| F|  |TAMS 0x0000000088200000, 0x0000000088200000| Untracked 
| 131|0x0000000088300000, 0x0000000088300000, 0x0000000088400000|  0%| F|  |TAMS 0x0000000088300000, 0x0000000088300000| Untracked 
| 132|0x0000000088400000, 0x0000000088400000, 0x0000000088500000|  0%| F|  |TAMS 0x0000000088400000, 0x0000000088400000| Untracked 
| 133|0x0000000088500000, 0x0000000088500000, 0x0000000088600000|  0%| F|  |TAMS 0x0000000088500000, 0x0000000088500000| Untracked 
| 134|0x0000000088600000, 0x0000000088600000, 0x0000000088700000|  0%| F|  |TAMS 0x0000000088600000, 0x0000000088600000| Untracked 
| 135|0x0000000088700000, 0x0000000088700000, 0x0000000088800000|  0%| F|  |TAMS 0x0000000088700000, 0x0000000088700000| Untracked 
| 136|0x0000000088800000, 0x0000000088800000, 0x0000000088900000|  0%| F|  |TAMS 0x0000000088800000, 0x0000000088800000| Untracked 
| 137|0x0000000088900000, 0x00000000889d39b0, 0x0000000088a00000| 82%| S|CS|TAMS 0x0000000088900000, 0x0000000088900000| Complete 
| 138|0x0000000088a00000, 0x0000000088b00000, 0x0000000088b00000|100%| S|CS|TAMS 0x0000000088a00000, 0x0000000088a00000| Complete 
| 139|0x0000000088b00000, 0x0000000088c00000, 0x0000000088c00000|100%| S|CS|TAMS 0x0000000088b00000, 0x0000000088b00000| Complete 
| 140|0x0000000088c00000, 0x0000000088d00000, 0x0000000088d00000|100%| S|CS|TAMS 0x0000000088c00000, 0x0000000088c00000| Complete 
| 141|0x0000000088d00000, 0x0000000088e00000, 0x0000000088e00000|100%| S|CS|TAMS 0x0000000088d00000, 0x0000000088d00000| Complete 
| 142|0x0000000088e00000, 0x0000000088f00000, 0x0000000088f00000|100%| S|CS|TAMS 0x0000000088e00000, 0x0000000088e00000| Complete 
| 143|0x0000000088f00000, 0x0000000088f00000, 0x0000000089000000|  0%| F|  |TAMS 0x0000000088f00000, 0x0000000088f00000| Untracked 
| 144|0x0000000089000000, 0x0000000089000000, 0x0000000089100000|  0%| F|  |TAMS 0x0000000089000000, 0x0000000089000000| Untracked 
| 145|0x0000000089100000, 0x0000000089100000, 0x0000000089200000|  0%| F|  |TAMS 0x0000000089100000, 0x0000000089100000| Untracked 
| 146|0x0000000089200000, 0x0000000089200000, 0x0000000089300000|  0%| F|  |TAMS 0x0000000089200000, 0x0000000089200000| Untracked 
| 147|0x0000000089300000, 0x0000000089300000, 0x0000000089400000|  0%| F|  |TAMS 0x0000000089300000, 0x0000000089300000| Untracked 
| 148|0x0000000089400000, 0x0000000089400000, 0x0000000089500000|  0%| F|  |TAMS 0x0000000089400000, 0x0000000089400000| Untracked 
| 149|0x0000000089500000, 0x0000000089500000, 0x0000000089600000|  0%| F|  |TAMS 0x0000000089500000, 0x0000000089500000| Untracked 
| 150|0x0000000089600000, 0x0000000089600000, 0x0000000089700000|  0%| F|  |TAMS 0x0000000089600000, 0x0000000089600000| Untracked 
| 151|0x0000000089700000, 0x0000000089700000, 0x0000000089800000|  0%| F|  |TAMS 0x0000000089700000, 0x0000000089700000| Untracked 
| 152|0x0000000089800000, 0x0000000089800000, 0x0000000089900000|  0%| F|  |TAMS 0x0000000089800000, 0x0000000089800000| Untracked 
| 153|0x0000000089900000, 0x0000000089900000, 0x0000000089a00000|  0%| F|  |TAMS 0x0000000089900000, 0x0000000089900000| Untracked 
| 154|0x0000000089a00000, 0x0000000089a00000, 0x0000000089b00000|  0%| F|  |TAMS 0x0000000089a00000, 0x0000000089a00000| Untracked 
| 155|0x0000000089b00000, 0x0000000089b00000, 0x0000000089c00000|  0%| F|  |TAMS 0x0000000089b00000, 0x0000000089b00000| Untracked 
| 156|0x0000000089c00000, 0x0000000089c00000, 0x0000000089d00000|  0%| F|  |TAMS 0x0000000089c00000, 0x0000000089c00000| Untracked 
| 157|0x0000000089d00000, 0x0000000089d00000, 0x0000000089e00000|  0%| F|  |TAMS 0x0000000089d00000, 0x0000000089d00000| Untracked 
| 158|0x0000000089e00000, 0x0000000089f00000, 0x0000000089f00000|100%| S|CS|TAMS 0x0000000089e00000, 0x0000000089e00000| Complete 
| 159|0x0000000089f00000, 0x000000008a000000, 0x000000008a000000|100%| S|CS|TAMS 0x0000000089f00000, 0x0000000089f00000| Complete 
| 160|0x000000008a000000, 0x000000008a100000, 0x000000008a100000|100%| S|CS|TAMS 0x000000008a000000, 0x000000008a000000| Complete 
| 161|0x000000008a100000, 0x000000008a200000, 0x000000008a200000|100%| S|CS|TAMS 0x000000008a100000, 0x000000008a100000| Complete 
| 162|0x000000008a200000, 0x000000008a300000, 0x000000008a300000|100%| S|CS|TAMS 0x000000008a200000, 0x000000008a200000| Complete 
| 163|0x000000008a300000, 0x000000008a400000, 0x000000008a400000|100%| S|CS|TAMS 0x000000008a300000, 0x000000008a300000| Complete 
| 164|0x000000008a400000, 0x000000008a500000, 0x000000008a500000|100%| S|CS|TAMS 0x000000008a400000, 0x000000008a400000| Complete 
| 165|0x000000008a500000, 0x000000008a500000, 0x000000008a600000|  0%| F|  |TAMS 0x000000008a500000, 0x000000008a500000| Untracked 
| 166|0x000000008a600000, 0x000000008a600000, 0x000000008a700000|  0%| F|  |TAMS 0x000000008a600000, 0x000000008a600000| Untracked 
| 167|0x000000008a700000, 0x000000008a700000, 0x000000008a800000|  0%| F|  |TAMS 0x000000008a700000, 0x000000008a700000| Untracked 
| 168|0x000000008a800000, 0x000000008a800000, 0x000000008a900000|  0%| F|  |TAMS 0x000000008a800000, 0x000000008a800000| Untracked 
| 169|0x000000008a900000, 0x000000008a900000, 0x000000008aa00000|  0%| F|  |TAMS 0x000000008a900000, 0x000000008a900000| Untracked 
| 170|0x000000008aa00000, 0x000000008aa00000, 0x000000008ab00000|  0%| F|  |TAMS 0x000000008aa00000, 0x000000008aa00000| Untracked 
| 171|0x000000008ab00000, 0x000000008ab00000, 0x000000008ac00000|  0%| F|  |TAMS 0x000000008ab00000, 0x000000008ab00000| Untracked 
| 172|0x000000008ac00000, 0x000000008ac00000, 0x000000008ad00000|  0%| F|  |TAMS 0x000000008ac00000, 0x000000008ac00000| Untracked 
| 173|0x000000008ad00000, 0x000000008ad00000, 0x000000008ae00000|  0%| F|  |TAMS 0x000000008ad00000, 0x000000008ad00000| Untracked 
| 174|0x000000008ae00000, 0x000000008ae00000, 0x000000008af00000|  0%| F|  |TAMS 0x000000008ae00000, 0x000000008ae00000| Untracked 
| 175|0x000000008af00000, 0x000000008af00000, 0x000000008b000000|  0%| F|  |TAMS 0x000000008af00000, 0x000000008af00000| Untracked 
| 176|0x000000008b000000, 0x000000008b000000, 0x000000008b100000|  0%| F|  |TAMS 0x000000008b000000, 0x000000008b000000| Untracked 
| 177|0x000000008b100000, 0x000000008b100000, 0x000000008b200000|  0%| F|  |TAMS 0x000000008b100000, 0x000000008b100000| Untracked 
| 178|0x000000008b200000, 0x000000008b200000, 0x000000008b300000|  0%| F|  |TAMS 0x000000008b200000, 0x000000008b200000| Untracked 
| 179|0x000000008b300000, 0x000000008b300000, 0x000000008b400000|  0%| F|  |TAMS 0x000000008b300000, 0x000000008b300000| Untracked 
| 180|0x000000008b400000, 0x000000008b400000, 0x000000008b500000|  0%| F|  |TAMS 0x000000008b400000, 0x000000008b400000| Untracked 
| 181|0x000000008b500000, 0x000000008b500000, 0x000000008b600000|  0%| F|  |TAMS 0x000000008b500000, 0x000000008b500000| Untracked 
| 182|0x000000008b600000, 0x000000008b600000, 0x000000008b700000|  0%| F|  |TAMS 0x000000008b600000, 0x000000008b600000| Untracked 
| 183|0x000000008b700000, 0x000000008b700000, 0x000000008b800000|  0%| F|  |TAMS 0x000000008b700000, 0x000000008b700000| Untracked 
| 184|0x000000008b800000, 0x000000008b800000, 0x000000008b900000|  0%| F|  |TAMS 0x000000008b800000, 0x000000008b800000| Untracked 
| 185|0x000000008b900000, 0x000000008b900000, 0x000000008ba00000|  0%| F|  |TAMS 0x000000008b900000, 0x000000008b900000| Untracked 
| 186|0x000000008ba00000, 0x000000008ba00000, 0x000000008bb00000|  0%| F|  |TAMS 0x000000008ba00000, 0x000000008ba00000| Untracked 
| 187|0x000000008bb00000, 0x000000008bb00000, 0x000000008bc00000|  0%| F|  |TAMS 0x000000008bb00000, 0x000000008bb00000| Untracked 
| 188|0x000000008bc00000, 0x000000008bc00000, 0x000000008bd00000|  0%| F|  |TAMS 0x000000008bc00000, 0x000000008bc00000| Untracked 
| 189|0x000000008bd00000, 0x000000008bd00000, 0x000000008be00000|  0%| F|  |TAMS 0x000000008bd00000, 0x000000008bd00000| Untracked 
| 190|0x000000008be00000, 0x000000008be00000, 0x000000008bf00000|  0%| F|  |TAMS 0x000000008be00000, 0x000000008be00000| Untracked 
| 191|0x000000008bf00000, 0x000000008bf00000, 0x000000008c000000|  0%| F|  |TAMS 0x000000008bf00000, 0x000000008bf00000| Untracked 
| 192|0x000000008c000000, 0x000000008c000000, 0x000000008c100000|  0%| F|  |TAMS 0x000000008c000000, 0x000000008c000000| Untracked 
| 193|0x000000008c100000, 0x000000008c100000, 0x000000008c200000|  0%| F|  |TAMS 0x000000008c100000, 0x000000008c100000| Untracked 
| 194|0x000000008c200000, 0x000000008c200000, 0x000000008c300000|  0%| F|  |TAMS 0x000000008c200000, 0x000000008c200000| Untracked 
| 195|0x000000008c300000, 0x000000008c300000, 0x000000008c400000|  0%| F|  |TAMS 0x000000008c300000, 0x000000008c300000| Untracked 
| 196|0x000000008c400000, 0x000000008c400000, 0x000000008c500000|  0%| F|  |TAMS 0x000000008c400000, 0x000000008c400000| Untracked 
| 197|0x000000008c500000, 0x000000008c500000, 0x000000008c600000|  0%| F|  |TAMS 0x000000008c500000, 0x000000008c500000| Untracked 
| 198|0x000000008c600000, 0x000000008c600000, 0x000000008c700000|  0%| F|  |TAMS 0x000000008c600000, 0x000000008c600000| Untracked 
| 199|0x000000008c700000, 0x000000008c700000, 0x000000008c800000|  0%| F|  |TAMS 0x000000008c700000, 0x000000008c700000| Untracked 
| 200|0x000000008c800000, 0x000000008c800000, 0x000000008c900000|  0%| F|  |TAMS 0x000000008c800000, 0x000000008c800000| Untracked 
| 201|0x000000008c900000, 0x000000008c900000, 0x000000008ca00000|  0%| F|  |TAMS 0x000000008c900000, 0x000000008c900000| Untracked 
| 202|0x000000008ca00000, 0x000000008ca00000, 0x000000008cb00000|  0%| F|  |TAMS 0x000000008ca00000, 0x000000008ca00000| Untracked 
| 203|0x000000008cb00000, 0x000000008cb00000, 0x000000008cc00000|  0%| F|  |TAMS 0x000000008cb00000, 0x000000008cb00000| Untracked 
| 204|0x000000008cc00000, 0x000000008cc00000, 0x000000008cd00000|  0%| F|  |TAMS 0x000000008cc00000, 0x000000008cc00000| Untracked 
| 205|0x000000008cd00000, 0x000000008cd00000, 0x000000008ce00000|  0%| F|  |TAMS 0x000000008cd00000, 0x000000008cd00000| Untracked 
| 206|0x000000008ce00000, 0x000000008ce00000, 0x000000008cf00000|  0%| F|  |TAMS 0x000000008ce00000, 0x000000008ce00000| Untracked 
| 207|0x000000008cf00000, 0x000000008cf00000, 0x000000008d000000|  0%| F|  |TAMS 0x000000008cf00000, 0x000000008cf00000| Untracked 
| 208|0x000000008d000000, 0x000000008d000000, 0x000000008d100000|  0%| F|  |TAMS 0x000000008d000000, 0x000000008d000000| Untracked 
| 209|0x000000008d100000, 0x000000008d100000, 0x000000008d200000|  0%| F|  |TAMS 0x000000008d100000, 0x000000008d100000| Untracked 
| 210|0x000000008d200000, 0x000000008d200000, 0x000000008d300000|  0%| F|  |TAMS 0x000000008d200000, 0x000000008d200000| Untracked 
| 211|0x000000008d300000, 0x000000008d300000, 0x000000008d400000|  0%| F|  |TAMS 0x000000008d300000, 0x000000008d300000| Untracked 
| 212|0x000000008d400000, 0x000000008d400000, 0x000000008d500000|  0%| F|  |TAMS 0x000000008d400000, 0x000000008d400000| Untracked 
| 213|0x000000008d500000, 0x000000008d500000, 0x000000008d600000|  0%| F|  |TAMS 0x000000008d500000, 0x000000008d500000| Untracked 
| 214|0x000000008d600000, 0x000000008d600000, 0x000000008d700000|  0%| F|  |TAMS 0x000000008d600000, 0x000000008d600000| Untracked 
| 215|0x000000008d700000, 0x000000008d700000, 0x000000008d800000|  0%| F|  |TAMS 0x000000008d700000, 0x000000008d700000| Untracked 
| 216|0x000000008d800000, 0x000000008d800000, 0x000000008d900000|  0%| F|  |TAMS 0x000000008d800000, 0x000000008d800000| Untracked 
| 217|0x000000008d900000, 0x000000008d900000, 0x000000008da00000|  0%| F|  |TAMS 0x000000008d900000, 0x000000008d900000| Untracked 
| 218|0x000000008da00000, 0x000000008da00000, 0x000000008db00000|  0%| F|  |TAMS 0x000000008da00000, 0x000000008da00000| Untracked 
| 219|0x000000008db00000, 0x000000008db00000, 0x000000008dc00000|  0%| F|  |TAMS 0x000000008db00000, 0x000000008db00000| Untracked 
| 220|0x000000008dc00000, 0x000000008dc00000, 0x000000008dd00000|  0%| F|  |TAMS 0x000000008dc00000, 0x000000008dc00000| Untracked 
| 221|0x000000008dd00000, 0x000000008dd00000, 0x000000008de00000|  0%| F|  |TAMS 0x000000008dd00000, 0x000000008dd00000| Untracked 
| 222|0x000000008de00000, 0x000000008de00000, 0x000000008df00000|  0%| F|  |TAMS 0x000000008de00000, 0x000000008de00000| Untracked 
| 223|0x000000008df00000, 0x000000008df00000, 0x000000008e000000|  0%| F|  |TAMS 0x000000008df00000, 0x000000008df00000| Untracked 
| 224|0x000000008e000000, 0x000000008e000000, 0x000000008e100000|  0%| F|  |TAMS 0x000000008e000000, 0x000000008e000000| Untracked 
| 225|0x000000008e100000, 0x000000008e100000, 0x000000008e200000|  0%| F|  |TAMS 0x000000008e100000, 0x000000008e100000| Untracked 
| 226|0x000000008e200000, 0x000000008e200000, 0x000000008e300000|  0%| F|  |TAMS 0x000000008e200000, 0x000000008e200000| Untracked 
| 227|0x000000008e300000, 0x000000008e300000, 0x000000008e400000|  0%| F|  |TAMS 0x000000008e300000, 0x000000008e300000| Untracked 
| 228|0x000000008e400000, 0x000000008e400000, 0x000000008e500000|  0%| F|  |TAMS 0x000000008e400000, 0x000000008e400000| Untracked 
| 229|0x000000008e500000, 0x000000008e500000, 0x000000008e600000|  0%| F|  |TAMS 0x000000008e500000, 0x000000008e500000| Untracked 
| 230|0x000000008e600000, 0x000000008e600000, 0x000000008e700000|  0%| F|  |TAMS 0x000000008e600000, 0x000000008e600000| Untracked 
| 231|0x000000008e700000, 0x000000008e700000, 0x000000008e800000|  0%| F|  |TAMS 0x000000008e700000, 0x000000008e700000| Untracked 
| 232|0x000000008e800000, 0x000000008e800000, 0x000000008e900000|  0%| F|  |TAMS 0x000000008e800000, 0x000000008e800000| Untracked 
| 233|0x000000008e900000, 0x000000008e900000, 0x000000008ea00000|  0%| F|  |TAMS 0x000000008e900000, 0x000000008e900000| Untracked 
| 234|0x000000008ea00000, 0x000000008ea00000, 0x000000008eb00000|  0%| F|  |TAMS 0x000000008ea00000, 0x000000008ea00000| Untracked 
| 235|0x000000008eb00000, 0x000000008eb00000, 0x000000008ec00000|  0%| F|  |TAMS 0x000000008eb00000, 0x000000008eb00000| Untracked 
| 236|0x000000008ec00000, 0x000000008ec00000, 0x000000008ed00000|  0%| F|  |TAMS 0x000000008ec00000, 0x000000008ec00000| Untracked 
| 237|0x000000008ed00000, 0x000000008ed00000, 0x000000008ee00000|  0%| F|  |TAMS 0x000000008ed00000, 0x000000008ed00000| Untracked 
| 238|0x000000008ee00000, 0x000000008ee00000, 0x000000008ef00000|  0%| F|  |TAMS 0x000000008ee00000, 0x000000008ee00000| Untracked 
| 239|0x000000008ef00000, 0x000000008ef00000, 0x000000008f000000|  0%| F|  |TAMS 0x000000008ef00000, 0x000000008ef00000| Untracked 
| 240|0x000000008f000000, 0x000000008f000000, 0x000000008f100000|  0%| F|  |TAMS 0x000000008f000000, 0x000000008f000000| Untracked 
| 241|0x000000008f100000, 0x000000008f100000, 0x000000008f200000|  0%| F|  |TAMS 0x000000008f100000, 0x000000008f100000| Untracked 
| 242|0x000000008f200000, 0x000000008f200000, 0x000000008f300000|  0%| F|  |TAMS 0x000000008f200000, 0x000000008f200000| Untracked 
| 243|0x000000008f300000, 0x000000008f300000, 0x000000008f400000|  0%| F|  |TAMS 0x000000008f300000, 0x000000008f300000| Untracked 
| 244|0x000000008f400000, 0x000000008f400000, 0x000000008f500000|  0%| F|  |TAMS 0x000000008f400000, 0x000000008f400000| Untracked 
| 245|0x000000008f500000, 0x000000008f500000, 0x000000008f600000|  0%| F|  |TAMS 0x000000008f500000, 0x000000008f500000| Untracked 
| 246|0x000000008f600000, 0x000000008f600000, 0x000000008f700000|  0%| F|  |TAMS 0x000000008f600000, 0x000000008f600000| Untracked 
| 247|0x000000008f700000, 0x000000008f700000, 0x000000008f800000|  0%| F|  |TAMS 0x000000008f700000, 0x000000008f700000| Untracked 
| 248|0x000000008f800000, 0x000000008f800000, 0x000000008f900000|  0%| F|  |TAMS 0x000000008f800000, 0x000000008f800000| Untracked 
| 249|0x000000008f900000, 0x000000008f900000, 0x000000008fa00000|  0%| F|  |TAMS 0x000000008f900000, 0x000000008f900000| Untracked 
| 250|0x000000008fa00000, 0x000000008fa00000, 0x000000008fb00000|  0%| F|  |TAMS 0x000000008fa00000, 0x000000008fa00000| Untracked 
| 251|0x000000008fb00000, 0x000000008fb00000, 0x000000008fc00000|  0%| F|  |TAMS 0x000000008fb00000, 0x000000008fb00000| Untracked 
| 252|0x000000008fc00000, 0x000000008fc00000, 0x000000008fd00000|  0%| F|  |TAMS 0x000000008fc00000, 0x000000008fc00000| Untracked 
| 253|0x000000008fd00000, 0x000000008fd81c78, 0x000000008fe00000| 50%| E|  |TAMS 0x000000008fd00000, 0x000000008fd00000| Complete 
| 254|0x000000008fe00000, 0x000000008ff00000, 0x000000008ff00000|100%| E|CS|TAMS 0x000000008fe00000, 0x000000008fe00000| Complete 
| 255|0x000000008ff00000, 0x0000000090000000, 0x0000000090000000|100%| E|CS|TAMS 0x000000008ff00000, 0x000000008ff00000| Complete 
| 256|0x0000000090000000, 0x0000000090100000, 0x0000000090100000|100%| E|CS|TAMS 0x0000000090000000, 0x0000000090000000| Complete 
| 257|0x0000000090100000, 0x0000000090200000, 0x0000000090200000|100%| E|CS|TAMS 0x0000000090100000, 0x0000000090100000| Complete 
| 258|0x0000000090200000, 0x0000000090300000, 0x0000000090300000|100%| E|CS|TAMS 0x0000000090200000, 0x0000000090200000| Complete 
| 259|0x0000000090300000, 0x0000000090400000, 0x0000000090400000|100%| E|CS|TAMS 0x0000000090300000, 0x0000000090300000| Complete 
| 260|0x0000000090400000, 0x0000000090500000, 0x0000000090500000|100%| E|CS|TAMS 0x0000000090400000, 0x0000000090400000| Complete 
| 261|0x0000000090500000, 0x0000000090600000, 0x0000000090600000|100%| E|CS|TAMS 0x0000000090500000, 0x0000000090500000| Complete 
| 262|0x0000000090600000, 0x0000000090700000, 0x0000000090700000|100%| E|CS|TAMS 0x0000000090600000, 0x0000000090600000| Complete 
| 263|0x0000000090700000, 0x0000000090800000, 0x0000000090800000|100%| E|CS|TAMS 0x0000000090700000, 0x0000000090700000| Complete 
| 264|0x0000000090800000, 0x0000000090900000, 0x0000000090900000|100%| E|CS|TAMS 0x0000000090800000, 0x0000000090800000| Complete 
| 265|0x0000000090900000, 0x0000000090a00000, 0x0000000090a00000|100%| E|CS|TAMS 0x0000000090900000, 0x0000000090900000| Complete 
| 266|0x0000000090a00000, 0x0000000090b00000, 0x0000000090b00000|100%| E|CS|TAMS 0x0000000090a00000, 0x0000000090a00000| Complete 
| 267|0x0000000090b00000, 0x0000000090c00000, 0x0000000090c00000|100%| E|CS|TAMS 0x0000000090b00000, 0x0000000090b00000| Complete 
| 268|0x0000000090c00000, 0x0000000090d00000, 0x0000000090d00000|100%| E|  |TAMS 0x0000000090c00000, 0x0000000090c00000| Complete 
| 269|0x0000000090d00000, 0x0000000090e00000, 0x0000000090e00000|100%| E|CS|TAMS 0x0000000090d00000, 0x0000000090d00000| Complete 
| 270|0x0000000090e00000, 0x0000000090f00000, 0x0000000090f00000|100%| E|CS|TAMS 0x0000000090e00000, 0x0000000090e00000| Complete 
| 271|0x0000000090f00000, 0x0000000091000000, 0x0000000091000000|100%| E|CS|TAMS 0x0000000090f00000, 0x0000000090f00000| Complete 
| 272|0x0000000091000000, 0x0000000091100000, 0x0000000091100000|100%| E|CS|TAMS 0x0000000091000000, 0x0000000091000000| Complete 
| 273|0x0000000091100000, 0x0000000091200000, 0x0000000091200000|100%| E|CS|TAMS 0x0000000091100000, 0x0000000091100000| Complete 
| 274|0x0000000091200000, 0x0000000091300000, 0x0000000091300000|100%| E|CS|TAMS 0x0000000091200000, 0x0000000091200000| Complete 
| 275|0x0000000091300000, 0x0000000091400000, 0x0000000091400000|100%| E|CS|TAMS 0x0000000091300000, 0x0000000091300000| Complete 
| 276|0x0000000091400000, 0x0000000091500000, 0x0000000091500000|100%| E|CS|TAMS 0x0000000091400000, 0x0000000091400000| Complete 
| 277|0x0000000091500000, 0x0000000091600000, 0x0000000091600000|100%| E|CS|TAMS 0x0000000091500000, 0x0000000091500000| Complete 

Card table byte_map: [0x0000027cfd9f0000,0x0000027cfddf0000] _byte_map_base: 0x0000027cfd5f0000

Marking Bits (Prev, Next): (CMBitMap*) 0x0000027cf5a78760, (CMBitMap*) 0x0000027cf5a787a0
 Prev Bits: [0x0000027c8f000000, 0x0000027c91000000)
 Next Bits: [0x0000027c91000000, 0x0000027c93000000)

Polling page: 0x0000027cf51e0000

Metaspace:

Usage:
  Non-class:     78.76 MB used.
      Class:     12.85 MB used.
       Both:     91.61 MB used.

Virtual space:
  Non-class space:      128.00 MB reserved,      79.19 MB ( 62%) committed,  2 nodes.
      Class space:      416.00 MB reserved,      13.31 MB (  3%) committed,  1 nodes.
             Both:      544.00 MB reserved,      92.50 MB ( 17%) committed. 

Chunk freelists:
   Non-Class:  16.00 KB
       Class:  2.73 MB
        Both:  2.75 MB

MaxMetaspaceSize: 512.00 MB
CompressedClassSpaceSize: 416.00 MB
Initial GC threshold: 21.00 MB
Current GC threshold: 118.12 MB
CDS: on
MetaspaceReclaimPolicy: balanced
 - commit_granule_bytes: 65536.
 - commit_granule_words: 8192.
 - virtual_space_node_default_size: 8388608.
 - enlarge_chunks_in_place: 1.
 - new_chunks_are_fully_committed: 0.
 - uncommit_free_chunks: 1.
 - use_allocation_guard: 0.
 - handle_deallocations: 1.


Internal statistics:

num_allocs_failed_limit: 6.
num_arena_births: 1092.
num_arena_deaths: 0.
num_vsnodes_births: 3.
num_vsnodes_deaths: 0.
num_space_committed: 1480.
num_space_uncommitted: 0.
num_chunks_returned_to_freelist: 6.
num_chunks_taken_from_freelist: 5053.
num_chunk_merges: 6.
num_chunk_splits: 3353.
num_chunks_enlarged: 2238.
num_inconsistent_stats: 0.

CodeHeap 'non-profiled nmethods': size=120000Kb used=6024Kb max_used=6024Kb free=113975Kb
 bounds [0x0000027c87ad0000, 0x0000027c880c0000, 0x0000027c8f000000]
CodeHeap 'profiled nmethods': size=120000Kb used=20405Kb max_used=20405Kb free=99594Kb
 bounds [0x0000027c80000000, 0x0000027c813f0000, 0x0000027c87530000]
CodeHeap 'non-nmethods': size=5760Kb used=2413Kb max_used=2454Kb free=3346Kb
 bounds [0x0000027c87530000, 0x0000027c877b0000, 0x0000027c87ad0000]
 total_blobs=11354 nmethods=10418 adapters=848
 compilation: enabled
              stopped_count=0, restarted_count=0
 full_count=0

Compilation events (20 events):
Event: 71.596 Thread 0x0000027cfec10390 nmethod 12063 0x0000027c813e7a90 code [0x0000027c813e7c40, 0x0000027c813e7e78]
Event: 71.596 Thread 0x0000027cfec10390 12064       3       org.codehaus.groovy.reflection.ParameterTypes::coerceArgumentsToClasses (55 bytes)
Event: 71.596 Thread 0x0000027cfec10390 nmethod 12064 0x0000027c813e7f90 code [0x0000027c813e8160, 0x0000027c813e86d8]
Event: 71.596 Thread 0x0000027cfec10390 12066       3       org.gradle.internal.metaobject.CompositeDynamicObject::setObjects (11 bytes)
Event: 71.596 Thread 0x0000027cfec10390 nmethod 12066 0x0000027c813e8910 code [0x0000027c813e8aa0, 0x0000027c813e8c58]
Event: 71.596 Thread 0x0000027cfec10390 12065       3       org.gradle.internal.metaobject.CompositeDynamicObject::<init> (19 bytes)
Event: 71.597 Thread 0x0000027cfec10390 nmethod 12065 0x0000027c813e8d10 code [0x0000027c813e8ec0, 0x0000027c813e9178]
Event: 71.607 Thread 0x0000027cfec10390 12067   !   3       java.beans.WeakIdentityMap::removeStaleEntries (151 bytes)
Event: 71.608 Thread 0x0000027cfec10390 nmethod 12067 0x0000027c813e9290 code [0x0000027c813e94e0, 0x0000027c813ea298]
Event: 71.653 Thread 0x0000027cfec0b4a0 12068       4       java.util.LinkedHashSet::<init> (10 bytes)
Event: 71.656 Thread 0x0000027cfec0b4a0 nmethod 12068 0x0000027c880b2110 code [0x0000027c880b22a0, 0x0000027c880b2478]
Event: 71.658 Thread 0x0000027cfec10390 12069   !   3       org.codehaus.groovy.reflection.CachedMethod::invoke (84 bytes)
Event: 71.660 Thread 0x0000027cfec10390 nmethod 12069 0x0000027c813ea990 code [0x0000027c813ead00, 0x0000027c813ec4c8]
Event: 71.660 Thread 0x0000027cfec10390 12070       3       org.gradle.api.internal.project.DefaultProjectStateRegistry$ProjectStateImpl::getDepth (16 bytes)
Event: 71.661 Thread 0x0000027cfec10390 nmethod 12070 0x0000027c813ecd90 code [0x0000027c813ecf40, 0x0000027c813ed228]
Event: 71.661 Thread 0x0000027cfec10390 12071       3       org.gradle.api.internal.project.ProjectOrderingUtil::owner (27 bytes)
Event: 71.661 Thread 0x0000027cfec10390 nmethod 12071 0x0000027c813ed310 code [0x0000027c813ed4e0, 0x0000027c813ed9e8]
Event: 71.675 Thread 0x0000027cfec0b4a0 12072 %     4       groovy.lang.MetaClassImpl::inheritInterfaceNewMetaMethods @ 100 (195 bytes)
Event: 71.706 Thread 0x0000027cfec10390 12073       3       it.unimi.dsi.fastutil.HashCommon::mix (12 bytes)
Event: 71.706 Thread 0x0000027cfec10390 nmethod 12073 0x0000027c808edd10 code [0x0000027c808edea0, 0x0000027c808edf98]

GC Heap History (20 events):
Event: 33.505 GC heap before
{Heap before GC invocations=36 (full 0):
 garbage-first heap   total 119808K, used 69810K [0x0000000080000000, 0x0000000100000000)
  region size 1024K, 5 young (5120K), 4 survivors (4096K)
 Metaspace       used 66741K, committed 67456K, reserved 491520K
  class space    used 9523K, committed 9856K, reserved 425984K
}
Event: 33.512 GC heap after
{Heap after GC invocations=37 (full 0):
 garbage-first heap   total 119808K, used 68779K [0x0000000080000000, 0x0000000100000000)
  region size 1024K, 1 young (1024K), 1 survivors (1024K)
 Metaspace       used 66741K, committed 67456K, reserved 491520K
  class space    used 9523K, committed 9856K, reserved 425984K
}
Event: 35.850 GC heap before
{Heap before GC invocations=37 (full 0):
 garbage-first heap   total 119808K, used 95403K [0x0000000080000000, 0x0000000100000000)
  region size 1024K, 29 young (29696K), 1 survivors (1024K)
 Metaspace       used 68131K, committed 68864K, reserved 491520K
  class space    used 9704K, committed 10048K, reserved 425984K
}
Event: 35.854 GC heap after
{Heap after GC invocations=38 (full 0):
 garbage-first heap   total 119808K, used 70110K [0x0000000080000000, 0x0000000100000000)
  region size 1024K, 2 young (2048K), 2 survivors (2048K)
 Metaspace       used 68131K, committed 68864K, reserved 491520K
  class space    used 9704K, committed 10048K, reserved 425984K
}
Event: 37.635 GC heap before
{Heap before GC invocations=39 (full 0):
 garbage-first heap   total 122880K, used 103902K [0x0000000080000000, 0x0000000100000000)
  region size 1024K, 30 young (30720K), 2 survivors (2048K)
 Metaspace       used 69579K, committed 70336K, reserved 491520K
  class space    used 9887K, committed 10240K, reserved 425984K
}
Event: 37.642 GC heap after
{Heap after GC invocations=40 (full 0):
 garbage-first heap   total 122880K, used 81941K [0x0000000080000000, 0x0000000100000000)
  region size 1024K, 4 young (4096K), 4 survivors (4096K)
 Metaspace       used 69579K, committed 70336K, reserved 491520K
  class space    used 9887K, committed 10240K, reserved 425984K
}
Event: 37.712 GC heap before
{Heap before GC invocations=40 (full 0):
 garbage-first heap   total 122880K, used 83989K [0x0000000080000000, 0x0000000100000000)
  region size 1024K, 6 young (6144K), 4 survivors (4096K)
 Metaspace       used 69753K, committed 70464K, reserved 491520K
  class space    used 9910K, committed 10240K, reserved 425984K
}
Event: 37.715 GC heap after
{Heap after GC invocations=41 (full 0):
 garbage-first heap   total 122880K, used 81538K [0x0000000080000000, 0x0000000100000000)
  region size 1024K, 1 young (1024K), 1 survivors (1024K)
 Metaspace       used 69753K, committed 70464K, reserved 491520K
  class space    used 9910K, committed 10240K, reserved 425984K
}
Event: 38.682 GC heap before
{Heap before GC invocations=41 (full 0):
 garbage-first heap   total 122880K, used 102018K [0x0000000080000000, 0x0000000100000000)
  region size 1024K, 22 young (22528K), 1 survivors (1024K)
 Metaspace       used 71767K, committed 72448K, reserved 491520K
  class space    used 10107K, committed 10432K, reserved 425984K
}
Event: 38.685 GC heap after
{Heap after GC invocations=42 (full 0):
 garbage-first heap   total 122880K, used 81744K [0x0000000080000000, 0x0000000100000000)
  region size 1024K, 1 young (1024K), 1 survivors (1024K)
 Metaspace       used 71767K, committed 72448K, reserved 491520K
  class space    used 10107K, committed 10432K, reserved 425984K
}
Event: 39.570 GC heap before
{Heap before GC invocations=43 (full 0):
 garbage-first heap   total 142336K, used 102224K [0x0000000080000000, 0x0000000100000000)
  region size 1024K, 22 young (22528K), 1 survivors (1024K)
 Metaspace       used 73441K, committed 74176K, reserved 491520K
  class space    used 10290K, committed 10624K, reserved 425984K
}
Event: 39.581 GC heap after
{Heap after GC invocations=44 (full 0):
 garbage-first heap   total 142336K, used 82623K [0x0000000080000000, 0x0000000100000000)
  region size 1024K, 2 young (2048K), 2 survivors (2048K)
 Metaspace       used 73441K, committed 74176K, reserved 491520K
  class space    used 10290K, committed 10624K, reserved 425984K
}
Event: 39.825 GC heap before
{Heap before GC invocations=44 (full 0):
 garbage-first heap   total 142336K, used 85695K [0x0000000080000000, 0x0000000100000000)
  region size 1024K, 6 young (6144K), 2 survivors (2048K)
 Metaspace       used 73779K, committed 74496K, reserved 491520K
  class space    used 10333K, committed 10688K, reserved 425984K
}
Event: 39.831 GC heap after
{Heap after GC invocations=45 (full 0):
 garbage-first heap   total 284672K, used 82430K [0x0000000080000000, 0x0000000100000000)
  region size 1024K, 1 young (1024K), 1 survivors (1024K)
 Metaspace       used 73779K, committed 74496K, reserved 491520K
  class space    used 10333K, committed 10688K, reserved 425984K
}
Event: 46.562 GC heap before
{Heap before GC invocations=45 (full 0):
 garbage-first heap   total 284672K, used 199166K [0x0000000080000000, 0x0000000100000000)
  region size 1024K, 109 young (111616K), 1 survivors (1024K)
 Metaspace       used 81680K, committed 82432K, reserved 557056K
  class space    used 11367K, committed 11712K, reserved 425984K
}
Event: 46.576 GC heap after
{Heap after GC invocations=46 (full 0):
 garbage-first heap   total 284672K, used 89838K [0x0000000080000000, 0x0000000100000000)
  region size 1024K, 8 young (8192K), 8 survivors (8192K)
 Metaspace       used 81680K, committed 82432K, reserved 557056K
  class space    used 11367K, committed 11712K, reserved 425984K
}
Event: 61.218 GC heap before
{Heap before GC invocations=46 (full 0):
 garbage-first heap   total 284672K, used 205550K [0x0000000080000000, 0x0000000100000000)
  region size 1024K, 120 young (122880K), 8 survivors (8192K)
 Metaspace       used 86886K, committed 87616K, reserved 557056K
  class space    used 12063K, committed 12416K, reserved 425984K
}
Event: 61.249 GC heap after
{Heap after GC invocations=47 (full 0):
 garbage-first heap   total 284672K, used 97535K [0x0000000080000000, 0x0000000100000000)
  region size 1024K, 15 young (15360K), 15 survivors (15360K)
 Metaspace       used 86886K, committed 87616K, reserved 557056K
  class space    used 12063K, committed 12416K, reserved 425984K
}
Event: 69.644 GC heap before
{Heap before GC invocations=47 (full 0):
 garbage-first heap   total 284672K, used 213247K [0x0000000080000000, 0x0000000100000000)
  region size 1024K, 128 young (131072K), 15 survivors (15360K)
 Metaspace       used 93155K, committed 93952K, reserved 557056K
  class space    used 13062K, committed 13440K, reserved 425984K
}
Event: 69.841 GC heap after
{Heap after GC invocations=48 (full 0):
 garbage-first heap   total 284672K, used 102816K [0x0000000080000000, 0x0000000100000000)
  region size 1024K, 13 young (13312K), 13 survivors (13312K)
 Metaspace       used 93155K, committed 93952K, reserved 557056K
  class space    used 13062K, committed 13440K, reserved 425984K
}

Deoptimization events (20 events):
Event: 71.489 Thread 0x0000027cb4f2c7c0 Uncommon trap: trap_request=0xffffff45 fr.pc=0x0000027c880a3240 relative=0x0000000000000a20
Event: 71.490 Thread 0x0000027cb4f2c7c0 Uncommon trap: reason=unstable_if action=reinterpret pc=0x0000027c880a3240 method=groovy.lang.MetaClassImpl.checkIfStdMethod(Lgroovy/lang/MetaMethod;)V @ 167 c2
Event: 71.490 Thread 0x0000027cb4f2c7c0 DEOPT PACKING pc=0x0000027c880a3240 sp=0x000000a0c17f5e70
Event: 71.490 Thread 0x0000027cb4f2c7c0 DEOPT UNPACKING pc=0x0000027c87585ba3 sp=0x000000a0c17f5e48 mode 2
Event: 71.529 Thread 0x0000027cb4f2c7c0 Uncommon trap: trap_request=0xffffffde fr.pc=0x0000027c880839dc relative=0x000000000000005c
Event: 71.529 Thread 0x0000027cb4f2c7c0 Uncommon trap: reason=class_check action=maybe_recompile pc=0x0000027c880839dc method=groovy.lang.MetaMethod.isStatic()Z @ 1 c2
Event: 71.529 Thread 0x0000027cb4f2c7c0 DEOPT PACKING pc=0x0000027c880839dc sp=0x000000a0c17f5ec0
Event: 71.529 Thread 0x0000027cb4f2c7c0 DEOPT UNPACKING pc=0x0000027c87585ba3 sp=0x000000a0c17f5e48 mode 2
Event: 71.533 Thread 0x0000027cb4f2c7c0 Uncommon trap: trap_request=0xffffffde fr.pc=0x0000027c880839dc relative=0x000000000000005c
Event: 71.533 Thread 0x0000027cb4f2c7c0 Uncommon trap: reason=class_check action=maybe_recompile pc=0x0000027c880839dc method=groovy.lang.MetaMethod.isStatic()Z @ 1 c2
Event: 71.533 Thread 0x0000027cb4f2c7c0 DEOPT PACKING pc=0x0000027c880839dc sp=0x000000a0c17f5ec0
Event: 71.533 Thread 0x0000027cb4f2c7c0 DEOPT UNPACKING pc=0x0000027c87585ba3 sp=0x000000a0c17f5e48 mode 2
Event: 71.596 Thread 0x0000027cb4f2c7c0 Uncommon trap: trap_request=0xffffff45 fr.pc=0x0000027c87c68c3c relative=0x000000000000323c
Event: 71.596 Thread 0x0000027cb4f2c7c0 Uncommon trap: reason=unstable_if action=reinterpret pc=0x0000027c87c68c3c method=java.lang.PublicMethods$MethodList.getMostSpecific()Ljava/lang/reflect/Method; @ 35 c2
Event: 71.596 Thread 0x0000027cb4f2c7c0 DEOPT PACKING pc=0x0000027c87c68c3c sp=0x000000a0c17f4880
Event: 71.596 Thread 0x0000027cb4f2c7c0 DEOPT UNPACKING pc=0x0000027c87585ba3 sp=0x000000a0c17f4780 mode 2
Event: 71.597 Thread 0x0000027cb4f2c7c0 Uncommon trap: trap_request=0xffffff45 fr.pc=0x0000027c87d73ff4 relative=0x00000000000001d4
Event: 71.597 Thread 0x0000027cb4f2c7c0 Uncommon trap: reason=unstable_if action=reinterpret pc=0x0000027c87d73ff4 method=java.lang.PublicMethods$MethodList.getMostSpecific()Ljava/lang/reflect/Method; @ 35 c2
Event: 71.597 Thread 0x0000027cb4f2c7c0 DEOPT PACKING pc=0x0000027c87d73ff4 sp=0x000000a0c17f4840
Event: 71.597 Thread 0x0000027cb4f2c7c0 DEOPT UNPACKING pc=0x0000027c87585ba3 sp=0x000000a0c17f4778 mode 2

Classes unloaded (0 events):
No events

Classes redefined (0 events):
No events

Internal exceptions (20 events):
Event: 71.566 Thread 0x0000027cb4f2c7c0 Exception <a 'java/lang/ClassNotFoundException'{0x00000000902b1e78}: org/gradle/api/JavaVersionBeanInfo> (0x00000000902b1e78) 
thrown [s\open\src\hotspot\share\classfile\systemDictionary.cpp, line 256]
Event: 71.567 Thread 0x0000027cb4f2c7c0 Exception <a 'java/lang/ClassNotFoundException'{0x00000000902bc3c0}: java/lang/EnumBeanInfo> (0x00000000902bc3c0) 
thrown [s\open\src\hotspot\share\classfile\systemDictionary.cpp, line 256]
Event: 71.568 Thread 0x0000027cb4f2c7c0 Exception <a 'java/lang/ClassNotFoundException'{0x00000000902c6998}: java/lang/EnumCustomizer> (0x00000000902c6998) 
thrown [s\open\src\hotspot\share\classfile\systemDictionary.cpp, line 256]
Event: 71.572 Thread 0x0000027cb4f2c7c0 Exception <a 'java/lang/ClassNotFoundException'{0x00000000902e6510}: org/gradle/api/JavaVersionCustomizer> (0x00000000902e6510) 
thrown [s\open\src\hotspot\share\classfile\systemDictionary.cpp, line 256]
Event: 71.581 Thread 0x0000027cb4f2c7c0 Exception <a 'java/lang/ClassNotFoundException'{0x000000009012d4d0}: com/android/build/gradle/internal/CompileOptions$AgpDecorated_DecoratedBeanInfo> (0x000000009012d4d0) 
thrown [s\open\src\hotspot\share\classfile\systemDictionary.cpp, line 256]
Event: 71.583 Thread 0x0000027cb4f2c7c0 Exception <a 'java/lang/ClassNotFoundException'{0x000000009013bf50}: com/android/build/gradle/internal/CompileOptions$AgpDecoratedBeanInfo> (0x000000009013bf50) 
thrown [s\open\src\hotspot\share\classfile\systemDictionary.cpp, line 256]
Event: 71.584 Thread 0x0000027cb4f2c7c0 Exception <a 'java/lang/ClassNotFoundException'{0x000000009014a810}: com/android/build/gradle/internal/CompileOptionsBeanInfo> (0x000000009014a810) 
thrown [s\open\src\hotspot\share\classfile\systemDictionary.cpp, line 256]
Event: 71.585 Thread 0x0000027cb4f2c7c0 Exception <a 'java/lang/ClassNotFoundException'{0x00000000901590e8}: com/android/build/gradle/internal/CompileOptionsCustomizer> (0x00000000901590e8) 
thrown [s\open\src\hotspot\share\classfile\systemDictionary.cpp, line 256]
Event: 71.588 Thread 0x0000027cb4f2c7c0 Exception <a 'java/lang/ClassNotFoundException'{0x0000000090172ee0}: com/android/build/gradle/internal/CompileOptions$AgpDecoratedCustomizer> (0x0000000090172ee0) 
thrown [s\open\src\hotspot\share\classfile\systemDictionary.cpp, line 256]
Event: 71.589 Thread 0x0000027cb4f2c7c0 Exception <a 'java/lang/ClassNotFoundException'{0x0000000090185450}: com/android/build/gradle/internal/CompileOptions$AgpDecorated_DecoratedCustomizer> (0x0000000090185450) 
thrown [s\open\src\hotspot\share\classfile\systemDictionary.cpp, line 256]
Event: 71.607 Thread 0x0000027cb4f2c7c0 Exception <a 'java/lang/ClassNotFoundException'{0x000000009000aca8}: com/android/build/gradle/internal/dsl/PackagingOptions$AgpDecorated_DecoratedBeanInfo> (0x000000009000aca8) 
thrown [s\open\src\hotspot\share\classfile\systemDictionary.cpp, line 256]
Event: 71.609 Thread 0x0000027cb4f2c7c0 Exception <a 'java/lang/ClassNotFoundException'{0x0000000090019870}: com/android/build/gradle/internal/dsl/PackagingOptions$AgpDecoratedBeanInfo> (0x0000000090019870) 
thrown [s\open\src\hotspot\share\classfile\systemDictionary.cpp, line 256]
Event: 71.610 Thread 0x0000027cb4f2c7c0 Exception <a 'java/lang/ClassNotFoundException'{0x00000000900281d0}: com/android/build/gradle/internal/dsl/PackagingOptionsBeanInfo> (0x00000000900281d0) 
thrown [s\open\src\hotspot\share\classfile\systemDictionary.cpp, line 256]
Event: 71.611 Thread 0x0000027cb4f2c7c0 Exception <a 'java/lang/ClassNotFoundException'{0x0000000090036ba0}: com/android/build/gradle/internal/dsl/PackagingOptionsCustomizer> (0x0000000090036ba0) 
thrown [s\open\src\hotspot\share\classfile\systemDictionary.cpp, line 256]
Event: 71.613 Thread 0x0000027cb4f2c7c0 Exception <a 'java/lang/ClassNotFoundException'{0x000000009004eb68}: com/android/build/gradle/internal/dsl/PackagingOptions$AgpDecoratedCustomizer> (0x000000009004eb68) 
thrown [s\open\src\hotspot\share\classfile\systemDictionary.cpp, line 256]
Event: 71.615 Thread 0x0000027cb4f2c7c0 Exception <a 'java/lang/ClassNotFoundException'{0x00000000900734d8}: com/android/build/gradle/internal/dsl/PackagingOptions$AgpDecorated_DecoratedCustomizer> (0x00000000900734d8) 
thrown [s\open\src\hotspot\share\classfile\systemDictionary.cpp, line 256]
Event: 71.678 Thread 0x0000027cb4f2c7c0 Exception <a 'java/lang/ClassNotFoundException'{0x000000008ffd7090}: java/util/TreeSetBeanInfo> (0x000000008ffd7090) 
thrown [s\open\src\hotspot\share\classfile\systemDictionary.cpp, line 256]
Event: 71.679 Thread 0x0000027cb4f2c7c0 Exception <a 'java/lang/ClassNotFoundException'{0x000000008ffe3410}: java/util/AbstractSetBeanInfo> (0x000000008ffe3410) 
thrown [s\open\src\hotspot\share\classfile\systemDictionary.cpp, line 256]
Event: 71.681 Thread 0x0000027cb4f2c7c0 Exception <a 'java/lang/ClassNotFoundException'{0x000000008ffefa88}: java/util/AbstractSetCustomizer> (0x000000008ffefa88) 
thrown [s\open\src\hotspot\share\classfile\systemDictionary.cpp, line 256]
Event: 71.685 Thread 0x0000027cb4f2c7c0 Exception <a 'java/lang/ClassNotFoundException'{0x000000008fe00540}: java/util/TreeSetCustomizer> (0x000000008fe00540) 
thrown [s\open\src\hotspot\share\classfile\systemDictionary.cpp, line 256]

VM Operations (20 events):
Event: 65.319 Executing VM operation: Cleanup
Event: 65.320 Executing VM operation: Cleanup done
Event: 66.330 Executing VM operation: Cleanup
Event: 66.331 Executing VM operation: Cleanup done
Event: 67.335 Executing VM operation: Cleanup
Event: 67.335 Executing VM operation: Cleanup done
Event: 68.344 Executing VM operation: Cleanup
Event: 68.362 Executing VM operation: Cleanup done
Event: 69.374 Executing VM operation: Cleanup
Event: 69.375 Executing VM operation: Cleanup done
Event: 69.643 Executing VM operation: G1CollectForAllocation
Event: 69.842 Executing VM operation: G1CollectForAllocation done
Event: 70.842 Executing VM operation: Cleanup
Event: 70.842 Executing VM operation: Cleanup done
Event: 71.260 Executing VM operation: HandshakeAllThreads
Event: 71.261 Executing VM operation: HandshakeAllThreads done
Event: 71.266 Executing VM operation: HandshakeAllThreads
Event: 71.266 Executing VM operation: HandshakeAllThreads done
Event: 71.266 Executing VM operation: HandshakeAllThreads
Event: 71.266 Executing VM operation: HandshakeAllThreads done

Events (20 events):
Event: 71.567 loading class java/lang/EnumCustomizer
Event: 71.568 loading class java/lang/EnumCustomizer done
Event: 71.568 loading class java/lang/EnumCustomizer
Event: 71.568 loading class java/lang/EnumCustomizer done
Event: 71.677 loading class java/util/TreeSetBeanInfo
Event: 71.677 loading class java/util/TreeSetBeanInfo done
Event: 71.678 loading class java/util/TreeSetBeanInfo
Event: 71.678 loading class java/util/TreeSetBeanInfo done
Event: 71.678 loading class java/util/AbstractSetBeanInfo
Event: 71.678 loading class java/util/AbstractSetBeanInfo done
Event: 71.679 loading class java/util/AbstractSetBeanInfo
Event: 71.679 loading class java/util/AbstractSetBeanInfo done
Event: 71.679 loading class java/util/AbstractSetCustomizer
Event: 71.680 loading class java/util/AbstractSetCustomizer done
Event: 71.681 loading class java/util/AbstractSetCustomizer
Event: 71.681 loading class java/util/AbstractSetCustomizer done
Event: 71.683 loading class java/util/TreeSetCustomizer
Event: 71.683 loading class java/util/TreeSetCustomizer done
Event: 71.685 loading class java/util/TreeSetCustomizer
Event: 71.685 loading class java/util/TreeSetCustomizer done


Dynamic libraries:
0x00007ff681120000 - 0x00007ff681130000 	C:\Program Files\Java\jdk-17\bin\java.exe
0x00007ffca0470000 - 0x00007ffca0687000 	C:\WINDOWS\SYSTEM32\ntdll.dll
0x00007ffc9e7a0000 - 0x00007ffc9e864000 	C:\WINDOWS\System32\KERNEL32.DLL
0x00007ffc9dd20000 - 0x00007ffc9e0cd000 	C:\WINDOWS\System32\KERNELBASE.dll
0x00007ffc9dad0000 - 0x00007ffc9dbe1000 	C:\WINDOWS\System32\ucrtbase.dll
0x00007ffc68830000 - 0x00007ffc68849000 	C:\Program Files\Java\jdk-17\bin\jli.dll
0x00007ffc9eae0000 - 0x00007ffc9eb92000 	C:\WINDOWS\System32\ADVAPI32.dll
0x00007ffc9e260000 - 0x00007ffc9e307000 	C:\WINDOWS\System32\msvcrt.dll
0x00007ffc9e1b0000 - 0x00007ffc9e259000 	C:\WINDOWS\System32\sechost.dll
0x00007ffc9e0d0000 - 0x00007ffc9e0f8000 	C:\WINDOWS\System32\bcrypt.dll
0x00007ffc9e600000 - 0x00007ffc9e714000 	C:\WINDOWS\System32\RPCRT4.dll
0x00007ffc9f170000 - 0x00007ffc9f31e000 	C:\WINDOWS\System32\USER32.dll
0x00007ffc9e180000 - 0x00007ffc9e1a6000 	C:\WINDOWS\System32\win32u.dll
0x00007ffc9e410000 - 0x00007ffc9e439000 	C:\WINDOWS\System32\GDI32.dll
0x00007ffc9d7a0000 - 0x00007ffc9d8b9000 	C:\WINDOWS\System32\gdi32full.dll
0x00007ffc9da30000 - 0x00007ffc9daca000 	C:\WINDOWS\System32\msvcp_win.dll
0x00007ffc67a00000 - 0x00007ffc67a1b000 	C:\Program Files\Java\jdk-17\bin\VCRUNTIME140.dll
0x00007ffc7aed0000 - 0x00007ffc7b163000 	C:\WINDOWS\WinSxS\amd64_microsoft.windows.common-controls_6595b64144ccf1df_6.0.22621.3672_none_2713b9d173822955\COMCTL32.dll
0x00007ffc99d80000 - 0x00007ffc99d8a000 	C:\WINDOWS\SYSTEM32\VERSION.dll
0x00007ffc9f510000 - 0x00007ffc9f541000 	C:\WINDOWS\System32\IMM32.DLL
0x00007ffc76680000 - 0x00007ffc7668c000 	C:\Program Files\Java\jdk-17\bin\vcruntime140_1.dll
0x00007ffc4b0c0000 - 0x00007ffc4b14e000 	C:\Program Files\Java\jdk-17\bin\msvcp140.dll
0x00007ffbf7bf0000 - 0x00007ffbf87cf000 	C:\Program Files\Java\jdk-17\bin\server\jvm.dll
0x00007ffca0420000 - 0x00007ffca0428000 	C:\WINDOWS\System32\PSAPI.DLL
0x00007ffc98aa0000 - 0x00007ffc98ad4000 	C:\WINDOWS\SYSTEM32\WINMM.dll
0x00007ffc6b850000 - 0x00007ffc6b859000 	C:\WINDOWS\SYSTEM32\WSOCK32.dll
0x00007ffc9e720000 - 0x00007ffc9e791000 	C:\WINDOWS\System32\WS2_32.dll
0x00007ffc9c7d0000 - 0x00007ffc9c7e8000 	C:\WINDOWS\SYSTEM32\kernel.appcore.dll
0x00007ffc75580000 - 0x00007ffc7558a000 	C:\Program Files\Java\jdk-17\bin\jimage.dll
0x00007ffc9ad80000 - 0x00007ffc9afb2000 	C:\WINDOWS\SYSTEM32\DBGHELP.DLL
0x00007ffc9eba0000 - 0x00007ffc9ef28000 	C:\WINDOWS\System32\combase.dll
0x00007ffc9e920000 - 0x00007ffc9e9f7000 	C:\WINDOWS\System32\OLEAUT32.dll
0x00007ffc76df0000 - 0x00007ffc76e22000 	C:\WINDOWS\SYSTEM32\dbgcore.DLL
0x00007ffc9e100000 - 0x00007ffc9e17b000 	C:\WINDOWS\System32\bcryptPrimitives.dll
0x00007ffc997a0000 - 0x00007ffc997ae000 	C:\Program Files\Java\jdk-17\bin\instrument.dll
0x00007ffc53c90000 - 0x00007ffc53cb5000 	C:\Program Files\Java\jdk-17\bin\java.dll
0x00007ffc4afe0000 - 0x00007ffc4b0b7000 	C:\Program Files\Java\jdk-17\bin\jsvml.dll
0x00007ffc9f9d0000 - 0x00007ffca022f000 	C:\WINDOWS\System32\SHELL32.dll
0x00007ffc9b6f0000 - 0x00007ffc9bfec000 	C:\WINDOWS\SYSTEM32\windows.storage.dll
0x00007ffc9b5b0000 - 0x00007ffc9b6ef000 	C:\WINDOWS\SYSTEM32\wintypes.dll
0x00007ffc9e310000 - 0x00007ffc9e404000 	C:\WINDOWS\System32\SHCORE.dll
0x00007ffc9f110000 - 0x00007ffc9f16e000 	C:\WINDOWS\System32\shlwapi.dll
0x00007ffc9d6d0000 - 0x00007ffc9d6f1000 	C:\WINDOWS\SYSTEM32\profapi.dll
0x00007ffc65710000 - 0x00007ffc65728000 	C:\Program Files\Java\jdk-17\bin\zip.dll
0x00007ffc65aa0000 - 0x00007ffc65ab9000 	C:\Program Files\Java\jdk-17\bin\net.dll
0x00007ffc99f90000 - 0x00007ffc9a0c6000 	C:\WINDOWS\SYSTEM32\WINHTTP.dll
0x00007ffc9cc40000 - 0x00007ffc9cca9000 	C:\WINDOWS\system32\mswsock.dll
0x00007ffc69400000 - 0x00007ffc69416000 	C:\Program Files\Java\jdk-17\bin\nio.dll
0x00007ffc77610000 - 0x00007ffc77620000 	C:\Program Files\Java\jdk-17\bin\verify.dll
0x00007ffc774e0000 - 0x00007ffc77507000 	C:\Users\pc\gradle-8.5\bin\native\c067742578af261105cb4f569cf0c3c89f3d7b1fecec35dd04571415982c5e48\windows-amd64\native-platform.dll
0x00007ffc48320000 - 0x00007ffc48464000 	C:\Users\pc\gradle-8.5\bin\native\38dada09dfb8b06ba9b0570ebf7e218e3eb74d4ef43ca46872605cf95ebc2f47\windows-amd64\native-platform-file-events.dll
0x00007ffc6f700000 - 0x00007ffc6f70a000 	C:\Program Files\Java\jdk-17\bin\management.dll
0x00007ffc6f1f0000 - 0x00007ffc6f1fb000 	C:\Program Files\Java\jdk-17\bin\management_ext.dll
0x00007ffc9cea0000 - 0x00007ffc9cebb000 	C:\WINDOWS\SYSTEM32\CRYPTSP.dll
0x00007ffc9c730000 - 0x00007ffc9c765000 	C:\WINDOWS\system32\rsaenh.dll
0x00007ffc9cd40000 - 0x00007ffc9cd68000 	C:\WINDOWS\SYSTEM32\USERENV.dll
0x00007ffc9cec0000 - 0x00007ffc9cecc000 	C:\WINDOWS\SYSTEM32\CRYPTBASE.dll
0x00007ffc9c2e0000 - 0x00007ffc9c30d000 	C:\WINDOWS\SYSTEM32\IPHLPAPI.DLL
0x00007ffc9f030000 - 0x00007ffc9f039000 	C:\WINDOWS\System32\NSI.dll
0x00007ffc99da0000 - 0x00007ffc99db9000 	C:\WINDOWS\SYSTEM32\dhcpcsvc6.DLL
0x00007ffc99cb0000 - 0x00007ffc99ccf000 	C:\WINDOWS\SYSTEM32\dhcpcsvc.DLL
0x00007ffc9c310000 - 0x00007ffc9c408000 	C:\WINDOWS\SYSTEM32\DNSAPI.dll
0x00007ffc6eea0000 - 0x00007ffc6eeae000 	C:\Program Files\Java\jdk-17\bin\sunmscapi.dll
0x00007ffc9d8c0000 - 0x00007ffc9da27000 	C:\WINDOWS\System32\CRYPT32.dll
0x00007ffc9d060000 - 0x00007ffc9d08e000 	C:\WINDOWS\SYSTEM32\ncrypt.dll
0x00007ffc9d020000 - 0x00007ffc9d057000 	C:\WINDOWS\SYSTEM32\NTASN1.dll
0x00007ffc6e000000 - 0x00007ffc6e008000 	C:\WINDOWS\system32\wshunix.dll
0x00007ffc464b0000 - 0x00007ffc464c7000 	C:\WINDOWS\system32\napinsp.dll
0x00007ffc46490000 - 0x00007ffc464ab000 	C:\WINDOWS\system32\pnrpnsp.dll
0x00007ffc46470000 - 0x00007ffc46481000 	C:\WINDOWS\System32\winrnr.dll
0x00007ffc663d0000 - 0x00007ffc663e5000 	C:\WINDOWS\system32\wshbth.dll
0x00007ffc46690000 - 0x00007ffc466b7000 	C:\WINDOWS\system32\nlansp_c.dll
0x00007ffc96710000 - 0x00007ffc9671a000 	C:\Windows\System32\rasadhlp.dll
0x00007ffc98a10000 - 0x00007ffc98a93000 	C:\WINDOWS\System32\fwpuclnt.dll
0x00007ffc98cd0000 - 0x00007ffc98d67000 	C:\WINDOWS\system32\apphelp.dll
0x00007ffc9c7f0000 - 0x00007ffc9c824000 	C:\WINDOWS\SYSTEM32\ntmarta.dll

dbghelp: loaded successfully - version: 4.0.5 - missing functions: none
symbol engine: initialized successfully - sym options: 0x614 - pdb path: .;C:\Program Files\Java\jdk-17\bin;C:\WINDOWS\SYSTEM32;C:\WINDOWS\WinSxS\amd64_microsoft.windows.common-controls_6595b64144ccf1df_6.0.22621.3672_none_2713b9d173822955;C:\Program Files\Java\jdk-17\bin\server;C:\Users\pc\gradle-8.5\bin\native\c067742578af261105cb4f569cf0c3c89f3d7b1fecec35dd04571415982c5e48\windows-amd64;C:\Users\pc\gradle-8.5\bin\native\38dada09dfb8b06ba9b0570ebf7e218e3eb74d4ef43ca46872605cf95ebc2f47\windows-amd64

VM Arguments:
jvm_args: -XX:MaxMetaspaceSize=512m --add-opens=java.base/java.util=ALL-UNNAMED --add-opens=java.base/java.lang=ALL-UNNAMED --add-opens=java.base/java.lang.invoke=ALL-UNNAMED --add-opens=java.prefs/java.util.prefs=ALL-UNNAMED --add-opens=java.base/java.nio.charset=ALL-UNNAMED --add-opens=java.base/java.net=ALL-UNNAMED --add-opens=java.base/java.util.concurrent.atomic=ALL-UNNAMED -Xmx2048m -Dfile.encoding=windows-1252 -Duser.country=FR -Duser.language=fr -Duser.variant -javaagent:C:\Users\pc\gradle-8.5\bin\wrapper\dists\gradle-8.5-all\3zlzzgtsutfj0pbojr50n2l7z\gradle-8.5\lib\agents\gradle-instrumentation-agent-8.5.jar 
java_command: org.gradle.launcher.daemon.bootstrap.GradleDaemon 8.5
java_class_path (initial): C:\Users\pc\gradle-8.5\bin\wrapper\dists\gradle-8.5-all\3zlzzgtsutfj0pbojr50n2l7z\gradle-8.5\lib\gradle-launcher-8.5.jar
Launcher Type: SUN_STANDARD

[Global flags]
     intx CICompilerCount                          = 4                                         {product} {ergonomic}
   size_t CompressedClassSpaceSize                 = 436207616                                 {product} {ergonomic}
     uint ConcGCThreads                            = 2                                         {product} {ergonomic}
     uint G1ConcRefinementThreads                  = 8                                         {product} {ergonomic}
   size_t G1HeapRegionSize                         = 1048576                                   {product} {ergonomic}
    uintx GCDrainStackTargetSize                   = 64                                        {product} {ergonomic}
   size_t InitialHeapSize                          = 130023424                                 {product} {ergonomic}
   size_t MarkStackSize                            = 4194304                                   {product} {ergonomic}
   size_t MaxHeapSize                              = 2147483648                                {product} {command line}
   size_t MaxMetaspaceSize                         = 536870912                                 {product} {command line}
   size_t MaxNewSize                               = 1287651328                                {product} {ergonomic}
   size_t MinHeapDeltaBytes                        = 1048576                                   {product} {ergonomic}
   size_t MinHeapSize                              = 8388608                                   {product} {ergonomic}
    uintx NonNMethodCodeHeapSize                   = 5839372                                {pd product} {ergonomic}
    uintx NonProfiledCodeHeapSize                  = 122909434                              {pd product} {ergonomic}
    uintx ProfiledCodeHeapSize                     = 122909434                              {pd product} {ergonomic}
    uintx ReservedCodeCacheSize                    = 251658240                              {pd product} {ergonomic}
     bool SegmentedCodeCache                       = true                                      {product} {ergonomic}
   size_t SoftMaxHeapSize                          = 2147483648                             {manageable} {ergonomic}
     bool UseCompressedClassPointers               = true                           {product lp64_product} {ergonomic}
     bool UseCompressedOops                        = true                           {product lp64_product} {ergonomic}
     bool UseG1GC                                  = true                                      {product} {ergonomic}
     bool UseLargePagesIndividualAllocation        = false                                  {pd product} {ergonomic}

Logging:
Log output configuration:
 #0: stdout all=warning uptime,level,tags
 #1: stderr all=off uptime,level,tags

Environment Variables:
JAVA_HOME=C:\Program Files\Java\jdk-17\
CLASSPATH=C:\Users\pc\AgendACDR\android\\gradle\wrapper\gradle-wrapper.jar
PATH=C:\Users\pc\AgendACDR\node_modules\.bin;C:\Users\pc\node_modules\.bin;C:\Users\node_modules\.bin;C:\node_modules\.bin;C:\Users\pc\.npm\node_modules\npm\node_modules\@npmcli\run-script\lib\node-gyp-bin;C:\Program Files\Microsoft\jdk-17.0.11.9-hotspot\bin;C:\Program Files\Common Files\Oracle\Java\javapath;C:\Program Files (x86)\Common Files\Oracle\Java\javapath;C:\WINDOWS\system32;C:\WINDOWS;C:\WINDOWS\System32\Wbem;C:\WINDOWS\System32\WindowsPowerShell\v1.0\;C:\WINDOWS\System32\OpenSSH\;C:\Program Files\Java\jdk-21\bin;C:\Program Files\Java\jdk-17\bin;C:\Program Files\OpenSSL-Win64\bin;C:\Users\pc\gradle-8.6\bin;C:\Program Files\MySQL\MySQL Server 8.0\bin;C:\ProgramData\chocolatey\bin;C:\Windows\System32\lib;C:\Program Files\Git\cmd;C:\Program Files\nodejs\;C:\Users\pc\AppData\Local\Android\android_sdk\cmdline-tools\latest\bin;C:\Users\pc\AppData\Local\Android\android_sdk\platform-tools;C:\Users\pc\AppData\Local\Android\android_sdk\tools;C:\Users\pc\AppData\Local\Android\android_sdk\tools\bin;C:\Program Files\Microsoft\jdk-17.0.11.9-hotspot\bin;C:\Program Files\Common Files\Oracle\Java\javapath;C:\Program Files (x86)\Common Files\Oracle\Java\javapath;C:\WINDOWS\system32;C:\WINDOWS;C:\WINDOWS\System32\Wbem;C:\WINDOWS\System32\WindowsPowerShell\v1.0\;C:\WINDOWS\System32\OpenSSH\;C:\Program Files\Java\jdk-21\bin;C:\Program Files\Java\jdk-17\bin;C:\Program Files\OpenSSL-Win64\bin;C:\Users\pc\gradle-8.6\bin;C:\Program Files\MySQL\MySQL Server 8.0\bin;C:\ProgramData\chocolatey\bin;C:\Windows\System32\lib;C:\Program Files\Git\cmd;C:\Program Files\nodejs\;C:\Users\pc\AppData\Local\Android\android_sdk\cmdline-tools\latest\bin;C:\Users\pc\AppData\Local\Android\android_sdk\platform-tools;C:\Program Files\MySQL\MySQL Shell 8.0\bin\;C:\Users\pc\AppData\Local\Programs\Python\Python312\Scripts\;C:\Users\pc\AppData\Local\Programs\Python\Python312\;C:\Users\pc\AppData\Local\Microsoft\WindowsApps;C:\Users\pc\AppData\Local\Programs\Microsoft VS Code\bin;C:\Users\pc\AppData\Roaming\np
USERNAME=pc
LANG=en_US.UTF-8
OS=Windows_NT
PROCESSOR_IDENTIFIER=Intel64 Family 6 Model 140 Stepping 1, GenuineIntel



---------------  S Y S T E M  ---------------

OS:
 Windows 11 , 64 bit Build 22621 (10.0.22621.3672)
OS uptime: 0 days 22:32 hours

CPU: total 8 (initial active 8) (4 cores per cpu, 2 threads per core) family 6 model 140 stepping 1 microcode 0xac, cx8, cmov, fxsr, ht, mmx, 3dnowpref, sse, sse2, sse3, ssse3, sse4.1, sse4.2, popcnt, lzcnt, tsc, tscinvbit, avx, avx2, aes, erms, clmul, bmi1, bmi2, adx, avx512f, avx512dq, avx512cd, avx512bw, avx512vl, sha, fma, vzeroupper, avx512_vpopcntdq, avx512_vpclmulqdq, avx512_vaes, avx512_vnni, clflush, clflushopt, clwb, avx512_vbmi2, avx512_vbmi

Memory: 4k page, system-wide physical 7932M (13M free)
TotalPageFile size 19533M (AvailPageFile size 0M)
current process WorkingSet (physical memory assigned to process): 273M, peak: 313M
current process commit charge ("private bytes"): 570M, peak: 571M

vm_info: Java HotSpot(TM) 64-Bit Server VM (17.0.10+11-LTS-240) for windows-amd64 JRE (17.0.10+11-LTS-240), built on Dec 19 2023 21:47:25 by "mach5one" with MS VC++ 17.1 (VS2022)

END.
